=~=~=~=~=~=~=~=~=~=~=~= PuTTY log 2022.11.19 14:33:36 =~=~=~=~=~=~=~=~=~=~=~=
 = 5	7	 outpu= 14
sensor = 59	 output = 14
sensor = 60	 output = 14
sensor = 58	 output = 14
sensor = 56	 output = 13
sensor = 57	 output sensor = 58	 output = 14
sensor = 59	 output = 14
sensor = 58	 output = 14
sensor = 58	 output = 14
sensor = 60	 output = 14
sensor = 59	 output = 14
sensor = 58	 output = 14
sensor = 59	 output = 14
sensor = 59	 output = 14
sensor = 58	 output = 14
sensor = 58	 output = 14
sensor = 58	 output = 14
sensor = 58	 output = 14
sensor = 57	 output = 14
sensor = 59	 output = 14
sensor = 58	 output = 14
sensor = 59	 output = 14
sensor = 58	 output = 14
sensor = 58	 output = 14
sensor = 59	 output = 14
sensor = 59	 output = 14
sensor = 57	 output = 14
sensor = 60	 output = 14
sensor = 58	 output = 14
sensor = 58	 output = 14
sensor = 58	 output = 14
sensor = 59	 output = 14
sensor = 57	 output = 14
sensor = 59	 output = 14
sensor = 58	 output = 14
sensor = 58	 output = 14
sensor = 58	 output = 14
sensor = 58	 output = 14
sensor = 57	 output = 14
sensor = 59	 output = 14
sensor = 59	 output = 14
sensor = 58	 output = 14
sensor = 58	 output = 14
sensor = 58	 output = 14
sensor = 59	 output = 14
sensor = 58	 output = 14
sensor = 58	 output = 14
sensor = 58	 output = 14
sensor = 58	 output = 14
sensor = 59	 output = 14
sensor = 58	 output = 14
sensor = 59	 output = 14
sensor = 58	 output = 14
sensor = 58	 output = 14
sensor = 58	 output = 14
sensor = 57	 output = 14
sensor = 57	 output = 14
sensor = 57	 output = 14
sensor = 54	 output = 13
sensor = 54	 output = 13
sensor = 54	 output = 13
sensor = 56	 output = 13
sensor = 57	 output = 14
sensor = 58	 output = 14
sensor = 58	 output = 14
sensor = 57	 output = 14
sensor = 59	 output = 14
sensor = 58	 output = 14
sensor = 59	 output = 14
sensor = 58	 output = 14
sensor = 58	 output = 14
sensor = 58	 output = 14
sensor = 58	 output = 14
sensor = 60	 output = 14
sensor = 59	 output = 14
sensor = 58	 output = 14
sensor = 57	 output = 14
sensor = 58	 output = 14
sensor = 58	 output = 14
sensor = 58	 output = 14
sensor = 58	 output = 14
sensor = 59	 output = 14
sensor = 59	 output = 14
sensor = 59	 output = 14
sensor = 59	 output = 14
sensor = 57	 output = 14
sensor = 59	 output = 14
sensor = 59	 output = 14
sensor = 58	 output = 14
sensor = 59	 output = 14
sensor = 58	 output = 14
sensor = 59	 output = 14
sensor = 58	 output = 14
sensor = 58	 output = 14
sensor = 58	 output = 14
sensor = 59	 output = 14
sensor = 58	 output = 14
sensor = 58	 output = 14
sensor = 59	 output = 14
sensor = 57	 output = 14
sensor = 59	 output = 14
sensor = 58	 output = 14
sensor = 58	 output = 14
sensor = 57	 output = 14
sensor = 59	 output = 14
sensor = 58	 output = 14
sensor = 57	 output = 14
sensor = 58	 output = 14
sensor = 59	 output = 14
sensor = 59	 output = 14
sensor = 60	 output = 14
sensor = 59	 output = 14
sensor = 58	 output = 14
sensor = 58	 output = 14
sensor = 59	 output = 14
sensor = 58	 output = 14
sensor = 58	 output = 14
sensor = 58	 output = 14
sensor = 59	 output = 14
sensor = 59	 output = 14
sensor = 59	 output = 14
sensor = 59	 output = 14
sensor = 59	 output = 14
sensor = 58	 output = 14
sensor = 59	 output = 14
sensor = 58	 output = 14
sensor = 58	 output = 14
sensor = 58	 output = 14
sensor = 58	 output = 14
sensor = 58	 output = 14
sensor = 58	 output = 14
sensor = 58	 output = 14
sensor = 59	 output = 14
sensor = 58	 output = 14
sensor = 60	 output = 14
sensor = 58	 output = 14
sensor = 71	 output = 17
sensor = 131	 output = 32
sensor = 219	 output = 54
sensor = 276	 output = 68
sensor = 401	 output = 99
sensor = 588	 output = 146
sensor = 608	 output = 151
sensor = 637	 output = 158
sensor = 637	 output = 158
sensor = 636	 output = 158
sensor = 580	 output = 144
sensor = 605	 output = 150
sensor = 616	 output = 153
sensor = 637	 output = 158
sensor = 637	 output = 158
sensor = 637	 output = 158
sensor = 627	 output = 156
sensor = 609	 output = 151
sensor = 636	 output = 158
sensor = 635	 output = 158
sensor = 549	 output = 136
sensor = 569	 output = 141
sensor = 581	 output = 144
sensor = 596	 output = 148
sensor = 636	 output = 158
sensor = 636	 output = 158
sensor = 636	 output = 158
sensor = 593	 output = 147
sensor = 547	 output = 136
sensor = 580	 output = 144
sensor = 547	 output = 136
sensor = 582	 output = 145
sensor = 544	 output = 135
sensor = 460	 output = 114
sensor = 492	 output = 122
sensor = 423	 output = 105
sensor = 393	 output = 97
sensor = 418	 output = 104
sensor = 479	 output = 119
sensor = 417	 output = 103
sensor = 404	 output = 100
sensor = 451	 output = 112
sensor = 446	 output = 111
sensor = 466	 output = 116
sensor = 462	 output = 115
sensor = 423	 output = 105
sensor = 435	 output = 108
sensor = 393	 output = 97
sensor = 427	 output = 106
sensor = 465	 output = 115
sensor = 467	 output = 116
sensor = 414	 output = 103
sensor = 445	 output = 110
sensor = 452	 output = 112
sensor = 434	 output = 108
sensor = 466	 output = 116
sensor = 441	 output = 109
sensor = 411	 output = 102
sensor = 503	 output = 125
sensor = 414	 output = 103
sensor = 509	 output = 126
sensor = 490	 output = 122
sensor = 445	 output = 110
sensor = 406	 output = 101
sensor = 324	 output = 80
sensor = 281	 output = 70
sensor = 252	 output = 62
sensor = 232	 output = 57
sensor = 179	 output = 44
sensor = 143	 output = 35
sensor = 124	 output = 30
sensor = 113	 output = 28
sensor = 94	 output = 23
sensor = 81	 output = 20
sensor = 72	 output = 17
sensor = 68	 output = 16
sensor = 62	 output = 15
sensor = 59	 output = 14
sensor = 58	 output = 14
sensor = 58	 output = 14
sensor = 56	 output = 13
sensor = 56	 output = 13
sensor = 51	 output = 12
sensor = 52	 output = 12
sensor = 49	 output = 12
sensor = 51	 output = 12
sensor = 53	 output = 13
sensor = 55	 output = 13
sensor = 55	 output = 13
sensor = 55	 output = 13
sensor = 54	 output = 13
sensor = 56	 output = 13
sensor = 56	 output = 13
sensor = 57	 output = 14
sensor = 56	 output = 13
sensor = 58	 output = 14
sensor = 58	 output = 14
sensor = 57	 output = 14
sensor = 57	 output = 14
sensor = 58	 output = 14
sensor = 58	 output = 14
sensor = 58	 output = 14
sensor = 58	 output = 14
sensor = 58	 output = 14
sensor = 59	 output = 14
sensor = 58	 output = 14
sensor = 59	 output = 14
sensor = 59	 output = 14
sensor = 59	 output = 14
sensor = 59	 output = 14
sensor = 60	 output = 14
sensor = 59	 output = 14
sensor = 58	 output = 14
sensor = 59	 output = 14
sensor = 59	 output = 14
sensor = 59	 output = 14
sensor = 59	 output = 14
sensor = 59	 output = 14
sensor = 59	 output = 14
sensor = 58	 output = 14
sensor = 59	 output = 14
sensor = 59	 output = 14
sensor = 58	 output = 14
sensor = 58	 output = 14
sensor = 57	 output = 14
sensor = 56	 output = 13
sensor = 56	 output = 13
sensor = 56	 output = 13
sensor = 56	 output = 13
sensor = 56	 output = 13
sensor = 57	 output = 14
sensor = 57	 output = 14
sensor = 54	 output = 13
sensor = 53	 output = 13
sensor = 54	 output = 13
sensor = 53	 output = 13
sensor = 54	 output = 13
sensor = 52	 output = 12
sensor = 51	 output = 12
sensor = 52	 output = 12
sensor = 52	 output = 12
sensor = 52	 output = 12
sensor = 53	 output = 13
sensor = 51	 output = 12
sensor = 51	 output = 12
sensor = 52	 output = 12
sensor = 54	 output = 13
sensor = 52	 output = 12
sensor = 51	 output = 12
sensor = 52	 output = 12
sensor = 54	 output = 13
sensor = 53	 output = 13
sensor = 54	 output = 13
sensor = 53	 output = 13
sensor = 54	 output = 13
sensor = 54	 output = 13
sensor = 54	 output = 13
sensor = 57	 output = 14
sensor = 57	 output = 14
sensor = 58	 output = 14
sensor = 57	 output = 14
sensor = 58	 output = 14
sensor = 57	 output = 14
sensor = 57	 output = 14
sensor = 60	 output = 14
sensor = 58	 output = 14
sensor = 57	 output = 14
sensor = 57	 output = 14
sensor = 58	 output = 14
sensor = 58	 output = 14
sensor = 58	 output = 14
sensor = 59	 output = 14
sensor = 59	 output = 14
sensor = 59	 output = 14
sensor = 59	 output = 14
sensor = 56	 output = 13
sensor = 57	 output = 14
sensor = 54	 output = 13
sensor = 56	 output = 13
sensor = 57	 output = 14
sensor = 56	 output = 13
sensor = 56	 output = 13
sensor = 58	 output = 14
sensor = 57	 output = 14
sensor = 57	 output = 14
sensor = 58	 output = 14
sensor = 58	 output = 14
sensor = 57	 output = 14
sensor = 58	 output = 14
sensor = 58	 output = 14
sensor = 59	 output = 14
sensor = 58	 output = 14
sensor = 58	 output = 14
sensor = 58	 output = 14
sensor = 58	 output = 14
sensor = 58	 output = 14
sensor = 57	 output = 14
sensor = 58	 output = 14
sensor = 58	 output = 14
sensor = 57	 output = 14
sensor = 59	 output = 14
sensor = 58	 output = 14
sensor = 58	 output = 14
sensor = 59	 output = 14
sensor = 58	 output = 14
sensor = 59	 output = 14
sensor = 59	 output = 14
sensor = 58	 output = 14
sensor = 58	 output = 14
sensor = 58	 output = 14
sensor = 58	 output = 14
sensor = 59	 output = 14
sensor = 58	 output = 14
sensor = 56	 output = 13
sensor = 56	 output = 13
sensor = 57	 output = 14
sensor = 58	 output = 14
sensor = 57	 output = 14
sensor = 58	 output = 14
sensor = 59	 output = 14
sensor = 58	 output = 14
sensor = 59	 output = 14
sensor = 59	 output = 14
sensor = 59	 output = 14
sensor = 58	 output = 14
sensor = 56	 output = 13
sensor = 55	 output = 13
sensor = 54	 output = 13
sensor = 55	 output = 13
sensor = 55	 output = 13
sensor = 55	 output = 13
sensor = 72	 output = 17
sensor = 71	 output = 17
sensor = 88	 output = 21
sensor = 136	 output = 33
sensor = 239	 output = 59
sensor = 379	 output = 94
sensor = 562	 output = 140
sensor = 570	 output = 142
sensor = 635	 output = 158
sensor = 636	 output = 158
sensor = 638	 output = 159
sensor = 638	 output = 159
sensor = 638	 output = 159
sensor = 637	 output = 158
sensor = 637	 output = 158
sensor = 638	 output = 159
sensor = 637	 output = 158
sensor = 636	 output = 158
sensor = 636	 output = 158
sensor = 637	 output = 158
sensor = 636	 output = 158
sensor = 637	 output = 158
sensor = 638	 output = 159
sensor = 637	 output = 158
sensor = 628	 output = 156
sensor = 636	 output = 158
sensor = 638	 output = 159
sensor = 636	 output = 158
sensor = 629	 output = 156
sensor = 638	 output = 159
sensor = 637	 output = 158
sensor = 636	 output = 158
sensor = 596	 output = 148
sensor = 636	 output = 158
sensor = 580	 output = 144
sensor = 632	 output = 157
sensor = 533	 output = 132
sensor = 493	 output = 122
sensor = 446	 output = 111
sensor = 520	 output = 129
sensor = 542	 output = 135
sensor = 466	 output = 116
sensor = 514	 output = 128
sensor = 444	 output = 110
sensor = 509	 output = 126
sensor = 501	 output = 124
sensor = 426	 output = 106
sensor = 597	 output = 148
sensor = 491	 output = 122
sensor = 565	 output = 140
sensor = 526	 output = 131
sensor = 431	 output = 107
sensor = 374	 output = 93
sensor = 379	 output = 94
sensor = 378	 output = 94
sensor = 416	 output = 103
sensor = 373	 output = 92
sensor = 456	 output = 113
sensor = 415	 output = 103
sensor = 385	 output = 95
sensor = 362	 output = 90
sensor = 380	 output = 94
sensor = 359	 output = 89
sensor = 334	 output = 83
sensor = 338	 output = 84
sensor = 389	 output = 96
sensor = 380	 output = 94
sensor = 398	 output = 99
sensor = 545	 output = 135
sensor = 519	 output = 129
sensor = 508	 output = 126
sensor = 481	 output = 119
sensor = 525	 output = 130
sensor = 546	 output = 136
sensor = 637	 output = 158
sensor = 547	 output = 136
sensor = 481	 output = 119
sensor = 349	 output = 86
sensor = 260	 output = 64
sensor = 200	 output = 49
sensor = 153	 output = 38
sensor = 122	 output = 30
sensor = 98	 output = 24
sensor = 83	 output = 20
sensor = 75	 output = 18
sensor = 70	 output = 17
sensor = 66	 output = 16
sensor = 68	 output = 16
sensor = 64	 output = 15
sensor = 64	 output = 15
sensor = 62	 output = 15
sensor = 60	 output = 14
sensor = 60	 output = 14
sensor = 57	 output = 14
sensor = 55	 output = 13
sensor = 53	 output = 13
sensor = 54	 output = 13
sensor = 53	 output = 13
sensor = 54	 output = 13
sensor = 54	 output = 13
sensor = 55	 output = 13
sensor = 53	 output = 13
sensor = 55	 output = 13
sensor = 55	 output = 13
sensor = 56	 output = 13
sensor = 55	 output = 13
sensor = 55	 output = 13
sensor = 56	 output = 13
sensor = 57	 output = 14
sensor = 55	 output = 13
sensor = 58	 output = 14
sensor = 57	 output = 14
sensor = 58	 output = 14
sensor = 59	 output = 14
sensor = 58	 output = 14
sensor = 57	 output = 14
sensor = 57	 output = 14
sensor = 58	 output = 14
sensor = 57	 output = 14
sensor = 56	 output = 13
sensor = 57	 output = 14
sensor = 58	 output = 14
sensor = 57	 output = 14
sensor = 57	 output = 14
sensor = 56	 output = 13
sensor = 55	 output = 13
sensor = 57	 output = 14
sensor = 55	 output = 13
sensor = 57	 output = 14
sensor = 57	 output = 14
sensor = 57	 output = 14
sensor = 55	 output = 13
sensor = 55	 output = 13
sensor = 54	 output = 13
sensor = 53	 output = 13
sensor = 53	 output = 13
sensor = 53	 output = 13
sensor = 53	 output = 13
sensor = 54	 output = 13
sensor = 54	 output = 13
sensor = 52	 output = 12
sensor = 52	 output = 12
sensor = 52	 output = 12
sensor = 51	 output = 12
sensor = 54	 output = 13
sensor = 54	 output = 13
sensor = 56	 output = 13
sensor = 58	 output = 14
sensor = 57	 output = 14
sensor = 56	 output = 13
sensor = 54	 output = 13
sensor = 54	 output = 13
sensor = 53	 output = 13
sensor = 53	 output = 13
sensor = 53	 output = 13
sensor = 52	 output = 12
sensor = 52	 output = 12
sensor = 52	 output = 12
sensor = 51	 output = 12
sensor = 50	 output = 12
sensor = 49	 output = 12
sensor = 50	 output = 12
sensor = 53	 output = 13
sensor = 53	 output = 13
sensor = 53	 output = 13
sensor = 53	 output = 13
sensor = 52	 output = 12
sensor = 53	 output = 13
sensor = 53	 output = 13
sensor = 55	 output = 13
sensor = 56	 output = 13
sensor = 55	 output = 13
sensor = 53	 output = 13
sensor = 53	 output = 13
sensor = 52	 output = 12
sensor = 54	 output = 13
sensor = 52	 output = 12
sensor = 52	 output = 12
sensor = 53	 output = 13
sensor = 54	 output = 13
sensor = 54	 output = 13
sensor = 53	 output = 13
sensor = 51	 output = 12
sensor = 50	 output = 12
sensor = 51	 output = 12
sensor = 52	 output = 12
sensor = 54	 output = 13
sensor = 54	 output = 13
sensor = 57	 output = 14
sensor = 57	 output = 14
sensor = 56	 output = 13
sensor = 56	 output = 13
sensor = 56	 output = 13
sensor = 55	 output = 13
sensor = 56	 output = 13
sensor = 57	 output = 14
sensor = 57	 output = 14
sensor = 59	 output = 14
sensor = 56	 output = 13
sensor = 56	 output = 13
sensor = 56	 output = 13
sensor = 53	 output = 13
sensor = 52	 output = 12
sensor = 53	 output = 13
sensor = 51	 output = 12
sensor = 53	 output = 13
sensor = 52	 output = 12
sensor = 53	 output = 13
sensor = 52	 output = 12
sensor = 51	 output = 12
sensor = 51	 output = 12
sensor = 51	 output = 12
sensor = 53	 output = 13
sensor = 54	 output = 13
sensor = 55	 output = 13
sensor = 53	 output = 13
sensor = 53	 output = 13
sensor = 51	 output = 12
sensor = 54	 output = 13
sensor = 55	 output = 13
sensor = 56	 output = 13
sensor = 56	 output = 13
sensor = 54	 output = 13
sensor = 55	 output = 13
sensor = 56	 output = 13
sensor = 55	 output = 13
sensor = 55	 output = 13
sensor = 54	 output = 13
sensor = 51	 output = 12
sensor = 50	 output = 12
sensor = 50	 output = 12
sensor = 51	 output = 12
sensor = 51	 output = 12
sensor = 51	 output = 12
sensor = 51	 output = 12
sensor = 49	 output = 12
sensor = 49	 output = 12
sensor = 50	 output = 12
sensor = 51	 output = 12
sensor = 50	 output = 12
sensor = 49	 output = 12
sensor = 50	 output = 12
sensor = 51	 output = 12
sensor = 53	 output = 13
sensor = 52	 output = 12
sensor = 52	 output = 12
sensor = 66	 output = 16
sensor = 89	 output = 22
sensor = 124	 output = 30
sensor = 213	 output = 53
sensor = 317	 output = 79
sensor = 431	 output = 107
sensor = 438	 output = 109
sensor = 512	 output = 127
sensor = 561	 output = 139
sensor = 637	 output = 158
sensor = 604	 output = 150
sensor = 579	 output = 144
sensor = 597	 output = 148
sensor = 594	 output = 148
sensor = 627	 output = 156
sensor = 538	 output = 134
sensor = 558	 output = 139
sensor = 491	 output = 122
sensor = 508	 output = 126
sensor = 548	 output = 136
sensor = 594	 output = 148
sensor = 564	 output = 140
sensor = 577	 output = 143
sensor = 600	 output = 149
sensor = 621	 output = 154
sensor = 582	 output = 145
sensor = 521	 output = 129
sensor = 601	 output = 149
sensor = 623	 output = 155
sensor = 628	 output = 156
sensor = 523	 output = 130
sensor = 556	 output = 138
sensor = 520	 output = 129
sensor = 475	 output = 118
sensor = 463	 output = 115
sensor = 429	 output = 106
sensor = 436	 output = 108
sensor = 402	 output = 100
sensor = 474	 output = 118
sensor = 425	 output = 105
sensor = 462	 output = 115
sensor = 423	 output = 105
sensor = 472	 output = 117
sensor = 483	 output = 120
sensor = 407	 output = 101
sensor = 394	 output = 98
sensor = 351	 output = 87
sensor = 392	 output = 97
sensor = 402	 output = 100
sensor = 327	 output = 81
sensor = 392	 output = 97
sensor = 366	 output = 91
sensor = 330	 output = 82
sensor = 344	 output = 85
sensor = 397	 output = 98
sensor = 410	 output = 102
sensor = 375	 output = 93
sensor = 390	 output = 97
sensor = 370	 output = 92
sensor = 395	 output = 98
sensor = 347	 output = 86
sensor = 349	 output = 86
sensor = 327	 output = 81
sensor = 363	 output = 90
sensor = 333	 output = 83
sensor = 290	 output = 72
sensor = 256	 output = 63
sensor = 193	 output = 48
sensor = 152	 output = 37
sensor = 125	 output = 31
sensor = 103	 output = 25
sensor = 86	 output = 21
sensor = 81	 output = 20
sensor = 73	 output = 18
sensor = 70	 output = 17
sensor = 66	 output = 16
sensor = 63	 output = 15
sensor = 64	 output = 15
sensor = 62	 output = 15
sensor = 62	 output = 15
sensor = 60	 output = 14
sensor = 60	 output = 14
sensor = 59	 output = 14
sensor = 57	 output = 14
sensor = 56	 output = 13
sensor = 55	 output = 13
sensor = 54	 output = 13
sensor = 53	 output = 13
sensor = 51	 output = 12
sensor = 51	 output = 12
sensor = 51	 output = 12
sensor = 54	 output = 13
sensor = 55	 output = 13
sensor = 56	 output = 13
sensor = 57	 output = 14
sensor = 56	 output = 13
sensor = 54	 output = 13
sensor = 55	 output = 13
sensor = 53	 output = 13
sensor = 54	 output = 13
sensor = 53	 output = 13
sensor = 54	 output = 13
sensor = 55	 output = 13
sensor = 56	 output = 13
sensor = 55	 output = 13
sensor = 56	 output = 13
sensor = 56	 output = 13
sensor = 56	 output = 13
sensor = 57	 output = 14
sensor = 57	 output = 14
sensor = 57	 output = 14
sensor = 58	 output = 14
sensor = 59	 output = 14
sensor = 58	 output = 14
sensor = 59	 output = 14
sensor = 58	 output = 14
sensor = 57	 output = 14
sensor = 58	 output = 14
sensor = 58	 output = 14
sensor = 58	 output = 14
sensor = 58	 output = 14
sensor = 59	 output = 14
sensor = 58	 output = 14
sensor = 58	 output = 14
sensor = 57	 output = 14
sensor = 57	 output = 14
sensor = 57	 output = 14
sensor = 55	 output = 13
sensor = 57	 output = 14
sensor = 57	 output = 14
sensor = 57	 output = 14
sensor = 57	 output = 14
sensor = 58	 output = 14
sensor = 59	 output = 14
sensor = 58	 output = 14
sensor = 58	 output = 14
sensor = 57	 output = 14
sensor = 54	 output = 13
sensor = 54	 output = 13
sensor = 54	 output = 13
sensor = 54	 output = 13
sensor = 54	 output = 13
sensor = 52	 output = 12
sensor = 53	 output = 13
sensor = 53	 output = 13
sensor = 50	 output = 12
sensor = 54	 output = 13
sensor = 54	 output = 13
sensor = 56	 output = 13
sensor = 55	 output = 13
sensor = 56	 output = 13
sensor = 54	 output = 13
sensor = 54	 output = 13
sensor = 53	 output = 13
sensor = 54	 output = 13
sensor = 54	 output = 13
sensor = 53	 output = 13
sensor = 54	 output = 13
sensor = 51	 output = 12
sensor = 49	 output = 12
sensor = 50	 output = 12
sensor = 49	 output = 12
sensor = 52	 output = 12
sensor = 52	 output = 12
sensor = 52	 output = 12
sensor = 54	 output = 13
sensor = 54	 output = 13
sensor = 55	 output = 13
sensor = 57	 output = 14
sensor = 56	 output = 13
sensor = 57	 output = 14
sensor = 57	 output = 14
sensor = 57	 output = 14
sensor = 56	 output = 13
sensor = 56	 output = 13
sensor = 55	 output = 13
sensor = 53	 output = 13
sensor = 54	 output = 13
sensor = 54	 output = 13
sensor = 53	 output = 13
sensor = 52	 output = 12
sensor = 51	 output = 12
sensor = 52	 output = 12
sensor = 51	 output = 12
sensor = 52	 output = 12
sensor = 53	 output = 13
sensor = 53	 output = 13
sensor = 50	 output = 12
sensor = 53	 output = 13
sensor = 51	 output = 12
sensor = 52	 output = 12
sensor = 48	 output = 11
sensor = 52	 output = 12
sensor = 52	 output = 12
sensor = 53	 output = 13
sensor = 52	 output = 12
sensor = 52	 output = 12
sensor = 52	 output = 12
sensor = 52	 output = 12
sensor = 54	 output = 13
sensor = 54	 output = 13
sensor = 54	 output = 13
sensor = 54	 output = 13
sensor = 55	 output = 13
sensor = 53	 output = 13
sensor = 52	 output = 12
sensor = 54	 output = 13
sensor = 54	 output = 13
sensor = 52	 output = 12
sensor = 52	 output = 12
sensor = 51	 output = 12
sensor = 51	 output = 12
sensor = 50	 output = 12
sensor = 49	 output = 12
sensor = 52	 output = 12
sensor = 53	 output = 13
sensor = 51	 output = 12
sensor = 52	 output = 12
sensor = 51	 output = 12
sensor = 53	 output = 13
sensor = 52	 output = 12
sensor = 53	 output = 13
sensor = 52	 output = 12
sensor = 53	 output = 13
sensor = 55	 output = 13
sensor = 54	 output = 13
sensor = 56	 output = 13
sensor = 71	 output = 17
sensor = 111	 output = 27
sensor = 169	 output = 42
sensor = 289	 output = 72
sensor = 406	 output = 101
sensor = 484	 output = 120
sensor = 552	 output = 137
sensor = 518	 output = 129
sensor = 599	 output = 149
sensor = 600	 output = 149
sensor = 552	 output = 137
sensor = 590	 output = 147
sensor = 593	 output = 147
sensor = 567	 output = 141
sensor = 561	 output = 139
sensor = 498	 output = 124
sensor = 446	 output = 111
sensor = 483	 output = 120
sensor = 491	 output = 122
sensor = 623	 output = 155
sensor = 554	 output = 138
sensor = 587	 output = 146
sensor = 566	 output = 141
sensor = 547	 output = 136
sensor = 494	 output = 123
sensor = 477	 output = 118
sensor = 415	 output = 103
sensor = 388	 output = 96
sensor = 435	 output = 108
sensor = 474	 output = 118
sensor = 445	 output = 110
sensor = 460	 output = 114
sensor = 471	 output = 117
sensor = 374	 output = 93
sensor = 369	 output = 91
sensor = 368	 output = 91
sensor = 405	 output = 100
sensor = 436	 output = 108
sensor = 459	 output = 114
sensor = 401	 output = 99
sensor = 404	 output = 100
sensor = 444	 output = 110
sensor = 429	 output = 106
sensor = 487	 output = 121
sensor = 453	 output = 112
sensor = 452	 output = 112
sensor = 409	 output = 101
sensor = 470	 output = 117
sensor = 419	 output = 104
sensor = 369	 output = 91
sensor = 460	 output = 114
sensor = 436	 output = 108
sensor = 485	 output = 120
sensor = 483	 output = 120
sensor = 531	 output = 132
sensor = 497	 output = 123
sensor = 617	 output = 153
sensor = 566	 output = 141
sensor = 542	 output = 135
sensor = 636	 output = 158
sensor = 638	 output = 159
sensor = 634	 output = 158
sensor = 613	 output = 152
sensor = 523	 output = 130
sensor = 620	 output = 154
sensor = 637	 output = 158
sensor = 638	 output = 159
sensor = 585	 output = 145
sensor = 544	 output = 135
sensor = 595	 output = 148
sensor = 585	 output = 145
sensor = 523	 output = 130
sensor = 512	 output = 127
sensor = 419	 output = 104
sensor = 344	 output = 85
sensor = 253	 output = 63
sensor = 192	 output = 47
sensor = 156	 output = 38
sensor = 125	 output = 31
sensor = 105	 output = 26
sensor = 93	 output = 23
sensor = 89	 output = 22
sensor = 81	 output = 20
sensor = 74	 output = 18
sensor = 71	 output = 17
sensor = 71	 output = 17
sensor = 69	 output = 17
sensor = 66	 output = 16
sensor = 63	 output = 15
sensor = 63	 output = 15
sensor = 61	 output = 15
sensor = 60	 output = 14
sensor = 57	 output = 14
sensor = 54	 output = 13
sensor = 52	 output = 12
sensor = 53	 output = 13
sensor = 55	 output = 13
sensor = 54	 output = 13
sensor = 54	 output = 13
sensor = 50	 output = 12
sensor = 49	 output = 12
sensor = 50	 output = 12
sensor = 52	 output = 12
sensor = 54	 output = 13
sensor = 55	 output = 13
sensor = 56	 output = 13
sensor = 57	 output = 14
sensor = 56	 output = 13
sensor = 55	 output = 13
sensor = 55	 output = 13
sensor = 55	 output = 13
sensor = 53	 output = 13
sensor = 52	 output = 12
sensor = 53	 output = 13
sensor = 52	 output = 12
sensor = 50	 output = 12
sensor = 50	 output = 12
sensor = 51	 output = 12
sensor = 54	 output = 13
sensor = 56	 output = 13
sensor = 56	 output = 13
sensor = 57	 output = 14
sensor = 57	 output = 14
sensor = 58	 output = 14
sensor = 56	 output = 13
sensor = 55	 output = 13
sensor = 52	 output = 12
sensor = 51	 output = 12
sensor = 52	 output = 12
sensor = 52	 output = 12
sensor = 54	 output = 13
sensor = 55	 output = 13
sensor = 55	 output = 13
sensor = 56	 output = 13
sensor = 54	 output = 13
sensor = 55	 output = 13
sensor = 53	 output = 13
sensor = 53	 output = 13
sensor = 55	 output = 13
sensor = 55	 output = 13
sensor = 57	 output = 14
sensor = 58	 output = 14
sensor = 58	 output = 14
sensor = 58	 output = 14
sensor = 58	 output = 14
sensor = 58	 output = 14
sensor = 58	 output = 14
sensor = 59	 output = 14
sensor = 58	 output = 14
sensor = 59	 output = 14
sensor = 58	 output = 14
sensor = 58	 output = 14
sensor = 59	 output = 14
sensor = 58	 output = 14
sensor = 58	 output = 14
sensor = 59	 output = 14
sensor = 58	 output = 14
sensor = 58	 output = 14
sensor = 58	 output = 14
sensor = 59	 output = 14
sensor = 57	 output = 14
sensor = 59	 output = 14
sensor = 57	 output = 14
sensor = 56	 output = 13
sensor = 57	 output = 14
sensor = 58	 output = 14
sensor = 57	 output = 14
sensor = 59	 output = 14
sensor = 58	 output = 14
sensor = 57	 output = 14
sensor = 57	 output = 14
sensor = 57	 output = 14
sensor = 59	 output = 14
sensor = 58	 output = 14
sensor = 58	 output = 14
sensor = 57	 output = 14
sensor = 56	 output = 13
sensor = 55	 output = 13
sensor = 57	 output = 14
sensor = 59	 output = 14
sensor = 58	 output = 14
sensor = 58	 output = 14
sensor = 58	 output = 14
sensor = 58	 output = 14
sensor = 56	 output = 13
sensor = 56	 output = 13
sensor = 57	 output = 14
sensor = 57	 output = 14
sensor = 56	 output = 13
sensor = 57	 output = 14
sensor = 57	 output = 14
sensor = 58	 output = 14
sensor = 57	 output = 14
sensor = 58	 output = 14
sensor = 58	 output = 14
sensor = 58	 output = 14
sensor = 58	 output = 14
sensor = 58	 output = 14
sensor = 59	 output = 14
sensor = 58	 output = 14
sensor = 58	 output = 14
sensor = 57	 output = 14
sensor = 57	 output = 14
sensor = 59	 output = 14
sensor = 58	 output = 14
sensor = 57	 output = 14
sensor = 55	 output = 13
sensor = 56	 output = 13
sensor = 57	 output = 14
sensor = 58	 output = 14
sensor = 57	 output = 14
sensor = 58	 output = 14
sensor = 58	 output = 14
sensor = 57	 output = 14
sensor = 59	 output = 14
sensor = 58	 output = 14
sensor = 59	 output = 14
sensor = 58	 output = 14
sensor = 58	 output = 14
sensor = 58	 output = 14
sensor = 59	 output = 14
sensor = 58	 output = 14
sensor = 58	 output = 14
sensor = 57	 output = 14
sensor = 58	 output = 14
sensor = 57	 output = 14
sensor = 57	 output = 14
sensor = 58	 output = 14
sensor = 58	 output = 14
sensor = 57	 output = 14
sensor = 58	 output = 14
sensor = 57	 output = 14
sensor = 59	 output = 14
sensor = 58	 output = 14
sensor = 57	 output = 14
sensor = 58	 output = 14
sensor = 58	 output = 14
sensor = 58	 output = 14
sensor = 59	 output = 14
sensor = 58	 output = 14
sensor = 59	 output = 14
sensor = 59	 output = 14
sensor = 60	 output = 14
sensor = 69	 output = 17
sensor = 73	 output = 18
sensor = 92	 output = 22
sensor = 196	 output = 48
sensor = 331	 output = 82
sensor = 359	 output = 89
sensor = 378	 output = 94
sensor = 497	 output = 123
sensor = 504	 output = 125
sensor = 540	 output = 134
sensor = 529	 output = 131
sensor = 545	 output = 135
sensor = 614	 output = 153
sensor = 638	 output = 159
sensor = 610	 output = 152
sensor = 605	 output = 150
sensor = 572	 output = 142
sensor = 568	 output = 141
sensor = 557	 output = 138
sensor = 480	 output = 119
sensor = 518	 output = 129
sensor = 454	 output = 113
sensor = 444	 output = 110
sensor = 449	 output = 111
sensor = 459	 output = 114
sensor = 508	 output = 126
sensor = 573	 output = 142
sensor = 459	 output = 114
sensor = 493	 output = 122
sensor = 506	 output = 126
sensor = 487	 output = 121
sensor = 461	 output = 114
sensor = 473	 output = 117
sensor = 473	 output = 117
sensor = 464	 output = 115
sensor = 447	 output = 111
sensor = 418	 output = 104
sensor = 401	 output = 99
sensor = 439	 output = 109
sensor = 473	 output = 117
sensor = 450	 output = 112
sensor = 550	 output = 137
sensor = 463	 output = 115
sensor = 462	 output = 115
sensor = 410	 output = 102
sensor = 407	 output = 101
sensor = 351	 output = 87
sensor = 381	 output = 94
sensor = 366	 output = 91
sensor = 307	 output = 76
sensor = 385	 output = 95
sensor = 401	 output = 99
sensor = 388	 output = 96
sensor = 349	 output = 86
sensor = 296	 output = 73
sensor = 301	 output = 75
sensor = 325	 output = 81
sensor = 302	 output = 75
sensor = 337	 output = 84
sensor = 383	 output = 95
sensor = 329	 output = 82
sensor = 340	 output = 84
sensor = 330	 output = 82
sensor = 280	 output = 69
sensor = 228	 output = 56
sensor = 235	 output = 58
sensor = 186	 output = 46
sensor = 240	 output = 59
sensor = 244	 output = 60
sensor = 227	 output = 56
sensor = 253	 output = 63
sensor = 307	 output = 76
sensor = 357	 output = 88
sensor = 366	 output = 91
sensor = 377	 output = 93
sensor = 356	 output = 88
sensor = 355	 output = 88
sensor = 331	 output = 82
sensor = 303	 output = 75
sensor = 300	 output = 74
sensor = 352	 output = 87
sensor = 333	 output = 83
sensor = 294	 output = 73
sensor = 369	 output = 91
sensor = 278	 output = 69
sensor = 224	 output = 55
sensor = 170	 output = 42
sensor = 136	 output = 33
sensor = 112	 output = 27
sensor = 94	 output = 23
sensor = 83	 output = 20
sensor = 74	 output = 18
sensor = 68	 output = 16
sensor = 63	 output = 15
sensor = 62	 output = 15
sensor = 60	 output = 14
sensor = 59	 output = 14
sensor = 59	 output = 14
sensor = 58	 output = 14
sensor = 57	 output = 14
sensor = 53	 output = 13
sensor = 53	 output = 13
sensor = 51	 output = 12
sensor = 53	 output = 13
sensor = 52	 output = 12
sensor = 52	 output = 12
sensor = 52	 output = 12
sensor = 54	 output = 13
sensor = 53	 output = 13
sensor = 52	 output = 12
sensor = 52	 output = 12
sensor = 55	 output = 13
sensor = 55	 output = 13
sensor = 57	 output = 14
sensor = 56	 output = 13
sensor = 58	 output = 14
sensor = 57	 output = 14
sensor = 58	 output = 14
sensor = 57	 output = 14
sensor = 59	 output = 14
sensor = 59	 output = 14
sensor = 58	 output = 14
sensor = 58	 output = 14
sensor = 58	 output = 14
sensor = 58	 output = 14
sensor = 58	 output = 14
sensor = 59	 output = 14
sensor = 59	 output = 14
sensor = 59	 output = 14
sensor = 59	 output = 14
sensor = 59	 output = 14
sensor = 59	 output = 14
sensor = 59	 output = 14
sensor = 59	 output = 14
sensor = 60	 output = 14
sensor = 58	 output = 14
sensor = 58	 output = 14
sensor = 58	 output = 14
sensor = 57	 output = 14
sensor = 59	 output = 14
sensor = 59	 output = 14
sensor = 57	 output = 14
sensor = 58	 output = 14
sensor = 59	 output = 14
sensor = 59	 output = 14
sensor = 57	 output = 14
sensor = 59	 output = 14
sensor = 58	 output = 14
sensor = 58	 output = 14
sensor = 59	 output = 14
sensor = 58	 output = 14
sensor = 58	 output = 14
sensor = 60	 output = 14
sensor = 58	 output = 14
sensor = 58	 output = 14
sensor = 59	 output = 14
sensor = 58	 output = 14
sensor = 59	 output = 14
sensor = 58	 output = 14
sensor = 58	 output = 14
sensor = 58	 output = 14
sensor = 58	 output = 14
sensor = 58	 output = 14
sensor = 58	 output = 14
sensor = 59	 output = 14
sensor = 58	 output = 14
sensor = 59	 output = 14
sensor = 57	 output = 14
sensor = 59	 output = 14
sensor = 58	 output = 14
sensor = 56	 output = 13
sensor = 54	 output = 13
sensor = 53	 output = 13
sensor = 53	 output = 13
sensor = 53	 output = 13
sensor = 54	 output = 13
sensor = 56	 output = 13
sensor = 56	 output = 13
sensor = 55	 output = 13
sensor = 55	 output = 13
sensor = 55	 output = 13
sensor = 55	 output = 13
sensor = 55	 output = 13
sensor = 55	 output = 13
sensor = 54	 output = 13
sensor = 53	 output = 13
sensor = 53	 output = 13
sensor = 55	 output = 13
sensor = 57	 output = 14
sensor = 58	 output = 14
sensor = 57	 output = 14
sensor = 56	 output = 13
sensor = 57	 output = 14
sensor = 56	 output = 13
sensor = 57	 output = 14
sensor = 56	 output = 13
sensor = 58	 output = 14
sensor = 56	 output = 13
sensor = 57	 output = 14
sensor = 57	 output = 14
sensor = 58	 output = 14
sensor = 57	 output = 14
sensor = 57	 output = 14
sensor = 58	 output = 14
sensor = 59	 output = 14
sensor = 57	 output = 14
sensor = 58	 output = 14
sensor = 58	 output = 14
sensor = 56	 output = 13
sensor = 55	 output = 13
sensor = 54	 output = 13
sensor = 53	 output = 13
sensor = 54	 output = 13
sensor = 52	 output = 12
sensor = 53	 output = 13
sensor = 52	 output = 12
sensor = 52	 output = 12
sensor = 52	 output = 12
sensor = 54	 output = 13
sensor = 52	 output = 12
sensor = 51	 output = 12
sensor = 53	 output = 13
sensor = 54	 output = 13
sensor = 57	 output = 14
sensor = 56	 output = 13
sensor = 55	 output = 13
sensor = 55	 output = 13
sensor = 55	 output = 13
sensor = 53	 output = 13
sensor = 52	 output = 12
sensor = 54	 output = 13
sensor = 55	 output = 13
sensor = 56	 output = 13
sensor = 55	 output = 13
sensor = 57	 output = 14
sensor = 56	 output = 13
sensor = 55	 output = 13
sensor = 55	 output = 13
sensor = 56	 output = 13
sensor = 57	 output = 14
sensor = 57	 output = 14
sensor = 59	 output = 14
sensor = 58	 output = 14
sensor = 58	 output = 14
sensor = 58	 output = 14
sensor = 58	 output = 14
sensor = 57	 output = 14
sensor = 58	 output = 14
sensor = 58	 output = 14
sensor = 57	 output = 14
sensor = 59	 output = 14
sensor = 59	 output = 14
sensor = 58	 output = 14
sensor = 59	 output = 14
sensor = 58	 output = 14
sensor = 59	 output = 14
sensor = 58	 output = 14
sensor = 58	 output = 14
sensor = 58	 output = 14
sensor = 59	 output = 14
sensor = 58	 output = 14
sensor = 58	 output = 14
sensor = 59	 output = 14
sensor = 59	 output = 14
sensor = 57	 output = 14
sensor = 59	 output = 14
sensor = 59	 output = 14
sensor = 59	 output = 14
sensor = 59	 output = 14
sensor = 58	 output = 14
sensor = 57	 output = 14
sensor = 59	 output = 14
sensor = 56	 output = 13
sensor = 58	 output = 14
sensor = 57	 output = 14
sensor = 70	 output = 17
sensor = 70	 output = 17
sensor = 83	 output = 20
sensor = 128	 output = 31
sensor = 251	 output = 62
sensor = 329	 output = 82
sensor = 400	 output = 99
sensor = 504	 output = 125
sensor = 607	 output = 151
sensor = 637	 output = 158
sensor = 636	 output = 158
sensor = 637	 output = 158
sensor = 637	 output = 158
sensor = 635	 output = 158
sensor = 624	 output = 155
sensor = 621	 output = 154
sensor = 623	 output = 155
sensor = 620	 output = 154
sensor = 635	 output = 158
sensor = 637	 output = 158
sensor = 637	 output = 158
sensor = 564	 output = 140
sensor = 604	 output = 150
sensor = 495	 output = 123
sensor = 447	 output = 111
sensor = 394	 output = 98
sensor = 506	 output = 126
sensor = 485	 output = 120
sensor = 506	 output = 126
sensor = 569	 output = 141
sensor = 492	 output = 122
sensor = 423	 output = 105
sensor = 436	 output = 108
sensor = 457	 output = 113
sensor = 468	 output = 116
sensor = 478	 output = 119
sensor = 458	 output = 114
sensor = 427	 output = 106
sensor = 489	 output = 121
sensor = 526	 output = 131
sensor = 497	 output = 123
sensor = 419	 output = 104
sensor = 381	 output = 94
sensor = 462	 output = 115
sensor = 426	 output = 106
sensor = 442	 output = 110
sensor = 441	 output = 109
sensor = 393	 output = 97
sensor = 453	 output = 112
sensor = 387	 output = 96
sensor = 373	 output = 92
sensor = 358	 output = 89
sensor = 484	 output = 120
sensor = 425	 output = 105
sensor = 449	 output = 111
sensor = 406	 output = 101
sensor = 408	 output = 101
sensor = 429	 output = 106
sensor = 379	 output = 94
sensor = 403	 output = 100
sensor = 415	 output = 103
sensor = 363	 output = 90
sensor = 382	 output = 95
sensor = 440	 output = 109
sensor = 482	 output = 120
sensor = 496	 output = 123
sensor = 571	 output = 142
sensor = 503	 output = 125
sensor = 510	 output = 127
sensor = 540	 output = 134
sensor = 528	 output = 131
sensor = 533	 output = 132
sensor = 553	 output = 137
sensor = 493	 output = 122
sensor = 433	 output = 107
sensor = 634	 output = 158
sensor = 541	 output = 134
sensor = 525	 output = 130
sensor = 452	 output = 112
sensor = 339	 output = 84
sensor = 245	 output = 61
sensor = 197	 output = 49
sensor = 173	 output = 43
sensor = 141	 output = 35
sensor = 112	 output = 27
sensor = 98	 output = 24
sensor = 85	 output = 21
sensor = 76	 output = 18
sensor = 70	 output = 17
sensor = 67	 output = 16
sensor = 64	 output = 15
sensor = 61	 output = 15
sensor = 61	 output = 15
sensor = 60	 output = 14
sensor = 57	 output = 14
sensor = 56	 output = 13
sensor = 56	 output = 13
sensor = 56	 output = 13
sensor = 55	 output = 13
sensor = 54	 output = 13
sensor = 54	 output = 13
sensor = 55	 output = 13
sensor = 54	 output = 13
sensor = 53	 output = 13
sensor = 58	 output = 14
sensor = 56	 output = 13
sensor = 56	 output = 13
sensor = 56	 output = 13
sensor = 55	 output = 13
sensor = 56	 output = 13
sensor = 57	 output = 14
sensor = 57	 output = 14
sensor = 57	 output = 14
sensor = 58	 output = 14
sensor = 58	 output = 14
sensor = 58	 output = 14
sensor = 58	 output = 14
sensor = 58	 output = 14
sensor = 58	 output = 14
sensor = 57	 output = 14
sensor = 58	 output = 14
sensor = 58	 output = 14
sensor = 59	 output = 14
sensor = 58	 output = 14
sensor = 59	 output = 14
sensor = 59	 output = 14
sensor = 58	 output = 14
sensor = 58	 output = 14
sensor = 60	 output = 14
sensor = 59	 output = 14
sensor = 59	 output = 14
sensor = 58	 output = 14
sensor = 59	 output = 14
sensor = 58	 output = 14
sensor = 59	 output = 14
sensor = 58	 output = 14
sensor = 57	 output = 14
sensor = 57	 output = 14
sensor = 58	 output = 14
sensor = 58	 output = 14
sensor = 58	 output = 14
sensor = 58	 output = 14
sensor = 58	 output = 14
sensor = 57	 output = 14
sensor = 58	 output = 14
sensor = 57	 output = 14
sensor = 59	 output = 14
sensor = 58	 output = 14
sensor = 59	 output = 14
sensor = 58	 output = 14
sensor = 59	 output = 14
sensor = 59	 output = 14
sensor = 59	 output = 14
sensor = 58	 output = 14
sensor = 58	 output = 14
sensor = 58	 output = 14
sensor = 58	 output = 14
sensor = 59	 output = 14
sensor = 59	 output = 14
sensor = 58	 output = 14
sensor = 59	 output = 14
sensor = 58	 output = 14
sensor = 58	 output = 14
sensor = 56	 output = 13
sensor = 58	 output = 14
sensor = 58	 output = 14
sensor = 58	 output = 14
sensor = 58	 output = 14
sensor = 58	 output = 14
sensor = 59	 output = 14
sensor = 58	 output = 14
sensor = 58	 output = 14
sensor = 58	 output = 14
sensor = 58	 output = 14
sensor = 57	 output = 14
sensor = 59	 output = 14
sensor = 58	 output = 14
sensor = 57	 output = 14
sensor = 58	 output = 14
sensor = 58	 output = 14
sensor = 59	 output = 14
sensor = 59	 output = 14
sensor = 58	 output = 14
sensor = 59	 output = 14
sensor = 58	 output = 14
sensor = 57	 output = 14
sensor = 57	 output = 14
sensor = 59	 output = 14
sensor = 58	 output = 14
sensor = 58	 output = 14
sensor = 59	 output = 14
sensor = 58	 output = 14
sensor = 57	 output = 14
sensor = 57	 output = 14
sensor = 57	 output = 14
sensor = 57	 output = 14
sensor = 57	 output = 14
sensor = 68	 output = 16
sensor = 70	 output = 17
sensor = 101	 output = 25
sensor = 109	 output = 27
sensor = 120	 output = 29
sensor = 171	 output = 42
sensor = 292	 output = 72
sensor = 442	 output = 110
sensor = 503	 output = 125
sensor = 564	 output = 140
sensor = 637	 output = 158
sensor = 626	 output = 156
sensor = 636	 output = 158
sensor = 637	 output = 158
sensor = 638	 output = 159
sensor = 637	 output = 158
sensor = 637	 output = 158
sensor = 621	 output = 154
sensor = 630	 output = 157
sensor = 530	 output = 132
sensor = 573	 output = 142
sensor = 612	 output = 152
sensor = 543	 output = 135
sensor = 538	 output = 134
sensor = 585	 output = 145
sensor = 530	 output = 132
sensor = 551	 output = 137
sensor = 491	 output = 122
sensor = 514	 output = 128
sensor = 429	 output = 106
sensor = 539	 output = 134
sensor = 446	 output = 111
sensor = 526	 output = 131
sensor = 444	 output = 110
sensor = 527	 output = 131
sensor = 479	 output = 119
sensor = 536	 output = 133
sensor = 485	 output = 120
sensor = 472	 output = 117
sensor = 522	 output = 130
sensor = 467	 output = 116
sensor = 426	 output = 106
sensor = 452	 output = 112
sensor = 480	 output = 119
sensor = 579	 output = 144
sensor = 494	 output = 123
sensor = 474	 output = 118
sensor = 404	 output = 100
sensor = 400	 output = 99
sensor = 443	 output = 110
sensor = 509	 output = 126
sensor = 480	 output = 119
sensor = 371	 output = 92
sensor = 446	 output = 111
sensor = 447	 output = 111
sensor = 472	 output = 117
sensor = 581	 output = 144
sensor = 556	 output = 138
sensor = 471	 output = 117
sensor = 548	 output = 136
sensor = 490	 output = 122
sensor = 440	 output = 109
sensor = 349	 output = 86
sensor = 264	 output = 65
sensor = 198	 output = 49
sensor = 157	 output = 39
sensor = 130	 output = 32
sensor = 109	 output = 27
sensor = 92	 output = 22
sensor = 81	 output = 20
sensor = 74	 output = 18
sensor = 68	 output = 16
sensor = 64	 output = 15
sensor = 61	 output = 15
sensor = 62	 output = 15
sensor = 69	 output = 17
sensor = 70	 output = 17
sensor = 66	 output = 16
sensor = 63	 output = 15
sensor = 63	 output = 15
sensor = 62	 output = 15
sensor = 60	 output = 14
sensor = 60	 output = 14
sensor = 56	 output = 13
sensor = 55	 output = 13
sensor = 55	 output = 13
sensor = 52	 output = 12
sensor = 52	 output = 12
sensor = 54	 output = 13
sensor = 52	 output = 12
sensor = 52	 output = 12
sensor = 51	 output = 12
sensor = 51	 output = 12
sensor = 53	 output = 13
sensor = 55	 output = 13
sensor = 54	 output = 13
sensor = 56	 output = 13
sensor = 57	 output = 14
sensor = 58	 output = 14
sensor = 58	 output = 14
sensor = 54	 output = 13
sensor = 54	 output = 13
sensor = 54	 output = 13
sensor = 56	 output = 13
sensor = 56	 output = 13
sensor = 57	 output = 14
sensor = 57	 output = 14
sensor = 57	 output = 14
sensor = 58	 output = 14
sensor = 58	 output = 14
sensor = 57	 output = 14
sensor = 56	 output = 13
sensor = 56	 output = 13
sensor = 56	 output = 13
sensor = 56	 output = 13
sensor = 57	 output = 14
sensor = 57	 output = 14
sensor = 56	 output = 13
sensor = 56	 output = 13
sensor = 55	 output = 13
sensor = 56	 output = 13
sensor = 57	 output = 14
sensor = 56	 output = 13
sensor = 57	 output = 14
sensor = 59	 output = 14
sensor = 58	 output = 14
sensor = 57	 output = 14
sensor = 59	 output = 14
sensor = 58	 output = 14
sensor = 59	 output = 14
sensor = 58	 output = 14
sensor = 59	 output = 14
sensor = 58	 output = 14
sensor = 56	 output = 13
sensor = 55	 output = 13
sensor = 57	 output = 14
sensor = 56	 output = 13
sensor = 57	 output = 14
sensor = 58	 output = 14
sensor = 58	 output = 14
sensor = 58	 output = 14
sensor = 59	 output = 14
sensor = 58	 output = 14
sensor = 58	 output = 14
sensor = 57	 output = 14
sensor = 53	 output = 13
sensor = 53	 output = 13
sensor = 57	 output = 14
sensor = 56	 output = 13
sensor = 57	 output = 14
sensor = 58	 output = 14
sensor = 58	 output = 14
sensor = 57	 output = 14
sensor = 58	 output = 14
sensor = 55	 output = 13
sensor = 57	 output = 14
sensor = 58	 output = 14
sensor = 56	 output = 13
sensor = 57	 output = 14
sensor = 59	 output = 14
sensor = 58	 output = 14
sensor = 57	 output = 14
sensor = 57	 output = 14
sensor = 57	 output = 14
sensor = 57	 output = 14
sensor = 58	 output = 14
sensor = 58	 output = 14
sensor = 59	 output = 14
sensor = 59	 output = 14
sensor = 58	 output = 14
sensor = 59	 output = 14
sensor = 59	 output = 14
sensor = 58	 output = 14
sensor = 58	 output = 14
sensor = 59	 output = 14
sensor = 59	 output = 14
sensor = 59	 output = 14
sensor = 58	 output = 14
sensor = 58	 output = 14
sensor = 59	 output = 14
sensor = 58	 output = 14
sensor = 58	 output = 14
sensor = 59	 output = 14
sensor = 58	 output = 14
sensor = 57	 output = 14
sensor = 58	 output = 14
sensor = 58	 output = 14
sensor = 58	 output = 14
sensor = 57	 output = 14
sensor = 57	 output = 14
sensor = 57	 output = 14
sensor = 56	 output = 13
sensor = 55	 output = 13
sensor = 55	 output = 13
sensor = 56	 output = 13
sensor = 57	 output = 14
sensor = 57	 output = 14
sensor = 58	 output = 14
sensor = 57	 output = 14
sensor = 57	 output = 14
sensor = 59	 output = 14
sensor = 58	 output = 14
sensor = 57	 output = 14
sensor = 57	 output = 14
sensor = 58	 output = 14
sensor = 57	 output = 14
sensor = 57	 output = 14
sensor = 57	 output = 14
sensor = 58	 output = 14
sensor = 59	 output = 14
sensor = 62	 output = 15
sensor = 60	 output = 14
sensor = 61	 output = 15
sensor = 60	 output = 14
sensor = 66	 output = 16
sensor = 69	 output = 17
sensor = 94	 output = 23
sensor = 144	 output = 35
sensor = 274	 output = 68
sensor = 385	 output = 95
sensor = 528	 output = 131
sensor = 555	 output = 138
sensor = 611	 output = 152
sensor = 636	 output = 158
sensor = 636	 output = 158
sensor = 635	 output = 158
sensor = 583	 output = 145
sensor = 604	 output = 150
sensor = 601	 output = 149
sensor = 632	 output = 157
sensor = 608	 output = 151
sensor = 613	 output = 152
sensor = 525	 output = 130
sensor = 501	 output = 124
sensor = 585	 output = 145
sensor = 496	 output = 123
sensor = 464	 output = 115
sensor = 385	 output = 95
sensor = 461	 output = 114
sensor = 414	 output = 103
sensor = 439	 output = 109
sensor = 430	 output = 107
sensor = 396	 output = 98
sensor = 454	 output = 113
sensor = 420	 output = 104
sensor = 465	 output = 115
sensor = 411	 output = 102
sensor = 366	 output = 91
sensor = 505	 output = 125
sensor = 485	 output = 120
sensor = 405	 output = 100
sensor = 325	 output = 81
sensor = 301	 output = 75
sensor = 307	 output = 76
sensor = 255	 output = 63
sensor = 278	 output = 69
sensor = 272	 output = 67
sensor = 291	 output = 72
sensor = 385	 output = 95
sensor = 322	 output = 80
sensor = 319	 output = 79
sensor = 263	 output = 65
sensor = 326	 output = 81
sensor = 267	 output = 66
sensor = 316	 output = 78
sensor = 333	 output = 83
sensor = 321	 output = 80
sensor = 329	 output = 82
sensor = 303	 output = 75
sensor = 364	 output = 90
sensor = 299	 output = 74
sensor = 259	 output = 64
sensor = 321	 output = 80
sensor = 306	 output = 76
sensor = 333	 output = 83
sensor = 308	 output = 76
sensor = 297	 output = 74
sensor = 272	 output = 67
sensor = 344	 output = 85
sensor = 339	 output = 84
sensor = 317	 output = 79
sensor = 349	 output = 86
sensor = 275	 output = 68
sensor = 291	 output = 72
sensor = 426	 output = 106
sensor = 401	 output = 99
sensor = 334	 output = 83
sensor = 448	 output = 111
sensor = 395	 output = 98
sensor = 353	 output = 87
sensor = 388	 output = 96
sensor = 355	 output = 88
sensor = 309	 output = 77
sensor = 336	 output = 83
sensor = 304	 output = 75
sensor = 373	 output = 92
sensor = 340	 output = 84
sensor = 362	 output = 90
sensor = 289	 output = 72
sensor = 413	 output = 102
sensor = 379	 output = 94
sensor = 433	 output = 107
sensor = 375	 output = 93
sensor = 419	 output = 104
sensor = 524	 output = 130
sensor = 564	 output = 140
sensor = 530	 output = 132
sensor = 505	 output = 125
sensor = 372	 output = 92
sensor = 276	 output = 68
sensor = 208	 output = 51
sensor = 159	 output = 39
sensor = 127	 output = 31
sensor = 107	 output = 26
sensor = 91	 output = 22
sensor = 80	 output = 19
sensor = 71	 output = 17
sensor = 69	 output = 17
sensor = 62	 output = 15
sensor = 60	 output = 14
sensor = 59	 output = 14
sensor = 58	 output = 14
sensor = 57	 output = 14
sensor = 55	 output = 13
sensor = 56	 output = 13
sensor = 58	 output = 14
sensor = 57	 output = 14
sensor = 58	 output = 14
sensor = 58	 output = 14
sensor = 56	 output = 13
sensor = 55	 output = 13
sensor = 55	 output = 13
sensor = 54	 output = 13
sensor = 54	 output = 13
sensor = 53	 output = 13
sensor = 53	 output = 13
sensor = 54	 output = 13
sensor = 54	 output = 13
sensor = 55	 output = 13
sensor = 56	 output = 13
sensor = 58	 output = 14
sensor = 58	 output = 14
sensor = 57	 output = 14
sensor = 57	 output = 14
sensor = 58	 output = 14
sensor = 58	 output = 14
sensor = 59	 output = 14
sensor = 58	 output = 14
sensor = 58	 output = 14
sensor = 58	 output = 14
sensor = 60	 output = 14
sensor = 59	 output = 14
sensor = 59	 output = 14
sensor = 59	 output = 14
sensor = 58	 output = 14
sensor = 59	 output = 14
sensor = 58	 output = 14
sensor = 58	 output = 14
sensor = 59	 output = 14
sensor = 58	 output = 14
sensor = 59	 output = 14
sensor = 59	 output = 14
sensor = 59	 output = 14
sensor = 57	 output = 14
sensor = 60	 output = 14
sensor = 59	 output = 14
sensor = 59	 output = 14
sensor = 59	 output = 14
sensor = 59	 output = 14
sensor = 58	 output = 14
sensor = 59	 output = 14
sensor = 58	 output = 14
sensor = 58	 output = 14
sensor = 58	 output = 14
sensor = 57	 output = 14
sensor = 58	 output = 14
sensor = 58	 output = 14
sensor = 59	 output = 14
sensor = 58	 output = 14
sensor = 59	 output = 14
sensor = 58	 output = 14
sensor = 57	 output = 14
sensor = 57	 output = 14
sensor = 58	 output = 14
sensor = 59	 output = 14
sensor = 58	 output = 14
sensor = 57	 output = 14
sensor = 57	 output = 14
sensor = 57	 output = 14
sensor = 58	 output = 14
sensor = 59	 output = 14
sensor = 59	 output = 14
sensor = 58	 output = 14
sensor = 58	 output = 14
sensor = 58	 output = 14
sensor = 58	 output = 14
sensor = 58	 output = 14
sensor = 58	 output = 14
sensor = 57	 output = 14
sensor = 57	 output = 14
sensor = 57	 output = 14
sensor = 56	 output = 13
sensor = 58	 output = 14
sensor = 58	 output = 14
sensor = 57	 output = 14
sensor = 58	 output = 14
sensor = 58	 output = 14
sensor = 58	 output = 14
sensor = 57	 output = 14
sensor = 59	 output = 14
sensor = 58	 output = 14
sensor = 59	 output = 14
sensor = 58	 output = 14
sensor = 57	 output = 14
sensor = 57	 output = 14
sensor = 59	 output = 14
sensor = 57	 output = 14
sensor = 57	 output = 14
sensor = 56	 output = 13
sensor = 57	 output = 14
sensor = 58	 output = 14
sensor = 57	 output = 14
sensor = 57	 output = 14
sensor = 60	 output = 14
sensor = 58	 output = 14
sensor = 57	 output = 14
sensor = 56	 output = 13
sensor = 55	 output = 13
sensor = 55	 output = 13
sensor = 57	 output = 14
sensor = 56	 output = 13
sensor = 57	 output = 14
sensor = 57	 output = 14
sensor = 56	 output = 13
sensor = 57	 output = 14
sensor = 57	 output = 14
sensor = 56	 output = 13
sensor = 54	 output = 13
sensor = 53	 output = 13
sensor = 53	 output = 13
sensor = 53	 output = 13
sensor = 53	 output = 13
sensor = 54	 output = 13
sensor = 53	 output = 13
sensor = 54	 output = 13
sensor = 56	 output = 13
sensor = 57	 output = 14
sensor = 58	 output = 14
sensor = 58	 output = 14
sensor = 57	 output = 14
sensor = 58	 output = 14
sensor = 57	 output = 14
sensor = 57	 output = 14
sensor = 58	 output = 14
sensor = 58	 output = 14
sensor = 58	 output = 14
sensor = 70	 output = 17
sensor = 111	 output = 27
sensor = 137	 output = 34
sensor = 216	 output = 53
sensor = 365	 output = 90
sensor = 465	 output = 115
sensor = 528	 output = 131
sensor = 582	 output = 145
sensor = 637	 output = 158
sensor = 636	 output = 158
sensor = 637	 output = 158
sensor = 636	 output = 158
sensor = 638	 output = 159
sensor = 638	 output = 159
sensor = 637	 output = 158
sensor = 636	 output = 158
sensor = 637	 output = 158
sensor = 638	 output = 159
sensor = 638	 output = 159
sensor = 632	 output = 157
sensor = 637	 output = 158
sensor = 635	 output = 158
sensor = 621	 output = 154
sensor = 624	 output = 155
sensor = 627	 output = 156
sensor = 596	 output = 148
sensor = 603	 output = 150
sensor = 625	 output = 155
sensor = 545	 output = 135
sensor = 551	 output = 137
sensor = 546	 output = 136
sensor = 541	 output = 134
sensor = 569	 output = 141
sensor = 624	 output = 155
sensor = 597	 output = 148
sensor = 516	 output = 128
sensor = 493	 output = 122
sensor = 432	 output = 107
sensor = 480	 output = 119
sensor = 474	 output = 118
sensor = 536	 output = 133
sensor = 451	 output = 112
sensor = 502	 output = 125
sensor = 467	 output = 116
sensor = 402	 output = 100
sensor = 465	 output = 115
sensor = 364	 output = 90
sensor = 455	 output = 113
sensor = 395	 output = 98
sensor = 564	 output = 140
sensor = 436	 output = 108
sensor = 525	 output = 130
sensor = 460	 output = 114
sensor = 440	 output = 109
sensor = 408	 output = 101
sensor = 502	 output = 125
sensor = 435	 output = 108
sensor = 447	 output = 111
sensor = 437	 output = 108
sensor = 419	 output = 104
sensor = 394	 output = 98
sensor = 387	 output = 96
sensor = 423	 output = 105
sensor = 415	 output = 103
sensor = 424	 output = 105
sensor = 381	 output = 94
sensor = 386	 output = 96
sensor = 344	 output = 85
sensor = 311	 output = 77
sensor = 469	 output = 116
sensor = 348	 output = 86
sensor = 292	 output = 72
sensor = 270	 output = 67
sensor = 281	 output = 70
sensor = 266	 output = 66
sensor = 255	 output = 63
sensor = 341	 output = 85
sensor = 332	 output = 82
sensor = 302	 output = 75
sensor = 313	 output = 78
sensor = 308	 output = 76
sensor = 333	 output = 83
sensor = 293	 output = 73
sensor = 271	 output = 67
sensor = 259	 output = 64
sensor = 241	 output = 60
sensor = 231	 output = 57
sensor = 208	 output = 51
sensor = 168	 output = 41
sensor = 196	 output = 48
sensor = 173	 output = 43
sensor = 204	 output = 50
sensor = 194	 output = 48
sensor = 220	 output = 54
sensor = 187	 output = 46
sensor = 198	 output = 49
sensor = 166	 output = 41
sensor = 141	 output = 35
sensor = 129	 output = 32
sensor = 123	 output = 30
sensor = 160	 output = 39
sensor = 144	 output = 35
sensor = 123	 output = 30
sensor = 170	 output = 42
sensor = 136	 output = 33
sensor = 112	 output = 27
sensor = 99	 output = 24
sensor = 123	 output = 30
sensor = 101	 output = 25
sensor = 88	 output = 21
sensor = 80	 output = 19
sensor = 74	 output = 18
sensor = 70	 output = 17
sensor = 64	 output = 15
sensor = 60	 output = 14
sensor = 58	 output = 14
sensor = 58	 output = 14
sensor = 58	 output = 14
sensor = 59	 output = 14
sensor = 60	 output = 14
sensor = 62	 output = 15
sensor = 63	 output = 15
sensor = 64	 output = 15
sensor = 65	 output = 16
sensor = 64	 output = 15
sensor = 67	 output = 16
sensor = 69	 output = 17
sensor = 71	 output = 17
sensor = 72	 output = 17
sensor = 69	 output = 17
sensor = 65	 output = 16
sensor = 59	 output = 14
sensor = 59	 output = 14
sensor = 58	 output = 14
sensor = 56	 output = 13
sensor = 55	 output = 13
sensor = 54	 output = 13
sensor = 53	 output = 13
sensor = 53	 output = 13
sensor = 52	 output = 12
sensor = 50	 output = 12
sensor = 51	 output = 12
sensor = 52	 output = 12
sensor = 51	 output = 12
sensor = 53	 output = 13
sensor = 55	 output = 13
sensor = 56	 output = 13
sensor = 57	 output = 14
sensor = 58	 output = 14
sensor = 57	 output = 14
sensor = 58	 output = 14
sensor = 57	 output = 14
sensor = 57	 output = 14
sensor = 58	 output = 14
sensor = 58	 output = 14
sensor = 58	 output = 14
sensor = 59	 output = 14
sensor = 59	 output = 14
sensor = 56	 output = 13
sensor = 56	 output = 13
sensor = 57	 output = 14
sensor = 57	 output = 14
sensor = 57	 output = 14
sensor = 56	 output = 13
sensor = 57	 output = 14
sensor = 57	 output = 14
sensor = 57	 output = 14
sensor = 59	 output = 14
sensor = 58	 output = 14
sensor = 58	 output = 14
sensor = 58	 output = 14
sensor = 58	 output = 14
sensor = 59	 output = 14
sensor = 58	 output = 14
sensor = 58	 output = 14
sensor = 58	 output = 14
sensor = 58	 output = 14
sensor = 59	 output = 14
sensor = 59	 output = 14
sensor = 59	 output = 14
sensor = 58	 output = 14
sensor = 58	 output = 14
sensor = 58	 output = 14
sensor = 57	 output = 14
sensor = 58	 output = 14
sensor = 57	 output = 14
sensor = 58	 output = 14
sensor = 59	 output = 14
sensor = 58	 output = 14
sensor = 58	 output = 14
sensor = 57	 output = 14
sensor = 58	 output = 14
sensor = 58	 output = 14
sensor = 59	 output = 14
sensor = 58	 output = 14
sensor = 59	 output = 14
sensor = 59	 output = 14
sensor = 60	 output = 14
sensor = 59	 output = 14
sensor = 58	 output = 14
sensor = 59	 output = 14
sensor = 58	 output = 14
sensor = 59	 output = 14
sensor = 60	 output = 14
sensor = 59	 output = 14
sensor = 60	 output = 14
sensor = 58	 output = 14
sensor = 58	 output = 14
sensor = 59	 output = 14
sensor = 59	 output = 14
sensor = 58	 output = 14
sensor = 57	 output = 14
sensor = 59	 output = 14
sensor = 58	 output = 14
sensor = 57	 output = 14
sensor = 59	 output = 14
sensor = 57	 output = 14
sensor = 58	 output = 14
sensor = 58	 output = 14
sensor = 58	 output = 14
sensor = 57	 output = 14
sensor = 59	 output = 14
sensor = 55	 output = 13
sensor = 56	 output = 13
sensor = 56	 output = 13
sensor = 55	 output = 13
sensor = 55	 output = 13
sensor = 56	 output = 13
sensor = 55	 output = 13
sensor = 57	 output = 14
sensor = 56	 output = 13
sensor = 57	 output = 14
sensor = 58	 output = 14
sensor = 58	 output = 14
sensor = 58	 output = 14
sensor = 57	 output = 14
sensor = 59	 output = 14
sensor = 59	 output = 14
sensor = 58	 output = 14
sensor = 59	 output = 14
sensor = 59	 output = 14
sensor = 58	 output = 14
sensor = 58	 output = 14
sensor = 58	 output = 14
sensor = 59	 output = 14
sensor = 58	 output = 14
sensor = 58	 output = 14
sensor = 59	 output = 14
sensor = 57	 output = 14
sensor = 58	 output = 14
sensor = 57	 output = 14
sensor = 56	 output = 13
sensor = 55	 output = 13
sensor = 57	 output = 14
sensor = 58	 output = 14
sensor = 58	 output = 14
sensor = 58	 output = 14
sensor = 57	 output = 14
sensor = 59	 output = 14
sensor = 57	 output = 14
sensor = 57	 output = 14
sensor = 57	 output = 14
sensor = 59	 output = 14
sensor = 58	 output = 14
sensor = 58	 output = 14
sensor = 58	 output = 14
sensor = 58	 output = 14
sensor = 57	 output = 14
sensor = 61	 output = 15
sensor = 59	 output = 14
sensor = 59	 output = 14
sensor = 58	 output = 14
sensor = 58	 output = 14
sensor = 637	 output = 158
sensor = 636	 output = 158
sensor = 503	 output = 125
sensor = 384	 output = 95
sensor = 300	 output = 74
sensor = 239	 output = 59
sensor = 198	 output = 49
sensor = 167	 output = 41
sensor = 141	 output = 35
sensor = 125	 output = 31
sensor = 107	 output = 26
sensor = 94	 output = 23
sensor = 87	 output = 21
sensor = 76	 output = 18
sensor = 68	 output = 16
sensor = 63	 output = 15
sensor = 59	 output = 14
sensor = 58	 output = 14
sensor = 57	 output = 14
sensor = 57	 output = 14
sensor = 57	 output = 14
sensor = 58	 output = 14
sensor = 59	 output = 14
sensor = 58	 output = 14
sensor = 59	 output = 14
sensor = 59	 output = 14
sensor = 59	 output = 14
sensor = 57	 output = 14
sensor = 60	 output = 14
sensor = 58	 output = 14
sensor = 58	 output = 14
sensor = 59	 output = 14
sensor = 60	 output = 14
sensor = 58	 output = 14
sensor = 59	 output = 14
sensor = 58	 output = 14
sensor = 59	 output = 14
sensor = 59	 output = 14
sensor = 59	 output = 14
sensor = 58	 output = 14
sensor = 60	 output = 14
sensor = 58	 output = 14
sensor = 59	 output = 14
sensor = 59	 output = 14
sensor = 58	 output = 14
sensor = 57	 output = 14
sensor = 59	 output = 14
sensor = 58	 output = 14
sensor = 57	 output = 14
sensor = 58	 output = 14
sensor = 56	 output = 13
sensor = 56	 output = 13
sensor = 58	 output = 14
sensor = 57	 output = 14
sensor = 56	 output = 13
sensor = 58	 output = 14
sensor = 58	 output = 14
sensor = 58	 output = 14
sensor = 58	 output = 14
sensor = 58	 output = 14
sensor = 58	 output = 14
sensor = 57	 output = 14
sensor = 58	 output = 14
sensor = 57	 output = 14
sensor = 56	 output = 13
sensor = 54	 output = 13
sensor = 53	 output = 13
sensor = 53	 output = 13
sensor = 55	 output = 13
sensor = 56	 output = 13
sensor = 55	 output = 13
sensor = 58	 output = 14
sensor = 57	 output = 14
sensor = 58	 output = 14
sensor = 58	 output = 14
sensor = 58	 output = 14
sensor = 58	 output = 14
sensor = 58	 output = 14
sensor = 58	 output = 14
sensor = 58	 output = 14
sensor = 58	 output = 14
sensor = 58	 output = 14
sensor = 58	 output = 14
sensor = 59	 output = 14
sensor = 58	 output = 14
sensor = 58	 output = 14
sensor = 57	 output = 14
sensor = 58	 output = 14
sensor = 58	 output = 14
sensor = 58	 output = 14
sensor = 57	 output = 14
sensor = 59	 output = 14
sensor = 59	 output = 14
sensor = 55	 output = 13
sensor = 54	 output = 13
sensor = 55	 output = 13
sensor = 56	 output = 13
sensor = 58	 output = 14
sensor = 54	 output = 13
sensor = 55	 output = 13
sensor = 55	 output = 13
sensor = 57	 output = 14
sensor = 57	 output = 14
sensor = 57	 output = 14
sensor = 57	 output = 14
sensor = 57	 outpu