=~=~=~=~=~=~=~=~=~=~=~= PuTTY log 2022.11.09 21:12:00 =~=~=~=~=~=~=~=~=~=~=~=
12
9	 output = 14
sensor = 59	 output = 14
sensor = 58	 output = 14
sensor = 58	 output = 14
sensor 62	 output = 15
sensor = 59	 output = 14
sensor = 59	 output = 14
sensor = 58	 output = 14
sensor = 58	 output = 14
sensor sensor = 56	 output = 13
sensor = 57	 output = 14
sensor = 57	 output = 14
sensor = 58	 output = 14
sensor = 58	 output = 14
sensor = 57	 output = 14
sensor = 58	 output = 14
sensor = 56	 output = 13
sensor = 57	 output = 14
sensor = 59	 output = 14
sensor = 56	 output = 13
sensor = 57	 output = 14
sensor = 56	 output = 13
sensor = 57	 output = 14
sensor = 57	 output = 14
sensor = 57	 output = 14
sensor = 57	 output = 14
sensor = 57	 output = 14
sensor = 57	 output = 14
sensor = 57	 output = 14
sensor = 56	 output = 13
sensor = 57	 output = 14
sensor = 57	 output = 14
sensor = 56	 output = 13
sensor = 57	 output = 14
sensor = 57	 output = 14
sensor = 57	 output = 14
sensor = 57	 output = 14
sensor = 57	 output = 14
sensor = 57	 output = 14
sensor = 57	 output = 14
sensor = 57	 output = 14
sensor = 57	 output = 14
sensor = 58	 output = 14
sensor = 56	 output = 13
sensor = 56	 output = 13
sensor = 58	 output = 14
sensor = 56	 output = 13
sensor = 57	 output = 14
sensor = 57	 output = 14
sensor = 57	 output = 14
sensor = 57	 output = 14
sensor = 57	 output = 14
sensor = 56	 output = 13
sensor = 57	 output = 14
sensor = 57	 output = 14
sensor = 57	 output = 14
sensor = 56	 output = 13
sensor = 56	 output = 13
sensor = 57	 output = 14
sensor = 58	 output = 14
sensor = 57	 output = 14
sensor = 57	 output = 14
sensor = 58	 output = 14
sensor = 58	 output = 14
sensor = 57	 output = 14
sensor = 57	 output = 14
sensor = 57	 output = 14
sensor = 57	 output = 14
sensor = 57	 output = 14
sensor = 57	 output = 14
sensor = 58	 output = 14
sensor = 56	 output = 13
sensor = 164	 output = 40
sensor = 132	 output = 32
sensor = 107	 output = 26
sensor = 91	 output = 22
sensor = 78	 output = 19
sensor = 71	 output = 17
sensor = 65	 output = 16
sensor = 62	 output = 15
sensor = 60	 output = 14
sensor = 59	 output = 14
sensor = 59	 output = 14
sensor = 59	 output = 14
sensor = 58	 output = 14
sensor = 58	 output = 14
sensor = 56	 output = 13
sensor = 58	 output = 14
sensor = 57	 output = 14
sensor = 59	 output = 14
sensor = 58	 output = 14
sensor = 56	 output = 13
sensor = 56	 output = 13
sensor = 57	 output = 14
sensor = 57	 output = 14
sensor = 57	 output = 14
sensor = 57	 output = 14
sensor = 57	 output = 14
sensor = 57	 output = 14
sensor = 58	 output = 14
sensor = 57	 output = 14
sensor = 58	 output = 14
sensor = 57	 output = 14
sensor = 57	 output = 14
sensor = 57	 output = 14
sensor = 58	 output = 14
sensor = 56	 output = 13
sensor = 58	 output = 14
sensor = 57	 output = 14
sensor = 57	 output = 14
sensor = 58	 output = 14
sensor = 56	 output = 13
sensor = 56	 output = 13
sensor = 57	 output = 14
sensor = 57	 output = 14
sensor = 57	 output = 14
sensor = 57	 output = 14
sensor = 58	 output = 14
sensor = 56	 output = 13
sensor = 56	 output = 13
sensor = 58	 output = 14
sensor = 57	 output = 14
sensor = 57	 output = 14
sensor = 58	 output = 14
sensor = 57	 output = 14
sensor = 56	 output = 13
sensor = 57	 output = 14
sensor = 57	 output = 14
sensor = 57	 output = 14
sensor = 57	 output = 14
sensor = 56	 output = 13
sensor = 56	 output = 13
sensor = 57	 output = 14
sensor = 57	 output = 14
sensor = 57	 output = 14
sensor = 57	 output = 14
sensor = 56	 output = 13
sensor = 56	 output = 13
sensor = 58	 output = 14
sensor = 57	 output = 14
sensor = 57	 output = 14
sensor = 57	 output = 14
sensor = 57	 output = 14
sensor = 56	 output = 13
sensor = 57	 output = 14
sensor = 57	 output = 14
sensor = 57	 output = 14
sensor = 58	 output = 14
sensor = 57	 output = 14
sensor = 57	 output = 14
sensor = 57	 output = 14
sensor = 57	 output = 14
sensor = 57	 output = 14
sensor = 57	 output = 14
sensor = 57	 output = 14
sensor = 56	 output = 13
sensor = 57	 output = 14
sensor = 57	 output = 14
sensor = 58	 output = 14
sensor = 57	 output = 14
sensor = 58	 output = 14
sensor = 56	 output = 13
sensor = 58	 output = 14
sensor = 58	 output = 14
sensor = 58	 output = 14
sensor = 57	 output = 14
sensor = 56	 output = 13
sensor = 57	 output = 14
sensor = 56	 output = 13
sensor = 57	 output = 14
sensor = 57	 output = 14
sensor = 58	 output = 14
sensor = 57	 output = 14
sensor = 57	 output = 14
sensor = 57	 output = 14
sensor = 57	 output = 14
sensor = 58	 output = 14
sensor = 57	 output = 14
sensor = 56	 output = 13
sensor = 57	 output = 14
sensor = 57	 output = 14
sensor = 58	 output = 14
sensor = 58	 output = 14
sensor = 58	 output = 14
sensor = 57	 output = 14
sensor = 57	 output = 14
sensor = 58	 output = 14
sensor = 58	 output = 14
sensor = 56	 output = 13
sensor = 57	 output = 14
sensor = 57	 output = 14
sensor = 59	 output = 14
sensor = 57	 output = 14
sensor = 57	 output = 14
sensor = 56	 output = 13
sensor = 57	 output = 14
sensor = 56	 output = 13
sensor = 57	 output = 14
sensor = 57	 output = 14
sensor = 56	 output = 13
sensor = 57	 output = 14
sensor = 58	 output = 14
sensor = 57	 output = 14
sensor = 56	 output = 13
sensor = 57	 output = 14
sensor = 56	 output = 13
sensor = 55	 output = 13
sensor = 56	 output = 13
sensor = 55	 output = 13
sensor = 57	 output = 14
sensor = 56	 output = 13
sensor = 57	 output = 14
sensor = 67	 output = 16
sensor = 68	 output = 16
sensor = 81	 output = 20
sensor = 92	 output = 22
sensor = 89	 output = 22
sensor = 99	 output = 24
sensor = 111	 output = 27
sensor = 116	 output = 28
sensor = 102	 output = 25
sensor = 103	 output = 25
sensor = 97	 output = 24
sensor = 97	 output = 24
sensor = 100	 output = 24
sensor = 98	 output = 24
sensor = 99	 output = 24
sensor = 107	 output = 26
sensor = 96	 output = 23
sensor = 93	 output = 23
sensor = 90	 output = 22
sensor = 90	 output = 22
sensor = 117	 output = 29
sensor = 106	 output = 26
sensor = 95	 output = 23
sensor = 85	 output = 21
sensor = 80	 output = 19
sensor = 78	 output = 19
sensor = 77	 output = 19
sensor = 88	 output = 21
sensor = 91	 output = 22
sensor = 93	 output = 23
sensor = 91	 output = 22
sensor = 88	 output = 21
sensor = 84	 output = 20
sensor = 79	 output = 19
sensor = 77	 output = 19
sensor = 79	 output = 19
sensor = 75	 output = 18
sensor = 75	 output = 18
sensor = 74	 output = 18
sensor = 96	 output = 23
sensor = 83	 output = 20
sensor = 75	 output = 18
sensor = 69	 output = 17
sensor = 64	 output = 15
sensor = 73	 output = 18
sensor = 68	 output = 16
sensor = 66	 output = 16
sensor = 62	 output = 15
sensor = 61	 output = 15
sensor = 59	 output = 14
sensor = 59	 output = 14
sensor = 59	 output = 14
sensor = 57	 output = 14
sensor = 57	 output = 14
sensor = 57	 output = 14
sensor = 56	 output = 13
sensor = 57	 output = 14
sensor = 57	 output = 14
sensor = 57	 output = 14
sensor = 56	 output = 13
sensor = 57	 output = 14
sensor = 57	 output = 14
sensor = 56	 output = 13
sensor = 56	 output = 13
sensor = 56	 output = 13
sensor = 58	 output = 14
sensor = 57	 output = 14
sensor = 57	 output = 14
sensor = 59	 output = 14
sensor = 58	 output = 14
sensor = 58	 output = 14
sensor = 58	 output = 14
sensor = 57	 output = 14
sensor = 57	 output = 14
sensor = 58	 output = 14
sensor = 57	 output = 14
sensor = 56	 output = 13
sensor = 55	 output = 13
sensor = 57	 output = 14
sensor = 57	 output = 14
sensor = 57	 output = 14
sensor = 57	 output = 14
sensor = 57	 output = 14
sensor = 58	 output = 14
sensor = 58	 output = 14
sensor = 57	 output = 14
sensor = 57	 output = 14
sensor = 57	 output = 14
sensor = 57	 output = 14
sensor = 57	 output = 14
sensor = 59	 output = 14
sensor = 56	 output = 13
sensor = 57	 output = 14
sensor = 57	 output = 14
sensor = 57	 output = 14
sensor = 57	 output = 14
sensor = 57	 output = 14
sensor = 58	 output = 14
sensor = 57	 output = 14
sensor = 57	 output = 14
sensor = 57	 output = 14
sensor = 57	 output = 14
sensor = 57	 output = 14
sensor = 57	 output = 14
sensor = 56	 output = 13
sensor = 57	 output = 14
sensor = 56	 output = 13
sensor = 58	 output = 14
sensor = 57	 output = 14
sensor = 56	 output = 13
sensor = 57	 output = 14
sensor = 57	 output = 14
sensor = 57	 output = 14
sensor = 56	 output = 13
sensor = 57	 output = 14
sensor = 56	 output = 13
sensor = 57	 output = 14
sensor = 57	 output = 14
sensor = 57	 output = 14
sensor = 57	 output = 14
sensor = 57	 output = 14
sensor = 58	 output = 14
sensor = 57	 output = 14
sensor = 57	 output = 14
sensor = 58	 output = 14
sensor = 57	 output = 14
sensor = 57	 output = 14
sensor = 57	 output = 14
sensor = 56	 output = 13
sensor = 57	 output = 14
sensor = 57	 output = 14
sensor = 57	 output = 14
sensor = 57	 output = 14
sensor = 57	 output = 14
sensor = 57	 output = 14
sensor = 56	 output = 13
sensor = 57	 output = 14
sensor = 58	 output = 14
sensor = 57	 output = 14
sensor = 57	 output = 14
sensor = 56	 output = 13
sensor = 59	 output = 14
sensor = 56	 output = 13
sensor = 57	 output = 14
sensor = 58	 output = 14
sensor = 57	 output = 14
sensor = 58	 output = 14
sensor = 56	 output = 13
sensor = 59	 output = 14
sensor = 58	 output = 14
sensor = 57	 output = 14
sensor = 57	 output = 14
sensor = 56	 output = 13
sensor = 57	 output = 14
sensor = 57	 output = 14
sensor = 57	 output = 14
sensor = 57	 output = 14
sensor = 57	 output = 14
sensor = 56	 output = 13
sensor = 57	 output = 14
sensor = 57	 output = 14
sensor = 57	 output = 14
sensor = 57	 output = 14
sensor = 58	 output = 14
sensor = 55	 output = 13
sensor = 56	 output = 13
sensor = 56	 output = 13
sensor = 56	 output = 13
sensor = 56	 output = 13
sensor = 56	 output = 13
sensor = 58	 output = 14
sensor = 72	 output = 17
sensor = 66	 output = 16
sensor = 63	 output = 15
sensor = 62	 output = 15
sensor = 60	 output = 14
sensor = 59	 output = 14
sensor = 58	 output = 14
sensor = 59	 output = 14
sensor = 56	 output = 13
sensor = 57	 output = 14
sensor = 57	 output = 14
sensor = 58	 output = 14
sensor = 61	 output = 15
sensor = 61	 output = 15
sensor = 64	 output = 15
sensor = 68	 output = 16
sensor = 74	 output = 18
sensor = 73	 output = 18
sensor = 78	 output = 19
sensor = 90	 output = 22
sensor = 97	 output = 24
sensor = 103	 output = 25
sensor = 108	 output = 26
sensor = 119	 output = 29
sensor = 121	 output = 30
sensor = 122	 output = 30
sensor = 121	 output = 30
sensor = 124	 output = 30
sensor = 118	 output = 29
sensor = 102	 output = 25
sensor = 110	 output = 27
sensor = 113	 output = 28
sensor = 103	 output = 25
sensor = 107	 output = 26
sensor = 111	 output = 27
sensor = 97	 output = 24
sensor = 113	 output = 28
sensor = 125	 output = 31
sensor = 118	 output = 29
sensor = 105	 output = 26
sensor = 115	 output = 28
sensor = 108	 output = 26
sensor = 112	 output = 27
sensor = 109	 output = 27
sensor = 102	 output = 25
sensor = 98	 output = 24
sensor = 89	 output = 22
sensor = 90	 output = 22
sensor = 83	 output = 20
sensor = 93	 output = 23
sensor = 84	 output = 20
sensor = 95	 output = 23
sensor = 91	 output = 22
sensor = 93	 output = 23
sensor = 86	 output = 21
sensor = 76	 output = 18
sensor = 72	 output = 17
sensor = 70	 output = 17
sensor = 67	 output = 16
sensor = 75	 output = 18
sensor = 76	 output = 18
sensor = 86	 output = 21
sensor = 79	 output = 19
sensor = 92	 output = 22
sensor = 81	 output = 20
sensor = 81	 output = 20
sensor = 75	 output = 18
sensor = 67	 output = 16
sensor = 63	 output = 15
sensor = 62	 output = 15
sensor = 60	 output = 14
sensor = 59	 output = 14
sensor = 59	 output = 14
sensor = 58	 output = 14
sensor = 57	 output = 14
sensor = 58	 output = 14
sensor = 56	 output = 13
sensor = 57	 output = 14
sensor = 57	 output = 14
sensor = 56	 output = 13
sensor = 58	 output = 14
sensor = 57	 output = 14
sensor = 56	 output = 13
sensor = 58	 output = 14
sensor = 57	 output = 14
sensor = 57	 output = 14
sensor = 56	 output = 13
sensor = 56	 output = 13
sensor = 57	 output = 14
sensor = 57	 output = 14
sensor = 57	 output = 14
sensor = 57	 output = 14
sensor = 57	 output = 14
sensor = 57	 output = 14
sensor = 57	 output = 14
sensor = 58	 output = 14
sensor = 58	 output = 14
sensor = 57	 output = 14
sensor = 57	 output = 14
sensor = 57	 output = 14
sensor = 56	 output = 13
sensor = 57	 output = 14
sensor = 57	 output = 14
sensor = 57	 output = 14
sensor = 57	 output = 14
sensor = 57	 output = 14
sensor = 57	 output = 14
sensor = 57	 output = 14
sensor = 56	 output = 13
sensor = 59	 output = 14
sensor = 58	 output = 14
sensor = 56	 output = 13
sensor = 57	 output = 14
sensor = 57	 output = 14
sensor = 57	 output = 14
sensor = 57	 output = 14
sensor = 57	 output = 14
sensor = 58	 output = 14
sensor = 57	 output = 14
sensor = 58	 output = 14
sensor = 58	 output = 14
sensor = 57	 output = 14
sensor = 57	 output = 14
sensor = 57	 output = 14
sensor = 58	 output = 14
sensor = 58	 output = 14
sensor = 57	 output = 14
sensor = 57	 output = 14
sensor = 58	 output = 14
sensor = 58	 output = 14
sensor = 57	 output = 14
sensor = 57	 output = 14
sensor = 58	 output = 14
sensor = 57	 output = 14
sensor = 57	 output = 14
sensor = 56	 output = 13
sensor = 57	 output = 14
sensor = 57	 output = 14
sensor = 57	 output = 14
sensor = 57	 output = 14
sensor = 57	 output = 14
sensor = 57	 output = 14
sensor = 56	 output = 13
sensor = 57	 output = 14
sensor = 57	 output = 14
sensor = 57	 output = 14
sensor = 58	 output = 14
sensor = 56	 output = 13
sensor = 57	 output = 14
sensor = 57	 output = 14
sensor = 57	 output = 14
sensor = 56	 output = 13
sensor = 56	 output = 13
sensor = 58	 output = 14
sensor = 57	 output = 14
sensor = 57	 output = 14
sensor = 57	 output = 14
sensor = 57	 output = 14
sensor = 57	 output = 14
sensor = 57	 output = 14
sensor = 58	 output = 14
sensor = 57	 output = 14
sensor = 56	 output = 13
sensor = 58	 output = 14
sensor = 57	 output = 14
sensor = 57	 output = 14
sensor = 56	 output = 13
sensor = 57	 output = 14
sensor = 57	 output = 14
sensor = 58	 output = 14
sensor = 57	 output = 14
sensor = 57	 output = 14
sensor = 57	 output = 14
sensor = 57	 output = 14
sensor = 57	 output = 14
sensor = 57	 output = 14
sensor = 56	 output = 13
sensor = 56	 output = 13
sensor = 57	 output = 14
sensor = 56	 output = 13
sensor = 57	 output = 14
sensor = 57	 output = 14
sensor = 57	 output = 14
sensor = 58	 output = 14
sensor = 58	 output = 14
sensor = 56	 output = 13
sensor = 57	 output = 14
sensor = 56	 output = 13
sensor = 57	 output = 14
sensor = 57	 output = 14
sensor = 57	 output = 14
sensor = 58	 output = 14
sensor = 57	 output = 14
sensor = 57	 output = 14
sensor = 57	 output = 14
sensor = 57	 output = 14
sensor = 57	 output = 14
sensor = 57	 output = 14
sensor = 58	 output = 14
sensor = 56	 output = 13
sensor = 58	 output = 14
sensor = 57	 output = 14
sensor = 57	 output = 14
sensor = 57	 output = 14
sensor = 58	 output = 14
sensor = 58	 output = 14
sensor = 56	 output = 13
sensor = 58	 output = 14
sensor = 57	 output = 14
sensor = 57	 output = 14
sensor = 56	 output = 13
sensor = 57	 output = 14
sensor = 57	 output = 14
sensor = 57	 output = 14
sensor = 56	 output = 13
sensor = 56	 output = 13
sensor = 57	 output = 14
sensor = 56	 output = 13
sensor = 58	 output = 14
sensor = 57	 output = 14
sensor = 58	 output = 14
sensor = 56	 output = 13
sensor = 57	 output = 14
sensor = 57	 output = 14
sensor = 57	 output = 14
sensor = 56	 output = 13
sensor = 57	 output = 14
sensor = 57	 output = 14
sensor = 57	 output = 14
sensor = 57	 output = 14
sensor = 56	 output = 13
sensor = 58	 output = 14
sensor = 58	 output = 14
sensor = 56	 output = 13
sensor = 58	 output = 14
sensor = 58	 output = 14
sensor = 57	 output = 14
sensor = 56	 output = 13
sensor = 56	 output = 13
sensor = 58	 output = 14
sensor = 57	 output = 14
sensor = 58	 output = 14
sensor = 58	 output = 14
sensor = 57	 output = 14
sensor = 58	 output = 14
sensor = 58	 output = 14
sensor = 57	 output = 14
sensor = 57	 output = 14
sensor = 57	 output = 14
sensor = 57	 output = 14
sensor = 58	 output = 14
sensor = 57	 output = 14
sensor = 57	 output = 14
sensor = 56	 output = 13
sensor = 57	 output = 14
sensor = 57	 output = 14
sensor = 59	 output = 14
sensor = 56	 output = 13
sensor = 57	 output = 14
sensor = 57	 output = 14
sensor = 57	 output = 14
sensor = 57	 output = 14
sensor = 56	 output = 13
sensor = 59	 output = 14
sensor = 56	 output = 13
sensor = 56	 output = 13
sensor = 56	 output = 13
sensor = 57	 output = 14
sensor = 57	 output = 14
sensor = 56	 output = 13
sensor = 57	 output = 14
sensor = 57	 output = 14
sensor = 56	 output = 13
sensor = 58	 output = 14
sensor = 58	 output = 14
sensor = 57	 output = 14
sensor = 57	 output = 14
sensor = 57	 output = 14
sensor = 57	 output = 14
sensor = 56	 output = 13
sensor = 57	 output = 14
sensor = 57	 output = 14
sensor = 57	 output = 14
sensor = 56	 output = 13
sensor = 56	 output = 13
sensor = 57	 output = 14
sensor = 59	 output = 14
sensor = 69	 output = 17
sensor = 67	 output = 16
sensor = 68	 output = 16
sensor = 70	 output = 17
sensor = 68	 output = 16
sensor = 79	 output = 19
sensor = 90	 output = 22
sensor = 109	 output = 27
sensor = 115	 output = 28
sensor = 102	 output = 25
sensor = 112	 output = 27
sensor = 113	 output = 28
sensor = 118	 output = 29
sensor = 106	 output = 26
sensor = 103	 output = 25
sensor = 105	 output = 26
sensor = 112	 output = 27
sensor = 103	 output = 25
sensor = 99	 output = 24
sensor = 101	 output = 25
sensor = 98	 output = 24
sensor = 98	 output = 24
sensor = 100	 output = 24
sensor = 97	 output = 24
sensor = 97	 output = 24
sensor = 112	 output = 27
sensor = 117	 output = 29
sensor = 111	 output = 27
sensor = 104	 output = 25
sensor = 100	 output = 24
sensor = 99	 output = 24
sensor = 99	 output = 24
sensor = 100	 output = 24
sensor = 94	 output = 23
sensor = 99	 output = 24
sensor = 94	 output = 23
sensor = 90	 output = 22
sensor = 92	 output = 22
sensor = 88	 output = 21
sensor = 100	 output = 24
sensor = 99	 output = 24
sensor = 90	 output = 22
sensor = 105	 output = 26
sensor = 98	 output = 24
sensor = 99	 output = 24
sensor = 95	 output = 23
sensor = 94	 output = 23
sensor = 93	 output = 23
sensor = 82	 output = 20
sensor = 87	 output = 21
sensor = 81	 output = 20
sensor = 87	 output = 21
sensor = 83	 output = 20
sensor = 78	 output = 19
sensor = 76	 output = 18
sensor = 79	 output = 19
sensor = 71	 output = 17
sensor = 74	 output = 18
sensor = 81	 output = 20
sensor = 74	 output = 18
sensor = 75	 output = 18
sensor = 82	 output = 20
sensor = 87	 output = 21
sensor = 86	 output = 21
sensor = 84	 output = 20
sensor = 87	 output = 21
sensor = 96	 output = 23
sensor = 92	 output = 22
sensor = 79	 output = 19
sensor = 73	 output = 18
sensor = 66	 output = 16
sensor = 63	 output = 15
sensor = 66	 output = 16
sensor = 65	 output = 16
sensor = 63	 output = 15
sensor = 61	 output = 15
sensor = 60	 output = 14
sensor = 60	 output = 14
sensor = 58	 output = 14
sensor = 57	 output = 14
sensor = 57	 output = 14
sensor = 59	 output = 14
sensor = 57	 output = 14
sensor = 56	 output = 13
sensor = 57	 output = 14
sensor = 56	 output = 13
sensor = 56	 output = 13
sensor = 57	 output = 14
sensor = 56	 output = 13
sensor = 58	 output = 14
sensor = 57	 output = 14
sensor = 57	 output = 14
sensor = 57	 output = 14
sensor = 58	 output = 14
sensor = 57	 output = 14
sensor = 57	 output = 14
sensor = 57	 output = 14
sensor = 57	 output = 14
sensor = 57	 output = 14
sensor = 58	 output = 14
sensor = 58	 output = 14
sensor = 57	 output = 14
sensor = 58	 output = 14
sensor = 57	 output = 14
sensor = 56	 output = 13
sensor = 57	 output = 14
sensor = 57	 output = 14
sensor = 57	 output = 14
sensor = 58	 output = 14
sensor = 58	 output = 14
sensor = 57	 output = 14
sensor = 57	 output = 14
sensor = 57	 output = 14
sensor = 57	 output = 14
sensor = 56	 output = 13
sensor = 56	 output = 13
sensor = 57	 output = 14
sensor = 57	 output = 14
sensor = 57	 output = 14
sensor = 57	 output = 14
sensor = 57	 output = 14
sensor = 57	 output = 14
sensor = 58	 output = 14
sensor = 58	 output = 14
sensor = 57	 output = 14
sensor = 58	 output = 14
sensor = 57	 output = 14
sensor = 57	 output = 14
sensor = 58	 output = 14
sensor = 57	 output = 14
sensor = 57	 output = 14
sensor = 58	 output = 14
sensor = 57	 output = 14
sensor = 57	 output = 14
sensor = 57	 output = 14
sensor = 58	 output = 14
sensor = 56	 output = 13
sensor = 57	 output = 14
sensor = 57	 output = 14
sensor = 57	 output = 14
sensor = 56	 output = 13
sensor = 57	 output = 14
sensor = 59	 output = 14
sensor = 57	 output = 14
sensor = 56	 output = 13
sensor = 57	 output = 14
sensor = 57	 output = 14
sensor = 58	 output = 14
sensor = 57	 output = 14
sensor = 59	 output = 14
sensor = 57	 output = 14
sensor = 57	 output = 14
sensor = 57	 output = 14
sensor = 56	 output = 13
sensor = 56	 output = 13
sensor = 56	 output = 13
sensor = 57	 output = 14
sensor = 57	 output = 14
sensor = 57	 output = 14
sensor = 57	 output = 14
sensor = 56	 output = 13
sensor = 57	 output = 14
sensor = 57	 output = 14
sensor = 57	 output = 14
sensor = 57	 output = 14
sensor = 57	 output = 14
sensor = 56	 output = 13
sensor = 58	 output = 14
sensor = 57	 output = 14
sensor = 57	 output = 14
sensor = 56	 output = 13
sensor = 57	 output = 14
sensor = 57	 output = 14
sensor = 56	 output = 13
sensor = 58	 output = 14
sensor = 56	 output = 13
sensor = 55	 output = 13
sensor = 54	 output = 13
sensor = 57	 output = 14
sensor = 68	 output = 16
sensor = 85	 output = 21
sensor = 111	 output = 27
sensor = 147	 output = 36
sensor = 176	 output = 43
sensor = 199	 output = 49
sensor = 206	 output = 51
sensor = 202	 output = 50
sensor = 187	 output = 46
sensor = 173	 output = 43
sensor = 154	 output = 38
sensor = 142	 output = 35
sensor = 154	 output = 38
sensor = 174	 output = 43
sensor = 186	 output = 46
sensor = 192	 output = 47
sensor = 185	 output = 46
sensor = 168	 output = 41
sensor = 149	 output = 37
sensor = 126	 output = 31
sensor = 102	 output = 25
sensor = 82	 output = 20
sensor = 70	 output = 17
sensor = 66	 output = 16
sensor = 62	 output = 15
sensor = 62	 output = 15
sensor = 73	 output = 18
sensor = 80	 output = 19
sensor = 82	 output = 20
sensor = 77	 output = 19
sensor = 68	 output = 16
sensor = 64	 output = 15
sensor = 63	 output = 15
sensor = 73	 output = 18
sensor = 86	 output = 21
sensor = 98	 output = 24
sensor = 112	 output = 27
sensor = 104	 output = 25
sensor = 89	 output = 22
sensor = 82	 output = 20
sensor = 81	 output = 20
sensor = 81	 output = 20
sensor = 79	 output = 19
sensor = 83	 output = 20
sensor = 89	 output = 22
sensor = 97	 output = 24
sensor = 107	 output = 26
sensor = 120	 output = 29
sensor = 129	 output = 32
sensor = 136	 output = 33
sensor = 148	 output = 36
sensor = 156	 output = 38
sensor = 165	 output = 41
sensor = 170	 output = 42
sensor = 172	 output = 42
sensor = 176	 output = 43
sensor = 174	 output = 43
sensor = 173	 output = 43
sensor = 171	 output = 42
sensor = 170	 output = 42
sensor = 169	 output = 42
sensor = 171	 output = 42
sensor = 165	 output = 41
sensor = 159	 output = 39
sensor = 154	 output = 38
sensor = 150	 output = 37
sensor = 146	 output = 36
sensor = 147	 output = 36
sensor = 155	 output = 38
sensor = 165	 output = 41
sensor = 176	 output = 43
sensor = 184	 output = 45
sensor = 191	 output = 47
sensor = 196	 output = 48
sensor = 196	 output = 48
sensor = 196	 output = 48
sensor = 193	 output = 48
sensor = 186	 output = 46
sensor = 172	 output = 42
sensor = 148	 output = 36
sensor = 124	 output = 30
sensor = 105	 output = 26
sensor = 91	 output = 22
sensor = 82	 output = 20
sensor = 77	 output = 19
sensor = 74	 output = 18
sensor = 73	 output = 18
sensor = 74	 output = 18
sensor = 73	 output = 18
sensor = 75	 output = 18
sensor = 75	 output = 18
sensor = 76	 output = 18
sensor = 77	 output = 19
sensor = 80	 output = 19
sensor = 82	 output = 20
sensor = 85	 output = 21
sensor = 85	 output = 21
sensor = 84	 output = 20
sensor = 82	 output = 20
sensor = 78	 output = 19
sensor = 76	 output = 18
sensor = 70	 output = 17
sensor = 67	 output = 16
sensor = 61	 output = 15
sensor = 58	 output = 14
sensor = 57	 output = 14
sensor = 53	 output = 13
sensor = 53	 output = 13
sensor = 52	 output = 12
sensor = 50	 output = 12
sensor = 52	 output = 12
sensor = 54	 output = 13
sensor = 54	 output = 13
sensor = 56	 output = 13
sensor = 65	 output = 16
sensor = 92	 output = 22
sensor = 122	 output = 30
sensor = 126	 output = 31
sensor = 104	 output = 25
sensor = 115	 output = 28
sensor = 142	 output = 35
sensor = 167	 output = 41
sensor = 184	 output = 45
sensor = 199	 output = 49
sensor = 210	 output = 52
sensor = 216	 output = 53
sensor = 214	 output = 53
sensor = 211	 output = 52
sensor = 204	 output = 50
sensor = 198	 output = 49
sensor = 191	 output = 47
sensor = 183	 output = 45
sensor = 174	 output = 43
sensor = 165	 output = 41
sensor = 154	 output = 38
sensor = 141	 output = 35
sensor = 135	 output = 33
sensor = 130	 output = 32
sensor = 125	 output = 31
sensor = 120	 output = 29
sensor = 115	 output = 28
sensor = 110	 output = 27
sensor = 107	 output = 26
sensor = 105	 output = 26
sensor = 104	 output = 25
sensor = 99	 output = 24
sensor = 98	 output = 24
sensor = 95	 output = 23
sensor = 91	 output = 22
sensor = 88	 output = 21
sensor = 87	 output = 21
sensor = 88	 output = 21
sensor = 87	 output = 21
sensor = 86	 output = 21
sensor = 85	 output = 21
sensor = 84	 output = 20
sensor = 82	 output = 20
sensor = 82	 output = 20
sensor = 79	 output = 19
sensor = 79	 output = 19
sensor = 77	 output = 19
sensor = 77	 output = 19
sensor = 75	 output = 18
sensor = 73	 output = 18
sensor = 72	 output = 17
sensor = 70	 output = 17
sensor = 70	 output = 17
sensor = 69	 output = 17
sensor = 68	 output = 16
sensor = 66	 output = 16
sensor = 64	 output = 15
sensor = 63	 output = 15
sensor = 63	 output = 15
sensor = 62	 output = 15
sensor = 62	 output = 15
sensor = 60	 output = 14
sensor = 57	 output = 14
sensor = 53	 output = 13
sensor = 54	 output = 13
sensor = 51	 output = 12
sensor = 51	 output = 12
sensor = 54	 output = 13
sensor = 53	 output = 13
sensor = 53	 output = 13
sensor = 52	 output = 12
sensor = 52	 output = 12
sensor = 50	 output = 12
sensor = 52	 output = 12
sensor = 53	 output = 13
sensor = 54	 output = 13
sensor = 56	 output = 13
sensor = 56	 output = 13
sensor = 53	 output = 13
sensor = 52	 output = 12
sensor = 49	 output = 12
sensor = 50	 output = 12
sensor = 50	 output = 12
sensor = 52	 output = 12
sensor = 52	 output = 12
sensor = 51	 output = 12
sensor = 52	 output = 12
sensor = 50	 output = 12
sensor = 51	 output = 12
sensor = 51	 output = 12
sensor = 50	 output = 12
sensor = 50	 output = 12
sensor = 53	 output = 13
sensor = 55	 output = 13
sensor = 59	 output = 14
sensor = 60	 output = 14
sensor = 63	 output = 15
sensor = 61	 output = 15
sensor = 59	 output = 14
sensor = 55	 output = 13
sensor = 56	 output = 13
sensor = 52	 output = 12
sensor = 54	 output = 13
sensor = 52	 output = 12
sensor = 51	 output = 12
sensor = 53	 output = 13
sensor = 49	 output = 12
sensor = 49	 output = 12
sensor = 49	 output = 12
sensor = 48	 output = 11
sensor = 51	 output = 12
sensor = 49	 output = 12
sensor = 48	 output = 11
sensor = 50	 output = 12
sensor = 51	 output = 12
sensor = 54	 output = 13
sensor = 54	 output = 13
sensor = 55	 output = 13
sensor = 56	 output = 13
sensor = 56	 output = 13
sensor = 56	 output = 13
sensor = 55	 output = 13
sensor = 55	 output = 13
sensor = 55	 output = 13
sensor = 57	 output = 14
sensor = 57	 output = 14
sensor = 56	 output = 13
sensor = 56	 output = 13
sensor = 57	 output = 14
sensor = 57	 output = 14
sensor = 58	 output = 14
sensor = 56	 output = 13
sensor = 58	 output = 14
sensor = 57	 output = 14
sensor = 57	 output = 14
sensor = 56	 output = 13
sensor = 58	 output = 14
sensor = 58	 output = 14
sensor = 56	 output = 13
sensor = 57	 output = 14
sensor = 57	 output = 14
sensor = 57	 output = 14
sensor = 57	 output = 14
sensor = 57	 output = 14
sensor = 58	 output = 14
sensor = 57	 output = 14
sensor = 58	 output = 14
sensor = 57	 output = 14
sensor = 57	 output = 14
sensor = 57	 output = 14
sensor = 56	 output = 13
sensor = 56	 output = 13
sensor = 57	 output = 14
sensor = 57	 output = 14
sensor = 57	 output = 14
sensor = 58	 output = 14
sensor = 58	 output = 14
sensor = 57	 output = 14
sensor = 57	 output = 14
sensor = 58	 output = 14
sensor = 58	 output = 14
sensor = 57	 output = 14
sensor = 58	 output = 14
sensor = 57	 output = 14
sensor = 57	 output = 14
sensor = 57	 output = 14
sensor = 57	 output = 14
sensor = 57	 output = 14
sensor = 57	 output = 14
sensor = 58	 output = 14
sensor = 58	 output = 14
sensor = 57	 output = 14
sensor = 57	 output = 14
sensor = 58	 output = 14
sensor = 57	 output = 14
sensor = 56	 output = 13
sensor = 57	 output = 14
sensor = 57	 output = 14
sensor = 57	 output = 14
sensor = 56	 output = 13
sensor = 58	 output = 14
sensor = 57	 output = 14
sensor = 57	 output = 14
sensor = 57	 output = 14
sensor = 56	 output = 13
sensor = 58	 output = 14
sensor = 56	 output = 13
sensor = 57	 output = 14
sensor = 57	 output = 14
sensor = 57	 output = 14
sensor = 57	 output = 14
sensor = 58	 output = 14
sensor = 57	 output = 14
sensor = 57	 output = 14
sensor = 57	 output = 14
sensor = 57	 output = 14
sensor = 56	 output = 13
sensor = 56	 output = 13
sensor = 57	 output = 14
sensor = 57	 output = 14
sensor = 56	 output = 13
sensor = 57	 output = 14
sensor = 57	 output = 14
sensor = 56	 output = 13
sensor = 57	 output = 14
sensor = 57	 output = 14
sensor = 57	 output = 14
sensor = 57	 output = 14
sensor = 57	 output = 14
sensor = 57	 output = 14
sensor = 56	 output = 13
sensor = 55	 output = 13
sensor = 58	 output = 14
sensor = 58	 output = 14
sensor = 56	 output = 13
sensor = 57	 output = 14
sensor = 56	 output = 13
sensor = 57	 output = 14
sensor = 57	 output = 14
sensor = 57	 output = 14
sensor = 58	 output = 14
sensor = 57	 output = 14
sensor = 57	 output = 14
sensor = 57	 output = 14
sensor = 56	 output = 13
sensor = 56	 output = 13
sensor = 56	 output = 13
sensor = 57	 output = 14
sensor = 57	 output = 14
sensor = 58	 output = 14
sensor = 57	 output = 14
sensor = 58	 output = 14
sensor = 57	 output = 14
sensor = 58	 output = 14
sensor = 56	 output = 13
sensor = 57	 output = 14
sensor = 57	 output = 14
sensor = 57	 output = 14
sensor = 57	 output = 14
sensor = 57	 output = 14
sensor = 65	 output = 16
sensor = 61	 output = 15
sensor = 65	 output = 16
sensor = 64	 output = 15
sensor = 93	 output = 23
sensor = 81	 output = 20
sensor = 89	 output = 22
sensor = 122	 output = 30
sensor = 111	 output = 27
sensor = 119	 output = 29
sensor = 125	 output = 31
sensor = 132	 output = 32
sensor = 122	 output = 30
sensor = 110	 output = 27
sensor = 106	 output = 26
sensor = 121	 output = 30
sensor = 140	 output = 34
sensor = 134	 output = 33
sensor = 118	 output = 29
sensor = 157	 output = 39
sensor = 142	 output = 35
sensor = 147	 output = 36
sensor = 149	 output = 37
sensor = 155	 output = 38
sensor = 135	 output = 33
sensor = 125	 output = 31
sensor = 118	 output = 29
sensor = 117	 output = 29
sensor = 120	 output = 29
sensor = 114	 output = 28
sensor = 106	 output = 26
sensor = 96	 output = 23
sensor = 108	 output = 26
sensor = 102	 output = 25
sensor = 104	 output = 25
sensor = 98	 output = 24
sensor = 100	 output = 24
sensor = 92	 output = 22
sensor = 92	 output = 22
sensor = 83	 output = 20
sensor = 91	 output = 22
sensor = 84	 output = 20
sensor = 80	 output = 19
sensor = 83	 output = 20
sensor = 88	 output = 21
sensor = 88	 output = 21
sensor = 90	 output = 22
sensor = 95	 output = 23
sensor = 92	 output = 22
sensor = 89	 output = 22
sensor = 90	 output = 22
sensor = 96	 output = 23
sensor = 84	 output = 20
sensor = 92	 output = 22
sensor = 95	 output = 23
sensor = 89	 output = 22
sensor = 93	 output = 23
sensor = 92	 output = 22
sensor = 90	 output = 22
sensor = 87	 output = 21
sensor = 91	 output = 22
sensor = 81	 output = 20
sensor = 76	 output = 18
sensor = 68	 output = 16
sensor = 65	 output = 16
sensor = 62	 output = 15
sensor = 61	 output = 15
sensor = 65	 output = 16
sensor = 67	 output = 16
sensor = 66	 output = 16
sensor = 63	 output = 15
sensor = 60	 output = 14
sensor = 61	 output = 15
sensor = 58	 output = 14
sensor = 57	 output = 14
sensor = 57	 output = 14
sensor = 52	 output = 12
sensor = 54	 output = 13
sensor = 53	 output = 13
sensor = 53	 output = 13
sensor = 53	 output = 13
sensor = 55	 output = 13
sensor = 56	 output = 13
sensor = 56	 output = 13
sensor = 56	 output = 13
sensor = 57	 output = 14
sensor = 57	 output = 14
sensor = 57	 output = 14
sensor = 57	 output = 14
sensor = 57	 output = 14
sensor = 58	 output = 14
sensor = 57	 output = 14
sensor = 57	 output = 14
sensor = 57	 output = 14
sensor = 57	 output = 14
sensor = 56	 output = 13
sensor = 56	 output = 13
sensor = 57	 output = 14
sensor = 57	 output = 14
sensor = 57	 output = 14
sensor = 57	 output = 14
sensor = 59	 output = 14
sensor = 58	 output = 14
sensor = 57	 output = 14
sensor = 57	 output = 14
sensor = 58	 output = 14
sensor = 57	 output = 14
sensor = 56	 output = 13
sensor = 57	 output = 14
sensor = 57	 output = 14
sensor = 56	 output = 13
sensor = 58	 output = 14
sensor = 57	 output = 14
sensor = 56	 output = 13
sensor = 56	 output = 13
sensor = 56	 output = 13
sensor = 58	 output = 14
sensor = 56	 output = 13
sensor = 57	 output = 14
sensor = 57	 output = 14
sensor = 57	 output = 14
sensor = 57	 output = 14
sensor = 56	 output = 13
sensor = 56	 output = 13
sensor = 57	 output = 14
sensor = 58	 output = 14
sensor = 57	 output = 14
sensor = 57	 output = 14
sensor = 58	 output = 14
sensor = 57	 output = 14
sensor = 57	 output = 14
sensor = 58	 output = 14
sensor = 56	 output = 13
sensor = 56	 output = 13
sensor = 57	 output = 14
sensor = 58	 output = 14
sensor = 57	 output = 14
sensor = 57	 output = 14
sensor = 57	 output = 14
sensor = 56	 output = 13
sensor = 57	 output = 14
sensor = 58	 output = 14
sensor = 58	 output = 14
sensor = 56	 output = 13
sensor = 57	 output = 14
sensor = 59	 output = 14
sensor = 57	 output = 14
sensor = 56	 output = 13
sensor = 58	 output = 14
sensor = 56	 output = 13
sensor = 57	 output = 14
sensor = 57	 output = 14
sensor = 57	 output = 14
sensor = 57	 output = 14
sensor = 56	 output = 13
sensor = 56	 output = 13
sensor = 56	 output = 13
sensor = 57	 output = 14
sensor = 56	 output = 13
sensor = 57	 output = 14
sensor = 58	 output = 14
sensor = 56	 output = 13
sensor = 57	 output = 14
sensor = 57	 output = 14
sensor = 57	 output = 14
sensor = 57	 output = 14
sensor = 57	 output = 14
sensor = 58	 output = 14
sensor = 58	 output = 14
sensor = 57	 output = 14
sensor = 57	 output = 14
sensor = 57	 output = 14
sensor = 58	 output = 14
sensor = 57	 output = 14
sensor = 57	 output = 14
sensor = 57	 output = 14
sensor = 56	 output = 13
sensor = 57	 output = 14
sensor = 56	 output = 13
sensor = 57	 output = 14
sensor = 57	 output = 14
sensor = 57	 output = 14
sensor = 57	 output = 14
sensor = 56	 output = 13
sensor = 56	 output = 13
sensor = 57	 output = 14
sensor = 56	 output = 13
sensor = 57	 output = 14
sensor = 57	 output = 14
sensor = 58	 output = 14
sensor = 56	 output = 13
sensor = 57	 output = 14
sensor = 57	 output = 14
sensor = 58	 output = 14
sensor = 57	 output = 14
sensor = 57	 output = 14
sensor = 59	 output = 14
sensor = 56	 output = 13
sensor = 58	 output = 14
sensor = 58	 output = 14
sensor = 56	 output = 13
sensor = 58	 output = 14
sensor = 57	 output = 14
sensor = 57	 output = 14
sensor = 57	 output = 14
sensor = 57	 output = 14
sensor = 57	 output = 14
sensor = 57	 output = 14
sensor = 57	 output = 14
sensor = 58	 output = 14
sensor = 57	 output = 14
sensor = 57	 output = 14
sensor = 56	 output = 13
sensor = 57	 output = 14
sensor = 56	 output = 13
sensor = 58	 output = 14
sensor = 56	 output = 13
sensor = 56	 output = 13
sensor = 56	 output = 13
sensor = 57	 output = 14
sensor = 56	 output = 13
sensor = 56	 output = 13
sensor = 56	 output = 13
sensor = 57	 output = 14
sensor = 57	 output = 14
sensor = 57	 output = 14
sensor = 56	 output = 13
sensor = 57	 output = 14
sensor = 56	 output = 13
sensor = 56	 output = 13
sensor = 56	 output = 13
sensor = 56	 output = 13
sensor = 57	 output = 14
sensor = 57	 output = 14
sensor = 57	 output = 14
sensor = 57	 output = 14
sensor = 56	 output = 13
sensor = 57	 output = 14
sensor = 57	 output = 14
sensor = 57	 output = 14
sensor = 57	 output = 14
sensor = 57	 output = 14
sensor = 57	 output = 14
sensor = 57	 output = 14
sensor = 57	 output = 14
sensor = 56	 output = 13
sensor = 56	 output = 13
sensor = 58	 output = 14
sensor = 56	 output = 13
sensor = 57	 output = 14
sensor = 57	 output = 14
sensor = 57	 output = 14
sensor = 57	 output = 14
sensor = 56	 output = 13
sensor = 56	 output = 13
sensor = 57	 output = 14
sensor = 56	 output = 13
sensor = 57	 output = 14
sensor = 56	 output = 13
sensor = 58	 output = 14
sensor = 57	 output = 14
sensor = 57	 output = 14
sensor = 57	 output = 14
sensor = 56	 output = 13
sensor = 57	 output = 14
sensor = 57	 output = 14
sensor = 58	 output = 14
sensor = 58	 output = 14
sensor = 56	 output = 13
sensor = 58	 output = 14
sensor = 56	 output = 13
sensor = 56	 output = 13
sensor = 56	 output = 13
sensor = 57	 output = 14
sensor = 56	 output = 13
sensor = 57	 output = 14
sensor = 57	 output = 14
sensor = 58	 output = 14
sensor = 58	 output = 14
sensor = 57	 output = 14
sensor = 58	 output = 14
sensor = 57	 output = 14
sensor = 58	 output = 14
sensor = 61	 output = 15
sensor = 60	 output = 14
sensor = 57	 output = 14
sensor = 56	 output = 13
sensor = 57	 output = 14
sensor = 68	 output = 16
sensor = 63	 output = 15
sensor = 68	 output = 16
sensor = 79	 output = 19
sensor = 85	 output = 21
sensor = 92	 output = 22
sensor = 93	 output = 23
sensor = 89	 output = 22
sensor = 90	 output = 22
sensor = 84	 output = 20
sensor = 90	 output = 22
sensor = 101	 output = 25
sensor = 95	 output = 23
sensor = 97	 output = 24
sensor = 99	 output = 24
sensor = 112	 output = 27
sensor = 119	 output = 29
sensor = 114	 output = 28
sensor = 112	 output = 27
sensor = 106	 output = 26
sensor = 96	 output = 23
sensor = 93	 output = 23
sensor = 101	 output = 25
sensor = 97	 output = 24
sensor = 110	 output = 27
sensor = 115	 output = 28
sensor = 107	 output = 26
sensor = 96	 output = 23
sensor = 118	 output = 29
sensor = 114	 output = 28
sensor = 107	 output = 26
sensor = 98	 output = 24
sensor = 93	 output = 23
sensor = 106	 output = 26
sensor = 105	 output = 26
sensor = 106	 output = 26
sensor = 97	 output = 24
sensor = 107	 output = 26
sensor = 103	 output = 25
sensor = 115	 output = 28
sensor = 109	 output = 27
sensor = 97	 output = 24
sensor = 108	 output = 26
sensor = 102	 output = 25
sensor = 92	 output = 22
sensor = 92	 output = 22
sensor = 87	 output = 21
sensor = 94	 output = 23
sensor = 89	 output = 22
sensor = 92	 output = 22
sensor = 83	 output = 20
sensor = 81	 output = 20
sensor = 76	 output = 18
sensor = 69	 output = 17
sensor = 64	 output = 15
sensor = 62	 output = 15
sensor = 61	 output = 15
sensor = 61	 output = 15
sensor = 67	 output = 16
sensor = 66	 output = 16
sensor = 64	 output = 15
sensor = 63	 output = 15
sensor = 60	 output = 14
sensor = 57	 output = 14
sensor = 55	 output = 13
sensor = 54	 output = 13
sensor = 53	 output = 13
sensor = 53	 output = 13
sensor = 54	 output = 13
sensor = 53	 output = 13
sensor = 53	 output = 13
sensor = 51	 output = 12
sensor = 50	 output = 12
sensor = 51	 output = 12
sensor = 53	 output = 13
sensor = 53	 output = 13
sensor = 53	 output = 13
sensor = 53	 output = 13
sensor = 52	 output = 12
sensor = 52	 output = 12
sensor = 50	 output = 12
sensor = 51	 output = 12
sensor = 51	 output = 12
sensor = 53	 output = 13
sensor = 52	 output = 12
sensor = 50	 output = 12
sensor = 48	 output = 11
sensor = 47	 output = 11
sensor = 47	 output = 11
sensor = 49	 output = 12
sensor = 48	 output = 11
sensor = 46	 output = 11
sensor = 46	 output = 11
sensor = 47	 output = 11
sensor = 48	 output = 11
sensor = 48	 output = 11
sensor = 48	 output = 11
sensor = 47	 output = 11
sensor = 47	 output = 11
sensor = 48	 output = 11
sensor = 48	 output = 11
sensor = 50	 output = 12
sensor = 51	 output = 12
sensor = 52	 output = 12
sensor = 53	 output = 13
sensor = 48	 output = 11
sensor = 50	 output = 12
sensor = 53	 output = 13
sensor = 52	 output = 12
sensor = 53	 output = 13
sensor = 51	 output = 12
sensor = 49	 output = 12
sensor = 49	 output = 12
sensor = 49	 output = 12
sensor = 49	 output = 12
sensor = 50	 output = 12
sensor = 50	 output = 12
sensor = 50	 output = 12
sensor = 49	 output = 12
sensor = 49	 output = 12
sensor = 48	 output = 11
sensor = 45	 output = 11
sensor = 46	 output = 11
sensor = 48	 output = 11
sensor = 51	 output = 12
sensor = 51	 output = 12
sensor = 51	 output = 12
sensor = 52	 output = 12
sensor = 51	 output = 12
sensor = 48	 output = 11
sensor = 49	 output = 12
sensor = 52	 output = 12
sensor = 54	 output = 13
sensor = 54	 output = 13
sensor = 55	 output = 13
sensor = 56	 output = 13
sensor = 56	 output = 13
sensor = 56	 output = 13
sensor = 57	 output = 14
sensor = 56	 output = 13
sensor = 57	 output = 14
sensor = 57	 output = 14
sensor = 57	 output = 14
sensor = 56	 output = 13
sensor = 57	 output = 14
sensor = 57	 output = 14
sensor = 56	 output = 13
sensor = 57	 output = 14
sensor = 58	 output = 14
sensor = 56	 output = 13
sensor = 56	 output = 13
sensor = 57	 output = 14
sensor = 57	 output = 14
sensor = 58	 output = 14
sensor = 58	 output = 14
sensor = 57	 output = 14
sensor = 57	 output = 14
sensor = 58	 output = 14
sensor = 58	 output = 14
sensor = 56	 output = 13
sensor = 57	 output = 14
sensor = 57	 output = 14
sensor = 56	 output = 13
sensor = 57	 output = 14
sensor = 57	 output = 14
sensor = 56	 output = 13
sensor = 57	 output = 14
sensor = 57	 output = 14
sensor = 57	 output = 14
sensor = 58	 output = 14
sensor = 58	 output = 14
sensor = 57	 output = 14
sensor = 57	 output = 14
sensor = 57	 output = 14
sensor = 57	 output = 14
sensor = 56	 output = 13
sensor = 58	 output = 14
sensor = 58	 output = 14
sensor = 57	 output = 14
sensor = 58	 output = 14
sensor = 55	 output = 13
sensor = 56	 output = 13
sensor = 57	 output = 14
sensor = 56	 output = 13
sensor = 56	 output = 13
sensor = 56	 output = 13
sensor = 57	 output = 14
sensor = 56	 output = 13
sensor = 57	 output = 14
sensor = 58	 output = 14
sensor = 56	 output = 13
sensor = 58	 output = 14
sensor = 56	 output = 13
sensor = 56	 output = 13
sensor = 55	 output = 13
sensor = 57	 output = 14
sensor = 55	 output = 13
sensor = 56	 output = 13
sensor = 57	 output = 14
sensor = 56	 output = 13
sensor = 57	 output = 14
sensor = 59	 output = 14
sensor = 58	 output = 14
sensor = 58	 output = 14
sensor = 56	 output = 13
sensor = 57	 output = 14
sensor = 56	 output = 13
sensor = 55	 output = 13
sensor = 54	 output = 13
sensor = 55	 output = 13
sensor = 53	 output = 13
sensor = 53	 output = 13
sensor = 53	 output = 13
sensor = 55	 output = 13
sensor = 56	 output = 13
sensor = 56	 output = 13
sensor = 55	 output = 13
sensor = 56	 output = 13
sensor = 55	 output = 13
sensor = 55	 output = 13
sensor = 56	 output = 13
sensor = 57	 output = 14
sensor = 57	 output = 14
sensor = 58	 output = 14
sensor = 58	 output = 14
sensor = 58	 output = 14
sensor = 57	 output = 14
sensor = 58	 output = 14
sensor = 58	 output = 14
sensor = 58	 output = 14
sensor = 57	 output = 14
sensor = 57	 output = 14
sensor = 56	 output = 13
sensor = 58	 output = 14
sensor = 58	 output = 14
sensor = 58	 output = 14
sensor = 57	 output = 14
sensor = 56	 output = 13
sensor = 58	 output = 14
sensor = 56	 output = 13
sensor = 57	 output = 14
sensor = 57	 output = 14
sensor = 57	 output = 14
sensor = 57	 output = 14
sensor = 57	 output = 14
sensor = 57	 output = 14
sensor = 57	 output = 14
sensor = 56	 output = 13
sensor = 57	 output = 14
sensor = 57	 output = 14
sensor = 58	 output = 14
sensor = 58	 output = 14
sensor = 57	 output = 14
sensor = 57	 output = 14
sensor = 58	 output = 14
sensor = 58	 output = 14
sensor = 57	 output = 14
sensor = 58	 output = 14
sensor = 58	 output = 14
sensor = 57	 output = 14
sensor = 57	 output = 14
sensor = 56	 output = 13
sensor = 57	 output = 14
sensor = 57	 output = 14
sensor = 57	 output = 14
sensor = 58	 output = 14
sensor = 57	 output = 14
sensor = 58	 output = 14
sensor = 57	 output = 14
sensor = 57	 output = 14
sensor = 57	 output = 14
sensor = 56	 output = 13
sensor = 57	 output = 14
sensor = 57	 output = 14
sensor = 57	 output = 14
sensor = 58	 output = 14
sensor = 55	 output = 13
sensor = 57	 output = 14
sensor = 58	 output = 14
sensor = 57	 output = 14
sensor = 57	 output = 14
sensor = 57	 output = 14
sensor = 58	 output = 14
sensor = 56	 output = 13
sensor = 58	 output = 14
sensor = 57	 output = 14
sensor = 56	 output = 13
sensor = 56	 output = 13
sensor = 56	 output = 13
sensor = 57	 output = 14
sensor = 56	 output = 13
sensor = 57	 output = 14
sensor = 58	 output = 14
sensor = 56	 output = 13
sensor = 57	 output = 14
sensor = 56	 output = 13
sensor = 57	 output = 14
sensor = 57	 output = 14
sensor = 56	 output = 13
sensor = 56	 output = 13
sensor = 56	 output = 13
sensor = 56	 output = 13
sensor = 56	 output = 13
sensor = 57	 output = 14
sensor = 57	 output = 14
sensor = 55	 output = 13
sensor = 57	 output = 14
sensor = 56	 output = 13
sensor = 57	 output = 14
sensor = 56	 output = 13
sensor = 57	 output = 14
sensor = 58	 output = 14
sensor = 56	 output = 13
sensor = 57	 output = 14
sensor = 58	 output = 14
sensor = 57	 output = 14
sensor = 58	 output = 14
sensor = 56	 output = 13
sensor = 58	 output = 14
sensor = 57	 output = 14
sensor = 57	 output = 14
sensor = 58	 output = 14
sensor = 57	 output = 14
sensor = 58	 output = 14
sensor = 57	 output = 14
sensor = 58	 output = 14
sensor = 57	 output = 14
sensor = 56	 output = 13
sensor = 57	 output = 14
sensor = 56	 output = 13
sensor = 57	 output = 14
sensor = 55	 output = 13
sensor = 57	 output = 14
sensor = 57	 output = 14
sensor = 58	 output = 14
sensor = 57	 output = 14
sensor = 57	 output = 14
sensor = 57	 output = 14
sensor = 57	 output = 14
sensor = 57	 output = 14
sensor = 58	 output = 14
sensor = 56	 output = 13
sensor = 57	 output = 14
sensor = 58	 output = 14
sensor = 57	 output = 14
sensor = 57	 output = 14
sensor = 57	 output = 14
sensor = 58	 output = 14
sensor = 57	 output = 14
sensor = 58	 output = 14
sensor = 57	 output = 14
sensor = 57	 output = 14
sensor = 57	 output = 14
sensor = 57	 output = 14
sensor = 57	 output = 14
sensor = 58	 output = 14
sensor = 56	 output = 13
sensor = 57	 output = 14
sensor = 57	 output = 14
sensor = 57	 output = 14
sensor = 56	 output = 13
sensor = 56	 output = 13
sensor = 58	 output = 14
sensor = 57	 output = 14
sensor = 58	 output = 14
sensor = 57	 output = 14
sensor = 56	 output = 13
sensor = 57	 output = 14
sensor = 56	 output = 13
sensor = 58	 output = 14
sensor = 56	 output = 13
sensor = 56	 output = 13
sensor = 56	 output = 13
sensor = 56	 output = 13
sensor = 56	 output = 13
sensor = 57	 output = 14
sensor = 58	 output = 14
sensor = 58	 output = 14
sensor = 56	 output = 13
sensor = 57	 output = 14
sensor = 57	 output = 14
sensor = 57	 output = 14
sensor = 56	 output = 13
sensor = 57	 output = 14
sensor = 56	 output = 13
sensor = 57	 output = 14
sensor = 57	 output = 14
sensor = 57	 output = 14
sensor = 57	 output = 14
sensor = 57	 output = 14
sensor = 57	 output = 14
sensor = 57	 output = 14
sensor = 57	 output = 14
sensor = 57	 output = 14
sensor = 57	 output = 14
sensor = 58	 output = 14
sensor = 57	 output = 14
sensor = 56	 output = 13
sensor = 58	 output = 14
sensor = 58	 output = 14
sensor = 57	 output = 14
sensor = 57	 output = 14
sensor = 56	 output = 13
sensor = 56	 output = 13
sensor = 56	 output = 13
sensor = 57	 output = 14
sensor = 57	 output = 14
sensor = 56	 output = 13
sensor = 57	 output = 14
sensor = 57	 output = 14
sensor = 56	 output = 13
sensor = 56	 output = 13
sensor = 56	 output = 13
sensor = 57	 output = 14
sensor = 57	 output = 14
sensor = 58	 output = 14
sensor = 57	 output = 14
sensor = 57	 output = 14
sensor = 57	 output = 14
sensor = 56	 output = 13
sensor = 57	 output = 14
sensor = 58	 output = 14
sensor = 57	 output = 14
sensor = 56	 output = 13
sensor = 57	 output = 14
sensor = 56	 output = 13
sensor = 57	 output = 14
sensor = 57	 output = 14
sensor = 56	 output = 13
sensor = 57	 output = 14
sensor = 57	 output = 14
sensor = 57	 output = 14
sensor = 58	 output = 14
sensor = 56	 output = 13
sensor = 58	 output = 14
sensor = 58	 output = 14
sensor = 56	 output = 13
sensor = 56	 output = 13
sensor = 57	 output = 14
sensor = 57	 output = 14
sensor = 57	 output = 14
sensor = 58	 output = 14
sensor = 58	 output = 14
sensor = 57	 output = 14
sensor = 57	 output = 14
sensor = 57	 output = 14
sensor = 57	 output = 14
sensor = 57	 output = 14
sensor = 57	 output = 14
sensor = 58	 output = 14
sensor = 58	 output = 14
sensor = 57	 output = 14
sensor = 57	 output = 14
sensor = 57	 output = 14
sensor = 57	 output = 14
sensor = 56	 output = 13
sensor = 57	 output = 14
sensor = 56	 output = 13
sensor = 57	 output = 14
sensor = 57	 output = 14
sensor = 57	 output = 14
sensor = 57	 output = 14
sensor = 57	 output = 14
sensor = 57	 output = 14
sensor = 58	 output = 14
sensor = 57	 output = 14
sensor = 57	 output = 14
sensor = 57	 output = 14
sensor = 57	 output = 14
sensor = 56	 output = 13
sensor = 57	 output = 14
sensor = 57	 output = 14
sensor = 57	 output = 14
sensor = 58	 output = 14
sensor = 57	 output = 14
sensor = 57	 output = 14
sensor = 57	 output = 14
sensor = 57	 output = 14
sensor = 57	 output = 14
sensor = 56	 output = 13
sensor = 56	 output = 13
sensor = 57	 output = 14
sensor = 58	 output = 14
sensor = 58	 output = 14
sensor = 57	 output = 14
sensor = 57	 output = 14
sensor = 58	 output = 14
sensor = 57	 output = 14
sensor = 57	 output = 14
sensor = 57	 output = 14
sensor = 57	 output = 14
sensor = 57	 output = 14
sensor = 57	 output = 14
sensor = 56	 output = 13
sensor = 56	 output = 13
sensor = 57	 output = 14
sensor = 57	 output = 14
sensor = 57	 output = 14
sensor = 58	 output = 14
sensor = 58	 output = 14
sensor = 58	 output = 14
sensor = 56	 output = 13
sensor = 56	 output = 13
sensor = 57	 output = 14
sensor = 57	 output = 14
sensor = 57	 output = 14
sensor = 57	 output = 14
sensor = 57	 output = 14
sensor = 57	 output = 14
sensor = 57	 output = 14
sensor = 56	 output = 13
sensor = 56	 output = 13
sensor = 57	 output = 14
sensor = 56	 output = 13
sensor = 57	 output = 14
sensor = 55	 output = 13
sensor = 56	 output = 13
sensor = 57	 output = 14
sensor = 57	 output = 14
sensor = 56	 output = 13
sensor = 57	 output = 14
sensor = 57	 output = 14
sensor = 56	 output = 13
sensor = 57	 output = 14
sensor = 57	 output = 14
sensor = 57	 output = 14
sensor = 58	 output = 14
sensor = 56	 output = 13
sensor = 57	 output = 14
sensor = 56	 output = 13
sensor = 56	 output = 13
sensor = 57	 output = 14
sensor = 57	 output = 14
sensor = 56	 output = 13
sensor = 57	 output = 14
sensor = 57	 output = 14
sensor = 57	 output = 14
sensor = 56	 output = 13
sensor = 56	 output = 13
sensor = 56	 output = 13
sensor = 57	 output = 14
sensor = 57	 output = 14
sensor = 56	 output = 13
sensor = 56	 output = 13
sensor = 55	 output = 13
sensor = 56	 output = 13
sensor = 56	 output = 13
sensor = 57	 output = 14
sensor = 56	 output = 13
sensor = 56	 output = 13
sensor = 56	 output = 13
sensor = 55	 output = 13
sensor = 57	 output = 14
sensor = 57	 output = 14
sensor = 56	 output = 13
sensor = 56	 output = 13
sensor = 57	 output = 14
sensor = 59	 output = 14
sensor = 56	 output = 13
sensor = 56	 output = 13
sensor = 56	 output = 13
sensor = 57	 output = 14
sensor = 57	 output = 14
sensor = 56	 output = 13
sensor = 57	 output = 14
sensor = 57	 output = 14
sensor = 57	 output = 14
sensor = 57	 output = 14
sensor = 58	 output = 14
sensor = 57	 output = 14
sensor = 57	 output = 14
sensor = 57	 output = 14
sensor = 57	 output = 14
sensor = 57	 output = 14
sensor = 57	 output = 14
sensor = 56	 output = 13
sensor = 55	 output = 13
sensor = 57	 output = 14
sensor = 55	 output = 13
sensor = 56	 output = 13
sensor = 56	 output = 13
sensor = 55	 output = 13
sensor = 55	 output = 13
sensor = 54	 output = 13
sensor = 57	 output = 14
sensor = 49	 output = 12
sensor = 53	 output = 13
sensor = 52	 output = 12
sensor = 52	 output = 12
sensor = 55	 output = 13
sensor = 54	 output = 13
sensor = 55	 output = 13
sensor = 56	 output = 13
sensor = 56	 output = 13
sensor = 56	 output = 13
sensor = 56	 output = 13
sensor = 57	 output = 14
sensor = 56	 output = 13
sensor = 57	 output = 14
sensor = 57	 output = 14
sensor = 57	 output = 14
sensor = 57	 output = 14
sensor = 57	 output = 14
sensor = 57	 output = 14
sensor = 57	 output = 14
sensor = 57	 output = 14
sensor = 57	 output = 14
sensor = 56	 output = 13
sensor = 58	 output = 14
sensor = 57	 output = 14
sensor = 57	 output = 14
sensor = 57	 output = 14
sensor = 57	 output = 14
sensor = 57	 output = 14
sensor = 56	 output = 13
sensor = 58	 output = 14
sensor = 56	 output = 13
sensor = 55	 output = 13
sensor = 57	 output = 14
sensor = 56	 output = 13
sensor = 57	 output = 14
sensor = 57	 output = 14
sensor = 57	 output = 14
sensor = 57	 output = 14
sensor = 56	 output = 13
sensor = 58	 output = 14
sensor = 57	 output = 14
sensor = 56	 output = 13
sensor = 57	 output = 14
sensor = 57	 output = 14
sensor = 57	 output = 14
sensor = 56	 output = 13
sensor = 56	 output = 13
sensor = 57	 output = 14
sensor = 57	 output = 14
sensor = 56	 output = 13
sensor = 56	 output = 13
sensor = 57	 output = 14
sensor = 56	 output = 13
sensor = 57	 output = 14
sensor = 57	 output = 14
sensor = 57	 output = 14
sensor = 57	 output = 14
sensor = 57	 output = 14
sensor = 56	 output = 13
sensor = 57	 output = 14
sensor = 58	 output = 14
sensor = 57	 output = 14
sensor = 56	 output = 13
sensor = 57	 output = 14
sensor = 56	 output = 13
sensor = 57	 output = 14
sensor = 61	 output = 15
sensor = 64	 output = 15
sensor = 75	 output = 18
sensor = 83	 output = 20
sensor = 96	 output = 23
sensor = 120	 output = 29
sensor = 110	 output = 27
sensor = 117	 output = 29
sensor = 122	 output = 30
sensor = 121	 output = 30
sensor = 114	 output = 28
sensor = 128	 output = 31
sensor = 114	 output = 28
sensor = 141	 output = 35
sensor = 131	 output = 32
sensor = 120	 output = 29
sensor = 122	 output = 30
sensor = 122	 output = 30
sensor = 129	 output = 32
sensor = 120	 output = 29
sensor = 110	 output = 27
sensor = 114	 output = 28
sensor = 123	 output = 30
sensor = 132	 output = 32
sensor = 138	 output = 34
sensor = 137	 output = 34
sensor = 121	 output = 30
sensor = 124	 output = 30
sensor = 114	 output = 28
sensor = 115	 output = 28
sensor = 109	 output = 27
sensor = 114	 output = 28
sensor = 106	 output = 26
sensor = 109	 output = 27
sensor = 112	 output = 27
sensor = 105	 output = 26
sensor = 99	 output = 24
sensor = 97	 output = 24
sensor = 101	 output = 25
sensor = 98	 output = 24
sensor = 98	 output = 24
sensor = 92	 output = 22
sensor = 89	 output = 22
sensor = 91	 output = 22
sensor = 95	 output = 23
sensor = 91	 output = 22
sensor = 101	 output = 25
sensor = 105	 output = 26
sensor = 96	 output = 23
sensor = 101	 output = 25
sensor = 88	 output = 21
sensor = 83	 output = 20
sensor = 81	 output = 20
sensor = 73	 output = 18
sensor = 84	 output = 20
sensor = 89	 output = 22
sensor = 79	 output = 19
sensor = 71	 output = 17
sensor = 67	 output = 16
sensor = 64	 output = 15
sensor = 61	 output = 15
sensor = 57	 output = 14
sensor = 55	 output = 13
sensor = 56	 output = 13
sensor = 54	 output = 13
sensor = 55	 output = 13
sensor = 55	 output = 13
sensor = 56	 output = 13
sensor = 54	 output = 13
sensor = 53	 output = 13
sensor = 53	 output = 13
sensor = 54	 output = 13
sensor = 54	 output = 13
sensor = 55	 output = 13
sensor = 56	 output = 13
sensor = 57	 output = 14
sensor = 55	 output = 13
sensor = 56	 output = 13
sensor = 56	 output = 13
sensor = 56	 output = 13
sensor = 56	 output = 13
sensor = 57	 output = 14
sensor = 57	 output = 14
sensor = 56	 output = 13
sensor = 58	 output = 14
sensor = 57	 output = 14
sensor = 57	 output = 14
sensor = 58	 output = 14
sensor = 57	 output = 14
sensor = 57	 output = 14
sensor = 57	 output = 14
sensor = 57	 output = 14
sensor = 58	 output = 14
sensor = 57	 output = 14
sensor = 58	 output = 14
sensor = 58	 output = 14
sensor = 57	 output = 14
sensor = 57	 output = 14
sensor = 56	 output = 13
sensor = 58	 output = 14
sensor = 58	 output = 14
sensor = 58	 output = 14
sensor = 56	 output = 13
sensor = 58	 output = 14
sensor = 58	 output = 14
sensor = 56	 output = 13
sensor = 57	 output = 14
sensor = 57	 output = 14
sensor = 56	 output = 13
sensor = 57	 output = 14
sensor = 57	 output = 14
sensor = 58	 output = 14
sensor = 58	 output = 14
sensor = 57	 output = 14
sensor = 57	 output = 14
sensor = 57	 output = 14
sensor = 58	 output = 14
sensor = 56	 output = 13
sensor = 57	 output = 14
sensor = 56	 output = 13
sensor = 57	 output = 14
sensor = 56	 output = 13
sensor = 57	 output = 14
sensor = 56	 output = 13
sensor = 56	 output = 13
sensor = 56	 output = 13
sensor = 57	 output = 14
sensor = 56	 output = 13
sensor = 56	 output = 13
sensor = 57	 output = 14
sensor = 57	 output = 14
sensor = 57	 output = 14
sensor = 58	 output = 14
sensor = 57	 output = 14
sensor = 57	 output = 14
sensor = 57	 output = 14
sensor = 57	 output = 14
sensor = 57	 output = 14
sensor = 57	 output = 14
sensor = 56	 output = 13
sensor = 57	 output = 14
sensor = 57	 output = 14
sensor = 57	 output = 14
sensor = 56	 output = 13
sensor = 57	 output = 14
sensor = 57	 output = 14
sensor = 57	 output = 14
sensor = 58	 output = 14
sensor = 56	 output = 13
sensor = 57	 output = 14
sensor = 56	 output = 13
sensor = 57	 output = 14
sensor = 56	 output = 13
sensor = 56	 output = 13
sensor = 57	 output = 14
sensor = 57	 output = 14
sensor = 57	 output = 14
sensor = 56	 output = 13
sensor = 57	 output = 14
sensor = 58	 output = 14
sensor = 57	 output = 14
sensor = 57	 output = 14
sensor = 58	 output = 14
sensor = 56	 output = 13
sensor = 57	 output = 14
sensor = 57	 output = 14
sensor = 57	 output = 14
sensor = 57	 output = 14
sensor = 57	 output = 14
sensor = 57	 output = 14
sensor = 56	 output = 13
sensor = 56	 output = 13
sensor = 57	 output = 14
sensor = 56	 output = 13
sensor = 57	 output = 14
sensor = 56	 output = 13
sensor = 56	 output = 13
sensor = 58	 output = 14
sensor = 57	 output = 14
sensor = 57	 output = 14
sensor = 56	 output = 13
sensor = 57	 output = 14
sensor = 57	 output = 14
sensor = 57	 output = 14
sensor = 58	 output = 14
sensor = 56	 output = 13
sensor = 57	 output = 14
sensor = 56	 output = 13
sensor = 57	 output = 14
sensor = 56	 output = 13
sensor = 57	 output = 14
sensor = 56	 output = 13
sensor = 56	 output = 13
sensor = 56	 output = 13
sensor = 57	 output = 14
sensor = 57	 output = 14
sensor = 56	 output = 13
sensor = 57	 output = 14
sensor = 56	 output = 13
sensor = 56	 output = 13
sensor = 57	 output = 14
sensor = 56	 output = 13
sensor = 57	 output = 14
sensor = 57	 output = 14
sensor = 56	 output = 13
sensor = 58	 output = 14
sensor = 57	 output = 14
sensor = 57	 output = 14
sensor = 57	 output = 14
sensor = 56	 output = 13
sensor = 57	 output = 14
sensor = 56	 output = 13
sensor = 58	 output = 14
sensor = 56	 output = 13
sensor = 56	 output = 13
sensor = 57	 output = 14
sensor = 56	 output = 13
sensor = 58	 output = 14
sensor = 56	 output = 13
sensor = 57	 output = 14
sensor = 57	 output = 14
sensor = 56	 output = 13
sensor = 57	 output = 14
sensor = 57	 output = 14
sensor = 57	 output = 14
sensor = 56	 output = 13
sensor = 57	 output = 14
sensor = 57	 output = 14
sensor = 57	 output = 14
sensor = 57	 output = 14
sensor = 57	 output = 14
sensor = 58	 output = 14
sensor = 56	 output = 13
sensor = 57	 output = 14
sensor = 56	 output = 13
sensor = 56	 output = 13
sensor = 56	 output = 13
sensor = 56	 output = 13
sensor = 57	 output = 14
sensor = 56	 output = 13
sensor = 56	 output = 13
sensor = 58	 output = 14
sensor = 56	 output = 13
sensor = 57	 output = 14
sensor = 57	 output = 14
sensor = 57	 output = 14
sensor = 57	 output = 14
sensor = 56	 output = 13
sensor = 59	 output = 14
sensor = 56	 output = 13
sensor = 56	 output = 13
sensor = 58	 output = 14
sensor = 56	 output = 13
sensor = 56	 output = 13
sensor = 56	 output = 13
sensor = 57	 output = 14
sensor = 57	 output = 14
sensor = 57	 output = 14
sensor = 57	 output = 14
sensor = 57	 output = 14
sensor = 56	 output = 13
sensor = 57	 output = 14
sensor = 56	 output = 13
sensor = 57	 output = 14
sensor = 56	 output = 13
sensor = 57	 output = 14
sensor = 58	 output = 14
sensor = 57	 output = 14
sensor = 56	 output = 13
sensor = 57	 output = 14
sensor = 58	 output = 14
sensor = 56	 output = 13
sensor = 58	 output = 14
sensor = 58	 output = 14
sensor = 57	 output = 14
sensor = 58	 output = 14
sensor = 57	 output = 14
sensor = 56	 output = 13
sensor = 57	 output = 14
sensor = 56	 output = 13
sensor = 56	 output = 13
sensor = 57	 output = 14
sensor = 57	 output = 14
sensor = 56	 output = 13
sensor = 58	 output = 14
sensor = 56	 output = 13