=~=~=~=~=~=~=~=~=~=~=~= PuTTY log 2022.11.09 20:52:24 =~=~=~=~=~=~=~=~=~=~=~=
 = 52	 output = 12
sensor = 52	 output = 12
sensor = 50	 output = 12
sensor = 51	 output = 12
sensor = 53	 output = 13
senr = 52	 output = 12
sensor = 52	 output = 12
sensor = 50	 output = 12
sensor = 51	 output = 12
sensor = 53	 output = 13
senr = 52	 output = 12
sensor = 52	 output = 12
sensor = 50	 output = 12
sensor = 51	 output = 12
sensor = 53	 output = 13
sensensor = 58	 output = 14
sensor = 57	 output = 14
sensor = 57	 output = 14
sensor = 57	 output = 14
sensor = 57	 output = 14
sensor = 57	 output = 14
sensor = 56	 output = 13
sensor = 58	 output = 14
sensor = 57	 output = 14
sensor = 57	 output = 14
sensor = 57	 output = 14
sensor = 57	 output = 14
sensor = 58	 output = 14
sensor = 57	 output = 14
sensor = 57	 output = 14
sensor = 57	 output = 14
sensor = 57	 output = 14
sensor = 58	 output = 14
sensor = 58	 output = 14
sensor = 59	 output = 14
sensor = 58	 output = 14
sensor = 58	 output = 14
sensor = 56	 output = 13
sensor = 56	 output = 13
sensor = 56	 output = 13
sensor = 57	 output = 14
sensor = 58	 output = 14
sensor = 56	 output = 13
sensor = 57	 output = 14
sensor = 56	 output = 13
sensor = 58	 output = 14
sensor = 56	 output = 13
sensor = 57	 output = 14
sensor = 57	 output = 14
sensor = 57	 output = 14
sensor = 57	 output = 14
sensor = 57	 output = 14
sensor = 57	 output = 14
sensor = 57	 output = 14
sensor = 57	 output = 14
sensor = 57	 output = 14
sensor = 57	 output = 14
sensor = 57	 output = 14
sensor = 56	 output = 13
sensor = 57	 output = 14
sensor = 57	 output = 14
sensor = 57	 output = 14
sensor = 55	 output = 13
sensor = 57	 output = 14
sensor = 56	 output = 13
sensor = 57	 output = 14
sensor = 56	 output = 13
sensor = 56	 output = 13
sensor = 57	 output = 14
sensor = 56	 output = 13
sensor = 57	 output = 14
sensor = 56	 output = 13
sensor = 57	 output = 14
sensor = 57	 output = 14
sensor = 57	 output = 14
sensor = 58	 output = 14
sensor = 57	 output = 14
sensor = 58	 output = 14
sensor = 57	 output = 14
sensor = 58	 output = 14
sensor = 57	 output = 14
sensor = 57	 output = 14
sensor = 57	 output = 14
sensor = 58	 output = 14
sensor = 56	 output = 13
sensor = 57	 output = 14
sensor = 58	 output = 14
sensor = 56	 output = 13
sensor = 57	 output = 14
sensor = 57	 output = 14
sensor = 56	 output = 13
sensor = 57	 output = 14
sensor = 57	 output = 14
sensor = 57	 output = 14
sensor = 58	 output = 14
sensor = 57	 output = 14
sensor = 58	 output = 14
sensor = 58	 output = 14
sensor = 57	 output = 14
sensor = 58	 output = 14
sensor = 57	 output = 14
sensor = 58	 output = 14
sensor = 57	 output = 14
sensor = 58	 output = 14
sensor = 57	 output = 14
sensor = 57	 output = 14
sensor = 58	 output = 14
sensor = 57	 output = 14
sensor = 58	 output = 14
sensor = 57	 output = 14
sensor = 55	 output = 13
sensor = 57	 output = 14
sensor = 57	 output = 14
sensor = 57	 output = 14
sensor = 58	 output = 14
sensor = 58	 output = 14
sensor = 58	 output = 14
sensor = 57	 output = 14
sensor = 58	 output = 14
sensor = 57	 output = 14
sensor = 57	 output = 14
sensor = 57	 output = 14
sensor = 57	 output = 14
sensor = 56	 output = 13
sensor = 56	 output = 13
sensor = 57	 output = 14
sensor = 58	 output = 14
sensor = 58	 output = 14
sensor = 57	 output = 14
sensor = 58	 output = 14
sensor = 56	 output = 13
sensor = 58	 output = 14
sensor = 57	 output = 14
sensor = 57	 output = 14
sensor = 55	 output = 13
sensor = 55	 output = 13
sensor = 54	 output = 13
sensor = 61	 output = 15
sensor = 62	 output = 15
sensor = 68	 output = 16
sensor = 70	 output = 17
sensor = 78	 output = 19
sensor = 84	 output = 20
sensor = 102	 output = 25
sensor = 106	 output = 26
sensor = 118	 output = 29
sensor = 120	 output = 29
sensor = 114	 output = 28
sensor = 118	 output = 29
sensor = 119	 output = 29
sensor = 109	 output = 27
sensor = 113	 output = 28
sensor = 121	 output = 30
sensor = 121	 output = 30
sensor = 130	 output = 32
sensor = 121	 output = 30
sensor = 131	 output = 32
sensor = 123	 output = 30
sensor = 136	 output = 33
sensor = 149	 output = 37
sensor = 130	 output = 32
sensor = 115	 output = 28
sensor = 113	 output = 28
sensor = 108	 output = 26
sensor = 105	 output = 26
sensor = 102	 output = 25
sensor = 97	 output = 24
sensor = 91	 output = 22
sensor = 102	 output = 25
sensor = 98	 output = 24
sensor = 96	 output = 23
sensor = 95	 output = 23
sensor = 96	 output = 23
sensor = 93	 output = 23
sensor = 86	 output = 21
sensor = 82	 output = 20
sensor = 84	 output = 20
sensor = 80	 output = 19
sensor = 77	 output = 19
sensor = 81	 output = 20
sensor = 81	 output = 20
sensor = 73	 output = 18
sensor = 84	 output = 20
sensor = 83	 output = 20
sensor = 89	 output = 22
sensor = 103	 output = 25
sensor = 115	 output = 28
sensor = 117	 output = 29
sensor = 100	 output = 24
sensor = 101	 output = 25
sensor = 96	 output = 23
sensor = 89	 output = 22
sensor = 91	 output = 22
sensor = 92	 output = 22
sensor = 98	 output = 24
sensor = 87	 output = 21
sensor = 79	 output = 19
sensor = 75	 output = 18
sensor = 68	 output = 16
sensor = 65	 output = 16
sensor = 62	 output = 15
sensor = 61	 output = 15
sensor = 64	 output = 15
sensor = 63	 output = 15
sensor = 62	 output = 15
sensor = 59	 output = 14
sensor = 57	 output = 14
sensor = 57	 output = 14
sensor = 57	 output = 14
sensor = 58	 output = 14
sensor = 59	 output = 14
sensor = 61	 output = 15
sensor = 69	 output = 17
sensor = 78	 output = 19
sensor = 79	 output = 19
sensor = 79	 output = 19
sensor = 78	 output = 19
sensor = 75	 output = 18
sensor = 72	 output = 17
sensor = 68	 output = 16
sensor = 64	 output = 15
sensor = 60	 output = 14
sensor = 57	 output = 14
sensor = 55	 output = 13
sensor = 50	 output = 12
sensor = 50	 output = 12
sensor = 51	 output = 12
sensor = 52	 output = 12
sensor = 52	 output = 12
sensor = 63	 output = 15
sensor = 78	 output = 19
sensor = 84	 output = 20
sensor = 78	 output = 19
sensor = 83	 output = 20
sensor = 85	 output = 21
sensor = 84	 output = 20
sensor = 80	 output = 19
sensor = 76	 output = 18
sensor = 69	 output = 17
sensor = 64	 output = 15
sensor = 61	 output = 15
sensor = 58	 output = 14
sensor = 58	 output = 14
sensor = 57	 output = 14
sensor = 58	 output = 14
sensor = 57	 output = 14
sensor = 58	 output = 14
sensor = 57	 output = 14
sensor = 57	 output = 14
sensor = 58	 output = 14
sensor = 57	 output = 14
sensor = 57	 output = 14
sensor = 57	 output = 14
sensor = 57	 output = 14
sensor = 56	 output = 13
sensor = 56	 output = 13
sensor = 56	 output = 13
sensor = 55	 output = 13
sensor = 56	 output = 13
sensor = 56	 output = 13
sensor = 56	 output = 13
sensor = 54	 output = 13
sensor = 55	 output = 13
sensor = 53	 output = 13
sensor = 50	 output = 12
sensor = 52	 output = 12
sensor = 53	 output = 13
sensor = 54	 output = 13
sensor = 56	 output = 13
sensor = 55	 output = 13
sensor = 54	 output = 13
sensor = 55	 output = 13
sensor = 54	 output = 13
sensor = 53	 output = 13
sensor = 50	 output = 12
sensor = 49	 output = 12
sensor = 51	 output = 12
sensor = 52	 output = 12
sensor = 55	 output = 13
sensor = 53	 output = 13
sensor = 51	 output = 12
sensor = 50	 output = 12
sensor = 50	 output = 12
sensor = 52	 output = 12
sensor = 53	 output = 13
sensor = 52	 output = 12
sensor = 49	 output = 12
sensor = 50	 output = 12
sensor = 49	 output = 12
sensor = 49	 output = 12
sensor = 49	 output = 12
sensor = 46	 output = 11
sensor = 46	 output = 11
sensor = 48	 output = 11
sensor = 49	 output = 12
sensor = 49	 output = 12
sensor = 48	 output = 11
sensor = 50	 output = 12
sensor = 50	 output = 12
sensor = 51	 output = 12
sensor = 50	 output = 12
sensor = 49	 output = 12
sensor = 49	 output = 12
sensor = 53	 output = 13
sensor = 54	 output = 13
sensor = 53	 output = 13
sensor = 54	 output = 13
sensor = 53	 output = 13
sensor = 54	 output = 13
sensor = 55	 output = 13
sensor = 56	 output = 13
sensor = 54	 output = 13
sensor = 55	 output = 13
sensor = 56	 output = 13
sensor = 56	 output = 13
sensor = 56	 output = 13
sensor = 56	 output = 13
sensor = 56	 output = 13
sensor = 55	 output = 13
sensor = 56	 output = 13
sensor = 57	 output = 14
sensor = 56	 output = 13
sensor = 57	 output = 14
sensor = 58	 output = 14
sensor = 57	 output = 14
sensor = 56	 output = 13
sensor = 57	 output = 14
sensor = 57	 output = 14
sensor = 57	 output = 14
sensor = 57	 output = 14
sensor = 57	 output = 14
sensor = 57	 output = 14
sensor = 57	 output = 14
sensor = 58	 output = 14
sensor = 57	 output = 14
sensor = 56	 output = 13
sensor = 57	 output = 14
sensor = 57	 output = 14
sensor = 56	 output = 13
sensor = 57	 output = 14
sensor = 57	 output = 14
sensor = 57	 output = 14
sensor = 58	 output = 14
sensor = 56	 output = 13
sensor = 58	 output = 14
sensor = 57	 output = 14
sensor = 57	 output = 14
sensor = 57	 output = 14
sensor = 57	 output = 14
sensor = 57	 output = 14
sensor = 57	 output = 14
sensor = 57	 output = 14
sensor = 56	 output = 13
sensor = 58	 output = 14
sensor = 57	 output = 14
sensor = 58	 output = 14
sensor = 57	 output = 14
sensor = 57	 output = 14
sensor = 57	 output = 14
sensor = 57	 output = 14
sensor = 58	 output = 14
sensor = 56	 output = 13
sensor = 58	 output = 14
sensor = 56	 output = 13
sensor = 57	 output = 14
sensor = 58	 output = 14
sensor = 56	 output = 13
sensor = 57	 output = 14
sensor = 57	 output = 14
sensor = 57	 output = 14
sensor = 55	 output = 13
sensor = 60	 output = 14
sensor = 59	 output = 14
sensor = 59	 output = 14
sensor = 67	 output = 16
sensor = 65	 output = 16
sensor = 84	 output = 20
sensor = 89	 output = 22
sensor = 103	 output = 25
sensor = 107	 output = 26
sensor = 100	 output = 24
sensor = 110	 output = 27
sensor = 135	 output = 33
sensor = 120	 output = 29
sensor = 111	 output = 27
sensor = 111	 output = 27
sensor = 110	 output = 27
sensor = 111	 output = 27
sensor = 104	 output = 25
sensor = 106	 output = 26
sensor = 123	 output = 30
sensor = 119	 output = 29
sensor = 103	 output = 25
sensor = 108	 output = 26
sensor = 107	 output = 26
sensor = 108	 output = 26
sensor = 115	 output = 28
sensor = 130	 output = 32
sensor = 122	 output = 30
sensor = 121	 output = 30
sensor = 141	 output = 35
sensor = 138	 output = 34
sensor = 126	 output = 31
sensor = 124	 output = 30
sensor = 110	 output = 27
sensor = 113	 output = 28
sensor = 112	 output = 27
sensor = 106	 output = 26
sensor = 104	 output = 25
sensor = 110	 output = 27
sensor = 104	 output = 25
sensor = 100	 output = 24
sensor = 113	 output = 28
sensor = 104	 output = 25
sensor = 90	 output = 22
sensor = 111	 output = 27
sensor = 110	 output = 27
sensor = 115	 output = 28
sensor = 131	 output = 32
sensor = 128	 output = 31
sensor = 114	 output = 28
sensor = 116	 output = 28
sensor = 110	 output = 27
sensor = 102	 output = 25
sensor = 93	 output = 23
sensor = 103	 output = 25
sensor = 102	 output = 25
sensor = 124	 output = 30
sensor = 140	 output = 34
sensor = 127	 output = 31
sensor = 120	 output = 29
sensor = 110	 output = 27
sensor = 100	 output = 24
sensor = 115	 output = 28
sensor = 109	 output = 27
sensor = 109	 output = 27
sensor = 117	 output = 29
sensor = 108	 output = 26
sensor = 104	 output = 25
sensor = 113	 output = 28
sensor = 99	 output = 24
sensor = 84	 output = 20
sensor = 73	 output = 18
sensor = 68	 output = 16
sensor = 62	 output = 15
sensor = 60	 output = 14
sensor = 58	 output = 14
sensor = 58	 output = 14
sensor = 58	 output = 14
sensor = 57	 output = 14
sensor = 56	 output = 13
sensor = 57	 output = 14
sensor = 56	 output = 13
sensor = 57	 output = 14
sensor = 57	 output = 14
sensor = 57	 output = 14
sensor = 61	 output = 15
sensor = 60	 output = 14
sensor = 58	 output = 14
sensor = 54	 output = 13
sensor = 54	 output = 13
sensor = 54	 output = 13
sensor = 55	 output = 13
sensor = 56	 output = 13
sensor = 55	 output = 13
sensor = 55	 output = 13
sensor = 56	 output = 13
sensor = 56	 output = 13
sensor = 56	 output = 13
sensor = 56	 output = 13
sensor = 57	 output = 14
sensor = 58	 output = 14
sensor = 56	 output = 13
sensor = 57	 output = 14
sensor = 58	 output = 14
sensor = 57	 output = 14
sensor = 57	 output = 14
sensor = 57	 output = 14
sensor = 57	 output = 14
sensor = 56	 output = 13
sensor = 58	 output = 14
sensor = 56	 output = 13
sensor = 53	 output = 13
sensor = 54	 output = 13
sensor = 54	 output = 13
sensor = 54	 output = 13
sensor = 55	 output = 13
sensor = 54	 output = 13
sensor = 52	 output = 12
sensor = 52	 output = 12
sensor = 53	 output = 13
sensor = 52	 output = 12
sensor = 54	 output = 13
sensor = 54	 output = 13
sensor = 54	 output = 13
sensor = 53	 output = 13
sensor = 55	 output = 13
sensor = 53	 output = 13
sensor = 54	 output = 13
sensor = 55	 output = 13
sensor = 55	 output = 13
sensor = 54	 output = 13
sensor = 56	 output = 13
sensor = 56	 output = 13
sensor = 57	 output = 14
sensor = 55	 output = 13
sensor = 54	 output = 13
sensor = 54	 output = 13
sensor = 52	 output = 12
sensor = 50	 output = 12
sensor = 51	 output = 12
sensor = 52	 output = 12
sensor = 48	 output = 11
sensor = 49	 output = 12
sensor = 47	 output = 11
sensor = 49	 output = 12
sensor = 48	 output = 11
sensor = 50	 output = 12
sensor = 47	 output = 11
sensor = 46	 output = 11
sensor = 49	 output = 12
sensor = 49	 output = 12
sensor = 52	 output = 12
sensor = 53	 output = 13
sensor = 55	 output = 13
sensor = 55	 output = 13
sensor = 56	 output = 13
sensor = 56	 output = 13
sensor = 57	 output = 14
sensor = 57	 output = 14
sensor = 56	 output = 13
sensor = 56	 output = 13
sensor = 56	 output = 13
sensor = 57	 output = 14
sensor = 58	 output = 14
sensor = 57	 output = 14
sensor = 57	 output = 14
sensor = 57	 output = 14
sensor = 58	 output = 14
sensor = 57	 output = 14
sensor = 56	 output = 13
sensor = 58	 output = 14
sensor = 78	 output = 19
sensor = 102	 output = 25
sensor = 116	 output = 28
sensor = 121	 output = 30
sensor = 119	 output = 29
sensor = 115	 output = 28
sensor = 107	 output = 26
sensor = 103	 output = 25
sensor = 93	 output = 23
sensor = 84	 output = 20
sensor = 75	 output = 18
sensor = 67	 output = 16
sensor = 64	 output = 15
sensor = 56	 output = 13
sensor = 57	 output = 14
sensor = 56	 output = 13
sensor = 56	 output = 13
sensor = 56	 output = 13
sensor = 57	 output = 14
sensor = 57	 output = 14
sensor = 56	 output = 13
sensor = 57	 output = 14
sensor = 58	 output = 14
sensor = 57	 output = 14
sensor = 59	 output = 14
sensor = 58	 output = 14
sensor = 56	 output = 13
sensor = 57	 output = 14
sensor = 57	 output = 14
sensor = 57	 output = 14
sensor = 56	 output = 13
sensor = 57	 output = 14
sensor = 57	 output = 14
sensor = 58	 output = 14
sensor = 56	 output = 13
sensor = 51	 output = 12
sensor = 54	 output = 13
sensor = 55	 output = 13
sensor = 55	 output = 13
sensor = 54	 output = 13
sensor = 55	 output = 13
sensor = 70	 output = 17
sensor = 92	 output = 22
sensor = 104	 output = 25
sensor = 109	 output = 27
sensor = 112	 output = 27
sensor = 111	 output = 27
sensor = 104	 output = 25
sensor = 98	 output = 24
sensor = 93	 output = 23
sensor = 85	 output = 21
sensor = 81	 output = 20
sensor = 77	 output = 19
sensor = 72	 output = 17
sensor = 70	 output = 17
sensor = 65	 output = 16
sensor = 60	 output = 14
sensor = 59	 output = 14
sensor = 56	 output = 13
sensor = 57	 output = 14
sensor = 55	 output = 13
sensor = 56	 output = 13
sensor = 59	 output = 14
sensor = 62	 output = 15
sensor = 61	 output = 15
sensor = 65	 output = 16
sensor = 71	 output = 17
sensor = 76	 output = 18
sensor = 83	 output = 20
sensor = 84	 output = 20
sensor = 77	 output = 19
sensor = 85	 output = 21
sensor = 82	 output = 20
sensor = 107	 output = 26
sensor = 106	 output = 26
sensor = 118	 output = 29
sensor = 114	 output = 28
sensor = 106	 output = 26
sensor = 105	 output = 26
sensor = 112	 output = 27
sensor = 115	 output = 28
sensor = 110	 output = 27
sensor = 124	 output = 30
sensor = 118	 output = 29
sensor = 107	 output = 26
sensor = 99	 output = 24
sensor = 107	 output = 26
sensor = 107	 output = 26
sensor = 111	 output = 27
sensor = 103	 output = 25
sensor = 126	 output = 31
sensor = 114	 output = 28
sensor = 102	 output = 25
sensor = 103	 output = 25
sensor = 99	 output = 24
sensor = 97	 output = 24
sensor = 95	 output = 23
sensor = 89	 output = 22
sensor = 86	 output = 21
sensor = 103	 output = 25
sensor = 95	 output = 23
sensor = 99	 output = 24
sensor = 99	 output = 24
sensor = 109	 output = 27
sensor = 105	 output = 26
sensor = 114	 output = 28
sensor = 114	 output = 28
sensor = 115	 output = 28
sensor = 118	 output = 29
sensor = 114	 output = 28
sensor = 115	 output = 28
sensor = 100	 output = 24
sensor = 93	 output = 23
sensor = 92	 output = 22
sensor = 104	 output = 25
sensor = 91	 output = 22
sensor = 93	 output = 23
sensor = 91	 output = 22
sensor = 82	 output = 20
sensor = 83	 output = 20
sensor = 76	 output = 18
sensor = 70	 output = 17
sensor = 65	 output = 16
sensor = 65	 output = 16
sensor = 62	 output = 15
sensor = 60	 output = 14
sensor = 60	 output = 14
sensor = 58	 output = 14
sensor = 58	 output = 14
sensor = 58	 output = 14
sensor = 57	 output = 14
sensor = 58	 output = 14
sensor = 57	 output = 14
sensor = 57	 output = 14
sensor = 58	 output = 14
sensor = 58	 output = 14
sensor = 58	 output = 14
sensor = 58	 output = 14
sensor = 57	 output = 14
sensor = 59	 output = 14
sensor = 60	 output = 14
sensor = 60	 output = 14
sensor = 59	 output = 14
sensor = 56	 output = 13
sensor = 56	 output = 13
sensor = 52	 output = 12
sensor = 53	 output = 13
sensor = 52	 output = 12
sensor = 54	 output = 13
sensor = 54	 output = 13
sensor = 53	 output = 13
sensor = 55	 output = 13
sensor = 55	 output = 13
sensor = 57	 output = 14
sensor = 57	 output = 14
sensor = 56	 output = 13
sensor = 57	 output = 14
sensor = 57	 output = 14
sensor = 57	 output = 14
sensor = 56	 output = 13
sensor = 57	 output = 14
sensor = 57	 output = 14
sensor = 58	 output = 14
sensor = 59	 output = 14
sensor = 57	 output = 14
sensor = 57	 output = 14
sensor = 56	 output = 13
sensor = 57	 output = 14
sensor = 56	 output = 13
sensor = 56	 output = 13
sensor = 57	 output = 14
sensor = 56	 output = 13
sensor = 56	 output = 13
sensor = 56	 output = 13
sensor = 56	 output = 13
sensor = 58	 output = 14
sensor = 57	 output = 14
sensor = 57	 output = 14
sensor = 58	 output = 14
sensor = 57	 output = 14
sensor = 57	 output = 14
sensor = 58	 output = 14
sensor = 57	 output = 14
sensor = 55	 output = 13
sensor = 55	 output = 13
sensor = 53	 output = 13
sensor = 53	 output = 13
sensor = 51	 output = 12
sensor = 49	 output = 12
sensor = 49	 output = 12
sensor = 51	 output = 12
sensor = 55	 output = 13
sensor = 58	 output = 14
sensor = 59	 output = 14
sensor = 59	 output = 14
sensor = 66	 output = 16
sensor = 77	 output = 19
sensor = 94	 output = 23
sensor = 115	 output = 28
sensor = 133	 output = 33
sensor = 147	 output = 36
sensor = 160	 output = 39
sensor = 171	 output = 42
sensor = 172	 output = 42
sensor = 165	 output = 41
sensor = 158	 output = 39
sensor = 133	 output = 33
sensor = 157	 output = 39
sensor = 172	 output = 42
sensor = 177	 output = 44
sensor = 175	 output = 43
sensor = 167	 output = 41
sensor = 149	 output = 37
sensor = 133	 output = 33
sensor = 119	 output = 29
sensor = 105	 output = 26
sensor = 89	 output = 22
sensor = 78	 output = 19
sensor = 66	 output = 16
sensor = 61	 output = 15
sensor = 58	 output = 14
sensor = 55	 output = 13
sensor = 54	 output = 13
sensor = 56	 output = 13
sensor = 55	 output = 13
sensor = 56	 output = 13
sensor = 57	 output = 14
sensor = 58	 output = 14
sensor = 65	 output = 16
sensor = 81	 output = 20
sensor = 94	 output = 23
sensor = 107	 output = 26
sensor = 129	 output = 32
sensor = 178	 output = 44
sensor = 192	 output = 47
sensor = 196	 output = 48
sensor = 191	 output = 47
sensor = 184	 output = 45
sensor = 174	 output = 43
sensor = 155	 output = 38
sensor = 126	 output = 31
sensor = 101	 output = 25
sensor = 87	 output = 21
sensor = 74	 output = 18
sensor = 64	 output = 15
sensor = 62	 output = 15
sensor = 58	 output = 14
sensor = 57	 output = 14
sensor = 55	 output = 13
sensor = 56	 output = 13
sensor = 56	 output = 13
sensor = 57	 output = 14
sensor = 62	 output = 15
sensor = 72	 output = 17
sensor = 82	 output = 20
sensor = 91	 output = 22
sensor = 103	 output = 25
sensor = 109	 output = 27
sensor = 115	 output = 28
sensor = 120	 output = 29
sensor = 119	 output = 29
sensor = 115	 output = 28
sensor = 112	 output = 27
sensor = 106	 output = 26
sensor = 96	 output = 23
sensor = 88	 output = 21
sensor = 77	 output = 19
sensor = 68	 output = 16
sensor = 64	 output = 15
sensor = 66	 output = 16
sensor = 71	 output = 17
sensor = 84	 output = 20
sensor = 98	 output = 24
sensor = 110	 output = 27
sensor = 116	 output = 28
sensor = 114	 output = 28
sensor = 106	 output = 26
sensor = 90	 output = 22
sensor = 77	 output = 19
sensor = 71	 output = 17
sensor = 64	 output = 15
sensor = 60	 output = 14
sensor = 61	 output = 15
sensor = 62	 output = 15
sensor = 74	 output = 18
sensor = 94	 output = 23
sensor = 99	 output = 24
sensor = 87	 output = 21
sensor = 76	 output = 18
sensor = 71	 output = 17
sensor = 64	 output = 15
sensor = 63	 output = 15
sensor = 61	 output = 15
sensor = 59	 output = 14
sensor = 64	 output = 15
sensor = 76	 output = 18
sensor = 88	 output = 21
sensor = 96	 output = 23
sensor = 100	 output = 24
sensor = 103	 output = 25
sensor = 103	 output = 25
sensor = 107	 output = 26
sensor = 108	 output = 26
sensor = 112	 output = 27
sensor = 111	 output = 27
sensor = 116	 output = 28
sensor = 123	 output = 30
sensor = 127	 output = 31
sensor = 133	 output = 33
sensor = 143	 output = 35
sensor = 168	 output = 41
sensor = 198	 output = 49
sensor = 210	 output = 52
sensor = 0	 output = 0
sensor = 0	 output = 0
sensor = 0	 output = 0
sensor = 0	 output = 0
sensor = 0	 output = 0
sensor = 0	 output = 0
sensor = 0	 output = 0
sensor = 0	 output = 0
sensor = 0	 output = 0
sensor = 0	 output = 0
sensor = 0	 output = 0
sensor = 636	 output = 158
sensor = 637	 output = 158
sensor = 637	 output = 158
sensor = 633	 output = 157
sensor = 634	 output = 158
sensor = 448	 output = 111
sensor = 316	 output = 78
sensor = 227	 output = 56
sensor = 167	 output = 41
sensor = 131	 output = 32
sensor = 105	 output = 26
sensor = 90	 output = 22
sensor = 77	 output = 19
sensor = 69	 output = 17
sensor = 65	 output = 16
sensor = 61	 output = 15
sensor = 60	 output = 14
sensor = 56	 output = 13
sensor = 55	 output = 13
sensor = 56	 output = 13
sensor = 57	 output = 14
sensor = 56	 output = 13
sensor = 56	 output = 13
sensor = 54	 output = 13
sensor = 59	 output = 14
sensor = 103	 output = 25
sensor = 189	 output = 47
sensor = 231	 output = 57
sensor = 232	 output = 57
sensor = 236	 output = 58
sensor = 236	 output = 58
sensor = 233	 output = 58
sensor = 235	 output = 58
sensor = 234	 output = 58
sensor = 227	 output = 56
sensor = 229	 output = 57
sensor = 229	 output = 57
sensor = 109	 output = 27
sensor = 85	 output = 21
sensor = 74	 output = 18
sensor = 64	 output = 15
sensor = 58	 output = 14
sensor = 58	 output = 14
sensor = 59	 output = 14
sensor = 55	 output = 13
sensor = 55	 output = 13
sensor = 57	 output = 14
sensor = 58	 output = 14
sensor = 58	 output = 14
sensor = 56	 output = 13
sensor = 56	 output = 13
sensor = 56	 output = 13
sensor = 57	 output = 14
sensor = 57	 output = 14
sensor = 56	 output = 13
sensor = 58	 output = 14
sensor = 57	 output = 14
sensor = 58	 output = 14
sensor = 56	 output = 13
sensor = 57	 output = 14
sensor = 61	 output = 15
sensor = 58	 output = 14
sensor = 58	 output = 14
sensor = 57	 output = 14
sensor = 58	 output = 14
sensor = 72	 output = 17
sensor = 110	 output = 27
sensor = 138	 output = 34
sensor = 141	 output = 35
sensor = 145	 output = 36
sensor = 156	 output = 38
sensor = 165	 output = 41
sensor = 180	 output = 44
sensor = 176	 output = 43
sensor = 139	 output = 34
sensor = 112	 output = 27
sensor = 98	 output = 24
sensor = 101	 output = 25
sensor = 109	 output = 27
sensor = 110	 output = 27
sensor = 104	 output = 25
sensor = 83	 output = 20
sensor = 50	 output = 12
sensor = 51	 output = 12
sensor = 54	 output = 13
sensor = 43	 output = 10
sensor = 63	 output = 15
sensor = 56	 output = 13
sensor = 57	 output = 14
sensor = 65	 output = 16
sensor = 53	 output = 13
sensor = 66	 output = 16
sensor = 71	 output = 17
sensor = 62	 output = 15
sensor = 79	 output = 19
sensor = 68	 output = 16
sensor = 50	 output = 12
sensor = 90	 output = 22
sensor = 80	 output = 19
sensor = 78	 output = 19
sensor = 77	 output = 19
sensor = 72	 output = 17
sensor = 69	 output = 17
sensor = 64	 output = 15
sensor = 61	 output = 15
sensor = 60	 output = 14
sensor = 46	 output = 11
sensor = 64	 output = 15
sensor = 59	 output = 14
sensor = 68	 output = 16
sensor = 84	 output = 20
sensor = 86	 output = 21
sensor = 90	 output = 22
sensor = 139	 output = 34
sensor = 121	 output = 30
sensor = 101	 output = 25
sensor = 92	 output = 22
sensor = 82	 output = 20
sensor = 73	 output = 18
sensor = 77	 output = 19
sensor = 71	 output = 17
sensor = 66	 output = 16
sensor = 57	 output = 14
sensor = 48	 output = 11
sensor = 59	 output = 14
sensor = 48	 output = 11
sensor = 53	 output = 13
sensor = 55	 output = 13
sensor = 46	 output = 11
sensor = 53	 output = 13
sensor = 55	 output = 13
sensor = 51	 output = 12
sensor = 59	 output = 14
sensor = 55	 output = 13
sensor = 63	 output = 15
sensor = 73	 output = 18
sensor = 70	 output = 17
sensor = 82	 output = 20
sensor = 79	 output = 19
sensor = 79	 output = 19
sensor = 84	 output = 20
sensor = 77	 output = 19
sensor = 79	 output = 19
sensor = 60	 output = 14
sensor = 58	 output = 14
sensor = 54	 output = 13
sensor = 51	 output = 12
sensor = 102	 output = 25
sensor = 156	 output = 38
sensor = 159	 output = 39
sensor = 125	 output = 31
sensor = 103	 output = 25
sensor = 100	 output = 24
sensor = 94	 output = 23
sensor = 80	 output = 19
sensor = 71	 output = 17
sensor = 76	 output = 18
sensor = 101	 output = 25
sensor = 141	 output = 35
sensor = 180	 output = 44
sensor = 197	 output = 49
sensor = 187	 output = 46
sensor = 187	 output = 46
sensor = 194	 output = 48
sensor = 233	 output = 58
sensor = 206	 output = 51
sensor = 180	 output = 44
sensor = 140	 output = 34
sensor = 110	 output = 27
sensor = 89	 output = 22
sensor = 84	 output = 20
sensor = 67	 output = 16
sensor = 65	 output = 16
sensor = 64	 output = 15
sensor = 67	 output = 16
sensor = 76	 output = 18
sensor = 71	 output = 17
sensor = 75	 output = 18
sensor = 73	 output = 18
sensor = 50	 output = 12
sensor = 51	 output = 12
sensor = 54	 output = 13
sensor = 56	 output = 13
sensor = 59	 output = 14
sensor = 62	 output = 15
sensor = 72	 output = 17
sensor = 93	 output = 23
sensor = 113	 output = 28
sensor = 121	 output = 30
sensor = 118	 output = 29
sensor = 125	 output = 31
sensor = 131	 output = 32
sensor = 142	 output = 35
sensor = 151	 output = 37
sensor = 158	 output = 39
sensor = 166	 output = 41
sensor = 164	 output = 40
sensor = 150	 output = 37
sensor = 131	 output = 32
sensor = 116	 output = 28
sensor = 109	 output = 27
sensor = 109	 output = 27
sensor = 112	 output = 27
sensor = 118	 output = 29
sensor = 125	 output = 31
sensor = 137	 output = 34
sensor = 139	 output = 34
sensor = 126	 output = 31
sensor = 102	 output = 25
sensor = 87	 output = 21
sensor = 75	 output = 18
sensor = 70	 output = 17
sensor = 90	 output = 22
sensor = 113	 output = 28
sensor = 135	 output = 33
sensor = 150	 output = 37
sensor = 173	 output = 43
sensor = 171	 output = 42
sensor = 161	 output = 40
sensor = 170	 output = 42
sensor = 186	 output = 46
sensor = 164	 output = 40
sensor = 141	 output = 35
sensor = 108	 output = 26
sensor = 92	 output = 22
sensor = 101	 output = 25
sensor = 102	 output = 25
sensor = 92	 output = 22
sensor = 186	 output = 46
sensor = 218	 output = 54
sensor = 238	 output = 59
sensor = 247	 output = 61
sensor = 243	 output = 60
sensor = 233	 output = 58
sensor = 219	 output = 54
sensor = 201	 output = 50
sensor = 184	 output = 45
sensor = 161	 output = 40
sensor = 140	 output = 34
sensor = 123	 output = 30
sensor = 106	 output = 26
sensor = 90	 output = 22
sensor = 78	 output = 19
sensor = 60	 output = 14
sensor = 55	 output = 13
sensor = 38	 output = 9
sensor = 30	 output = 7
sensor = 22	 output = 5
sensor = 66	 output = 16
sensor = 61	 output = 15
sensor = 53	 output = 13
sensor = 46	 output = 11
sensor = 36	 output = 8
sensor = 45	 output = 11
sensor = 88	 output = 21
sensor = 75	 output = 18
sensor = 69	 output = 17
sensor = 65	 output = 16
sensor = 59	 output = 14
sensor = 61	 output = 15
sensor = 56	 output = 13
sensor = 58	 output = 14
sensor = 61	 output = 15
sensor = 52	 output = 12
sensor = 61	 output = 15
sensor = 66	 output = 16
sensor = 68	 output = 16
sensor = 78	 output = 19
sensor = 74	 output = 18
sensor = 69	 output = 17
sensor = 72	 output = 17
sensor = 69	 output = 17
sensor = 78	 output = 19
sensor = 90	 output = 22
sensor = 56	 output = 13
sensor = 56	 output = 13
sensor = 56	 output = 13
sensor = 53	 output = 13
sensor = 54	 output = 13
sensor = 55	 output = 13
sensor = 57	 output = 14
sensor = 67	 output = 16
sensor = 91	 output = 22
sensor = 117	 output = 29
sensor = 149	 output = 37
sensor = 182	 output = 45
sensor = 200	 output = 49
sensor = 209	 output = 52
sensor = 221	 output = 55
sensor = 243	 output = 60
sensor = 252	 output = 62
sensor = 207	 output = 51
sensor = 183	 output = 45
sensor = 185	 output = 46
sensor = 193	 output = 48
sensor = 204	 output = 50
sensor = 230	 output = 57
sensor = 268	 output = 66
sensor = 293	 output = 73
sensor = 222	 output = 55
sensor = 181	 output = 45
sensor = 168	 output = 41
sensor = 133	 output = 33
sensor = 106	 output = 26
sensor = 101	 output = 25
sensor = 126	 output = 31
sensor = 115	 output = 28
sensor = 139	 output = 34
sensor = 157	 output = 39
sensor = 176	 output = 43
sensor = 198	 output = 49
sensor = 164	 output = 40
sensor = 162	 output = 40
sensor = 150	 output = 37
sensor = 124	 output = 30
sensor = 111	 output = 27
sensor = 157	 output = 39
sensor = 281	 output = 70
sensor = 396	 output = 98
sensor = 429	 output = 106
sensor = 409	 output = 101
sensor = 385	 output = 95
sensor = 282	 output = 70
sensor = 212	 output = 52
sensor = 180	 output = 44
sensor = 141	 output = 35
sensor = 115	 output = 28
sensor = 102	 output = 25
sensor = 91	 output = 22
sensor = 86	 output = 21
sensor = 127	 output = 31
sensor = 244	 output = 60
sensor = 445	 output = 110
sensor = 600	 output = 149
sensor = 636	 output = 158
sensor = 636	 output = 158
sensor = 636	 output = 158
sensor = 637	 output = 158
sensor = 578	 output = 144
sensor = 544	 output = 135
sensor = 515	 output = 128
sensor = 513	 output = 127
sensor = 511	 output = 127
sensor = 511	 output = 127
sensor = 498	 output = 124
sensor = 494	 output = 123
sensor = 501	 output = 124
sensor = 499	 output = 124
sensor = 490	 output = 122
sensor = 487	 output = 121
sensor = 494	 output = 123
sensor = 493	 output = 122
sensor = 483	 output = 120
sensor = 481	 output = 119
sensor = 487	 output = 121
sensor = 481	 output = 119
sensor = 463	 output = 115
sensor = 452	 output = 112
sensor = 473	 output = 117
sensor = 478	 output = 119
sensor = 475	 output = 118
sensor = 482	 output = 120
sensor = 495	 output = 123
sensor = 493	 output = 122
sensor = 483	 output = 120
sensor = 482	 output = 120
sensor = 486	 output = 121
sensor = 483	 output = 120
sensor = 475	 output = 118
sensor = 480	 output = 119
sensor = 490	 output = 122
sensor = 489	 output = 121
sensor = 482	 output = 120
sensor = 485	 output = 120
sensor = 491	 output = 122
sensor = 484	 output = 120
sensor = 474	 output = 118
sensor = 475	 output = 118
sensor = 479	 output = 119
sensor = 474	 output = 118
sensor = 465	 output = 115
sensor = 467	 output = 116
sensor = 473	 output = 117
sensor = 469	 output = 116
sensor = 462	 output = 115
sensor = 466	 output = 116
sensor = 472	 output = 117
sensor = 469	 output = 116
sensor = 463	 output = 115
sensor = 467	 output = 116
sensor = 474	 output = 118
sensor = 468	 output = 116
sensor = 460	 output = 114
sensor = 462	 output = 115
sensor = 464	 output = 115
sensor = 457	 output = 113
sensor = 452	 output = 112
sensor = 460	 output = 114
sensor = 467	 output = 116
sensor = 462	 output = 115
sensor = 457	 output = 113
sensor = 442	 output = 110
sensor = 379	 output = 94
sensor = 347	 output = 86
sensor = 345	 output = 85
sensor = 390	 output = 97
sensor = 391	 output = 97
sensor = 388	 output = 96
sensor = 395	 output = 98
sensor = 399	 output = 99
sensor = 393	 output = 97
sensor = 396	 output = 98
sensor = 396	 output = 98
sensor = 386	 output = 96
sensor = 389	 output = 96
sensor = 396	 output = 98
sensor = 390	 output = 97
sensor = 391	 output = 97
sensor = 395	 output = 98
sensor = 392	 output = 97
sensor = 392	 output = 97
sensor = 401	 output = 99
sensor = 399	 output = 99
sensor = 394	 output = 98
sensor = 399	 output = 99
sensor = 396	 output = 98
sensor = 387	 output = 96
sensor = 392	 output = 97
sensor = 396	 output = 98
sensor = 390	 output = 97
sensor = 393	 output = 97
sensor = 396	 output = 98
sensor = 390	 output = 97
sensor = 390	 output = 97
sensor = 394	 output = 98
sensor = 387	 output = 96
sensor = 384	 output = 95
sensor = 390	 output = 97
sensor = 386	 output = 96
sensor = 382	 output = 95
sensor = 387	 output = 96
sensor = 384	 output = 95
sensor = 378	 output = 94
sensor = 385	 output = 95
sensor = 385	 output = 95
sensor = 380	 output = 94
sensor = 384	 output = 95
sensor = 389	 output = 96
sensor = 385	 output = 95
sensor = 390	 output = 97
sensor = 395	 output = 98
sensor = 388	 output = 96
sensor = 387	 output = 96
sensor = 393	 output = 97
sensor = 388	 output = 96
sensor = 385	 output = 95
sensor = 390	 output = 97
sensor = 399	 output = 99
sensor = 54	 output = 13
sensor = 54	 output = 13
sensor = 55	 output = 13
sensor = 54	 output = 13
sensor = 56	 output = 13
sensor = 56	 output = 13
sensor = 59	 output = 14
sensor = 62	 output = 15
sensor = 66	 output = 16
sensor = 75	 output = 18
sensor = 75	 output = 18
sensor = 79	 output = 19
sensor = 90	 output = 22
sensor = 104	 output = 25
sensor = 114	 output = 28
sensor = 111	 output = 27
sensor = 110	 output = 27
sensor = 116	 output = 28
sensor = 112	 output = 27
sensor = 102	 output = 25
sensor = 93	 output = 23
sensor = 97	 output = 24
sensor = 108	 output = 26
sensor = 97	 output = 24
sensor = 101	 output = 25
sensor = 123	 output = 30
sensor = 113	 output = 28
sensor = 108	 output = 26
sensor = 103	 output = 25
sensor = 108	 output = 26
sensor = 115	 output = 28
sensor = 114	 output = 28
sensor = 101	 output = 25
sensor = 104	 output = 25
sensor = 106	 output = 26
sensor = 95	 output = 23
sensor = 93	 output = 23
sensor = 93	 output = 23
sensor = 90	 output = 22
sensor = 108	 output = 26
sensor = 135	 output = 33
sensor = 122	 output = 30
sensor = 106	 output = 26
sensor = 110	 output = 27
sensor = 120	 output = 29
sensor = 108	 output = 26
sensor = 100	 output = 24
sensor = 98	 output = 24
sensor = 89	 output = 22
sensor = 108	 output = 26
sensor = 114	 output = 28
sensor = 109	 output = 27
sensor = 137	 output = 34
sensor = 128	 output = 31
sensor = 107	 output = 26
sensor = 104	 output = 25
sensor = 117	 output = 29
sensor = 107	 output = 26
sensor = 106	 output = 26
sensor = 94	 output = 23
sensor = 108	 output = 26
sensor = 105	 output = 26
sensor = 95	 output = 23
sensor = 94	 output = 23
sensor = 87	 output = 21
sensor = 92	 output = 22
sensor = 90	 output = 22
sensor = 82	 output = 20
sensor = 76	 output = 18
sensor = 68	 output = 16
sensor = 69	 output = 17
sensor = 65	 output = 16
sensor = 61	 output = 15
sensor = 61	 output = 15
sensor = 59	 output = 14
sensor = 57	 output = 14
sensor = 58	 output = 14
sensor = 56	 output = 13
sensor = 57	 output = 14
sensor = 56	 output = 13
sensor = 57	 output = 14
sensor = 56	 output = 13
sensor = 56	 output = 13
sensor = 56	 output = 13
sensor = 57	 output = 14
sensor = 56	 output = 13
sensor = 57	 output = 14
sensor = 58	 output = 14
sensor = 57	 output = 14
sensor = 57	 output = 14
sensor = 56	 output = 13
sensor = 56	 output = 13
sensor = 57	 output = 14
sensor = 56	 output = 13
sensor = 52	 output = 12
sensor = 52	 output = 12
sensor = 51	 output = 12
sensor = 48	 output = 11
sensor = 50	 output = 12
sensor = 52	 output = 12
sensor = 53	 output = 13
sensor = 54	 output = 13
sensor = 55	 output = 13
sensor = 55	 output = 13
sensor = 56	 output = 13
sensor = 56	 output = 13
sensor = 55	 output = 13
sensor = 55	 output = 13
sensor = 54	 output = 13
sensor = 55	 output = 13
sensor = 61	 output = 15
sensor = 75	 output = 18
sensor = 109	 output = 27
sensor = 148	 output = 36
sensor = 171	 output = 42
sensor = 177	 output = 44
sensor = 175	 output = 43
sensor = 167	 output = 41
sensor = 158	 output = 39
sensor = 144	 output = 35
sensor = 136	 output = 33
sensor = 126	 output = 31
sensor = 116	 output = 28
sensor = 107	 output = 26
sensor = 98	 output = 24
sensor = 84	 output = 20
sensor = 77	 output = 19
sensor = 68	 output = 16
sensor = 61	 output = 15
sensor = 61	 output = 15
sensor = 56	 output = 13
sensor = 54	 output = 13
sensor = 55	 output = 13
sensor = 51	 output = 12
sensor = 57	 output = 14
sensor = 61	 output = 15
sensor = 63	 output = 15
sensor = 63	 output = 15
sensor = 62	 output = 15
sensor = 60	 output = 14
sensor = 58	 output = 14
sensor = 55	 output = 13
sensor = 52	 output = 12
sensor = 53	 output = 13
sensor = 53	 output = 13
sensor = 51	 output = 12
sensor = 51	 output = 12
sensor = 53	 output = 13
sensor = 50	 output = 12
sensor = 50	 output = 12
sensor = 53	 output = 13
sensor = 54	 output = 13
sensor = 54	 output = 13
sensor = 55	 output = 13
sensor = 56	 output = 13
sensor = 56	 output = 13
sensor = 55	 output = 13
sensor = 56	 output = 13
sensor = 55	 output = 13
sensor = 56	 output = 13
sensor = 57	 output = 14
sensor = 58	 output = 14
sensor = 58	 output = 14
sensor = 58	 output = 14
sensor = 57	 output = 14
sensor = 57	 output = 14
sensor = 58	 output = 14
sensor = 57	 output = 14
sensor = 58	 output = 14
sensor = 57	 output = 14
sensor = 57	 output = 14
sensor = 57	 output = 14
sensor = 57	 output = 14
sensor = 57	 output = 14
sensor = 58	 output = 14
sensor = 57	 output = 14
sensor = 57	 output = 14
sensor = 57	 output = 14
sensor = 58	 output = 14
sensor = 56	 output = 13
sensor = 57	 output = 14
sensor = 56	 output = 13
sensor = 58	 output = 14
sensor = 56	 output = 13
sensor = 58	 output = 14
sensor = 57	 output = 14
sensor = 57	 output = 14
sensor = 57	 output = 14
sensor = 56	 output = 13
sensor = 57	 output = 14
sensor = 56	 output = 13
sensor = 57	 output = 14
sensor = 57	 output = 14
sensor = 56	 output = 13
sensor = 57	 output = 14
sensor = 58	 output = 14
sensor = 57	 output = 14
sensor = 57	 output = 14
sensor = 57	 output = 14
sensor = 56	 output = 13
sensor = 56	 output = 13
sensor = 56	 output = 13
sensor = 57	 output = 14
sensor = 56	 output = 13
sensor = 57	 output = 14
sensor = 58	 output = 14
sensor = 57	 output = 14
sensor = 57	 output = 14
sensor = 57	 output = 14
sensor = 58	 output = 14
sensor = 57	 output = 14
sensor = 59	 output = 14
sensor = 59	 output = 14
sensor = 56	 output = 13
sensor = 63	 output = 15
sensor = 67	 output = 16
sensor = 69	 output = 17
sensor = 68	 output = 16
sensor = 65	 output = 16
sensor = 63	 output = 15
sensor = 60	 output = 14
sensor = 57	 output = 14
sensor = 55	 output = 13
sensor = 55	 output = 13
sensor = 56	 output = 13
sensor = 55	 output = 13
sensor = 56	 output = 13
sensor = 56	 output = 13
sensor = 56	 output = 13
sensor = 58	 output = 14
sensor = 57	 output = 14
sensor = 57	 output = 14
sensor = 58	 output = 14
sensor = 58	 output = 14
sensor = 58	 output = 14
sensor = 54	 output = 13
sensor = 52	 output = 12
sensor = 52	 output = 12
sensor = 54	 output = 13
sensor = 56	 output = 13
sensor = 54	 output = 13
sensor = 55	 output = 13
sensor = 56	 output = 13
sensor = 53	 output = 13
sensor = 52	 output = 12
sensor = 50	 output = 12
sensor = 48	 output = 11
sensor = 47	 output = 11
sensor = 47	 output = 11
sensor = 46	 output = 11
sensor = 47	 output = 11
sensor = 47	 output = 11
sensor = 46	 output = 11
sensor = 49	 output = 12
sensor = 50	 output = 12
sensor = 50	 output = 12
sensor = 50	 output = 12
sensor = 66	 output = 16
sensor = 95	 output = 23
sensor = 136	 output = 33
sensor = 195	 output = 48
sensor = 240	 output = 59
sensor = 253	 output = 63
sensor = 257	 output = 64
sensor = 250	 output = 62
sensor = 241	 output = 60
sensor = 233	 output = 58
sensor = 223	 output = 55
sensor = 212	 output = 52
sensor = 202	 output = 50
sensor = 187	 output = 46
sensor = 173	 output = 43
sensor = 159	 output = 39
sensor = 146	 output = 36
sensor = 143	 output = 35
sensor = 158	 output = 39
sensor = 164	 output = 40
sensor = 158	 output = 39
sensor = 170	 output = 42
sensor = 180	 output = 44
sensor = 172	 output = 42
sensor = 179	 output = 44
sensor = 192	 output = 47
sensor = 185	 output = 46
sensor = 189	 output = 47
sensor = 205	 output = 51
sensor = 202	 output = 50
sensor = 204	 output = 50
sensor = 223	 output = 55
sensor = 226	 output = 56
sensor = 226	 output = 56
sensor = 243	 output = 60
sensor = 250	 output = 62
sensor = 246	 output = 61
sensor = 260	 output = 64
sensor = 272	 output = 67
sensor = 265	 output = 66
sensor = 275	 output = 68
sensor = 288	 output = 71
sensor = 280	 output = 69
sensor = 285	 output = 71
sensor = 298	 output = 74
sensor = 289	 output = 72
sensor = 287	 output = 71
sensor = 300	 output = 74
sensor = 298	 output = 74
sensor = 293	 output = 73
sensor = 308	 output = 76
sensor = 309	 output = 77
sensor = 303	 output = 75
sensor = 317	 output = 79
sensor = 324	 output = 80
sensor = 317	 output = 79
sensor = 327	 output = 81
sensor = 338	 output = 84
sensor = 329	 output = 82
sensor = 335	 output = 83
sensor = 346	 output = 86
sensor = 340	 output = 84
sensor = 343	 output = 85
sensor = 362	 output = 90
sensor = 355	 output = 88
sensor = 345	 output = 85
sensor = 363	 output = 90
sensor = 372	 output = 92
sensor = 373	 output = 92
sensor = 398	 output = 99
sensor = 398	 output = 99
sensor = 377	 output = 93
sensor = 366	 output = 91
sensor = 336	 output = 83
sensor = 319	 output = 79
sensor = 315	 output = 78
sensor = 315	 output = 78
sensor = 297	 output = 74
sensor = 274	 output = 68
sensor = 282	 output = 70
sensor = 297	 output = 74
sensor = 295	 output = 73
sensor = 287	 output = 71
sensor = 269	 output = 67
sensor = 254	 output = 63
sensor = 236	 output = 58
sensor = 192	 output = 47
sensor = 144	 output = 35
sensor = 140	 output = 34
sensor = 155	 output = 38
sensor = 158	 output = 39
sensor = 160	 output = 39
sensor = 162	 output = 40
sensor = 149	 output = 37
sensor = 144	 output = 35
sensor = 144	 output = 35
sensor = 131	 output = 32
sensor = 129	 output = 32
sensor = 141	 output = 35
sensor = 144	 output = 35
sensor = 147	 output = 36
sensor = 170	 output = 42
sensor = 171	 output = 42
sensor = 158	 output = 39
sensor = 156	 output = 38
sensor = 147	 output = 36
sensor = 132	 output = 32
sensor = 134	 output = 33
sensor = 137	 output = 34
sensor = 125	 output = 31
sensor = 134	 output = 33
sensor = 148	 output = 36
sensor = 142	 output = 35
sensor = 148	 output = 36
sensor = 165	 output = 41
sensor = 165	 output = 41
sensor = 168	 output = 41
sensor = 180	 output = 44
sensor = 178	 output = 44
sensor = 173	 output = 43
sensor = 178	 output = 44
sensor = 167	 output = 41
sensor = 148	 output = 36
sensor = 145	 output = 36
sensor = 143	 output = 35
sensor = 126	 output = 31
sensor = 113	 output = 28
sensor = 111	 output = 27
sensor = 109	 output = 27
sensor = 115	 output = 28
sensor = 134	 output = 33
sensor = 135	 output = 33
sensor = 142	 output = 35
sensor = 131	 output = 32
sensor = 93	 output = 23
sensor = 80	 output = 19
sensor = 93	 output = 23
sensor = 117	 output = 29
sensor = 636	 output = 158
sensor = 636	 output = 158
sensor = 636	 output = 158
sensor = 638	 output = 159
sensor = 524	 output = 130
sensor = 387	 output = 96
sensor = 284	 output = 70
sensor = 208	 output = 51
sensor = 156	 output = 38
sensor = 123	 output = 30
sensor = 101	 output = 25
sensor = 87	 output = 21
sensor = 77	 output = 19
sensor = 66	 output = 16
sensor = 66	 output = 16
sensor = 68	 output = 16
sensor = 75	 output = 18
sensor = 90	 output = 22
sensor = 99	 output = 24
sensor = 104	 output = 25
sensor = 101	 output = 25
sensor = 112	 output = 27
sensor = 119	 output = 29
sensor = 130	 output = 32
sensor = 143	 output = 35
sensor = 151	 output = 37
sensor = 160	 output = 39
sensor = 163	 output = 40
sensor = 163	 output = 40
sensor = 158	 output = 39
sensor = 147	 output = 36
sensor = 138	 output = 34
sensor = 131	 output = 32
sensor = 129	 output = 32
sensor = 132	 output = 32
sensor = 131	 output = 32
sensor = 131	 output = 32
sensor = 128	 output = 31
sensor = 139	 output = 34
sensor = 148	 output = 36
sensor = 151	 output = 37
sensor = 157	 output = 39
sensor = 170	 output = 42
sensor = 173	 output = 43
sensor = 161	 output = 40
sensor = 161	 output = 40
sensor = 150	 output = 37
sensor = 141	 output = 35
sensor = 171	 output = 42
sensor = 141	 output = 35
sensor = 107	 output = 26
sensor = 90	 output = 22
sensor = 79	 output = 19
sensor = 73	 output = 18
sensor = 66	 output = 16
sensor = 61	 output = 15
sensor = 63	 output = 15
sensor = 69	 output = 17
sensor = 78	 output = 19
sensor = 85	 output = 21
sensor = 90	 output = 22
sensor = 90	 output = 22
sensor = 85	 output = 21
sensor = 81	 output = 20
sensor = 70	 output = 17
sensor = 65	 output = 16
sensor = 64	 output = 15
sensor = 62	 output = 15
sensor = 60	 output = 14
sensor = 58	 output = 14
sensor = 57	 output = 14
sensor = 57	 output = 14
sensor = 57	 output = 14
sensor = 56	 output = 13
sensor = 56	 output = 13
sensor = 56	 output = 13
sensor = 57	 output = 14
sensor = 57	 output = 14
sensor = 52	 output = 12
sensor = 53	 output = 13
sensor = 58	 output = 14
sensor = 65	 output = 16
sensor = 70	 output = 17
sensor = 106	 output = 26
sensor = 144	 output = 35
sensor = 180	 output = 44
sensor = 204	 output = 50
sensor = 224	 output = 55
sensor = 240	 output = 59
sensor = 246	 output = 61
sensor = 182	 output = 45
sensor = 139	 output = 34
sensor = 111	 output = 27
sensor = 95	 output = 23
sensor = 98	 output = 24
sensor = 124	 output = 30
sensor = 248	 output = 61
sensor = 370	 output = 92
sensor = 342	 output = 85
sensor = 267	 output = 66
sensor = 194	 output = 48
sensor = 150	 output = 37
sensor = 146	 output = 36
sensor = 114	 output = 28
sensor = 94	 output = 23
sensor = 82	 output = 20
sensor = 72	 output = 17
sensor = 64	 output = 15
sensor = 66	 output = 16
sensor = 72	 output = 17
sensor = 81	 output = 20
sensor = 86	 output = 21
sensor = 62	 output = 15
sensor = 63	 output = 15
sensor = 49	 output = 12
sensor = 43	 output = 10
sensor = 56	 output = 13
sensor = 61	 output = 15
sensor = 71	 output = 17
sensor = 72	 output = 17
sensor = 80	 output = 19
sensor = 97	 output = 24
sensor = 96	 output = 23
sensor = 98	 output = 24
sensor = 105	 output = 26
sensor = 105	 output = 26
sensor = 105	 output = 26
sensor = 105	 output = 26
sensor = 96	 output = 23
sensor = 95	 output = 23
sensor = 96	 output = 23
sensor = 93	 output = 23
sensor = 223	 output = 55
sensor = 219	 output = 54
sensor = 214	 output = 53
sensor = 193	 output = 48
sensor = 152	 output = 37
sensor = 118	 output = 29
sensor = 102	 output = 25
sensor = 101	 output = 25
sensor = 107	 output = 26
sensor = 113	 output = 28
sensor = 115	 output = 28
sensor = 117	 output = 29
sensor = 118	 output = 29
sensor = 130	 output = 32
sensor = 143	 output = 35
sensor = 159	 output = 39
sensor = 168	 output = 41
sensor = 172	 output = 42
sensor = 177	 output = 44
sensor = 178	 output = 44
sensor = 181	 output = 45
sensor = 189	 output = 47
sensor = 194	 output = 48
sensor = 201	 output = 50
sensor = 221	 output = 55
sensor = 247	 output = 61
sensor = 278	 output = 69
sensor = 310	 output = 77
sensor = 311	 output = 77
sensor = 256	 output = 63
sensor = 216	 output = 53
sensor = 186	 output = 46
sensor = 166	 output = 41
sensor = 176	 output = 43
sensor = 191	 output = 47
sensor = 200	 output = 49
sensor = 207	 output = 51
sensor = 214	 output = 53
sensor = 209	 output = 52
sensor = 196	 output = 48
sensor = 190	 output = 47
sensor = 190	 output = 47
sensor = 176	 output = 43
sensor = 144	 output = 35
sensor = 115	 output = 28
sensor = 95	 output = 23
sensor = 107	 output = 26
sensor = 105	 output = 26
sensor = 99	 output = 24
sensor = 108	 output = 26
sensor = 100	 output = 24
sensor = 102	 output = 25
sensor = 102	 output = 25
sensor = 108	 output = 26
sensor = 124	 output = 30
sensor = 125	 output = 31
sensor = 118	 output = 29
sensor = 129	 output = 32
sensor = 135	 output = 33
sensor = 142	 output = 35
sensor = 155	 output = 38
sensor = 161	 output = 40
sensor = 152	 output = 37
sensor = 157	 output = 39
sensor = 165	 output = 41
sensor = 164	 output = 40
sensor = 164	 output = 40
sensor = 161	 output = 40
sensor = 158	 output = 39
sensor = 162	 output = 40
sensor = 171	 output = 42
sensor = 171	 output = 42
sensor = 170	 output = 42
sensor = 171	 output = 42
sensor = 165	 output = 41
sensor = 159	 output = 39
sensor = 166	 output = 41
sensor = 171	 output = 42
sensor = 173	 output = 43
sensor = 181	 output = 45
sensor = 186	 output = 46
sensor = 183	 output = 45
sensor = 189	 output = 47
sensor = 203	 output = 50
sensor = 211	 output = 52
sensor = 219	 output = 54
sensor = 222	 output = 55
sensor = 216	 output = 53
sensor = 213	 output = 53
sensor = 217	 output = 54
sensor = 221	 output = 55
sensor = 227	 output = 56
sensor = 240	 output = 59
sensor = 251	 output = 62
sensor = 257	 output = 64
sensor = 268	 output = 66
sensor = 270	 output = 67
sensor = 275	 output = 68
sensor = 288	 output = 71
sensor = 294	 output = 73
sensor = 288	 output = 71
sensor = 282	 output = 70
sensor = 269	 output = 67
sensor = 250	 output = 62
sensor = 234	 output = 58
sensor = 221	 output = 55
sensor = 213	 output = 53
sensor = 212	 output = 52
sensor = 219	 output = 54
sensor = 222	 output = 55
sensor = 226	 output = 56
sensor = 234	 output = 58
sensor = 222	 output = 55
sensor = 214	 output = 53
sensor = 211	 output = 52
sensor = 202	 output = 50
sensor = 194	 output = 48
sensor = 189	 output = 47
sensor = 193	 output = 48
sensor = 191	 output = 47
sensor = 192	 output = 47
sensor = 191	 output = 47
sensor = 191	 output = 47
sensor = 192	 output = 47
sensor = 197	 output = 49
sensor = 195	 output = 48
sensor = 193	 output = 48
sensor = 197	 output = 49
sensor = 198	 output = 49
sensor = 198	 output = 49
sensor = 202	 output = 50
sensor = 203	 output = 50
sensor = 201	 output = 50
sensor = 204	 output = 50
sensor = 198	 output = 49
sensor = 192	 output = 47
sensor = 190	 output = 47
sensor = 189	 output = 47
sensor = 194	 output = 48
sensor = 192	 output = 47
sensor = 191	 output = 47
sensor = 171	 output = 42
sensor = 56	 output = 13
sensor = 14	 output = 3
sensor = 3	 output = 0
sensor = 11	 output = 2
sensor = 0	 output = 0
sensor = 0	 output = 0
sensor = 0	 output = 0
sensor = 7	 output = 1
sensor = 8	 output = 1
sensor = 17	 output = 4
sensor = 22	 output = 5
sensor = 27	 output = 6
sensor = 33	 output = 8
sensor = 34	 output = 8
sensor = 31	 output = 7
sensor = 22	 output = 5
sensor = 31	 output = 7
sensor = 33	 output = 8
sensor = 40	 output = 9
sensor = 40	 output = 9
sensor = 89	 output = 22
sensor = 132	 output = 32
sensor = 165	 output = 41
sensor = 182	 output = 45
sensor = 207	 output = 51
sensor = 233	 output = 58
sensor = 271	 output = 67
sensor = 316	 output = 78
sensor = 375	 output = 93
sensor = 432	 output = 107
sensor = 475	 output = 118
sensor = 472	 output = 117
sensor = 448	 output = 111
sensor = 443	 output = 110
sensor = 413	 output = 102
sensor = 383	 output = 95
sensor = 345	 output = 85
sensor = 251	 output = 62
sensor = 193	 output = 48
sensor = 149	 output = 37
sensor = 113	 output = 28
sensor = 95	 output = 23
sensor = 82	 output = 20
sensor = 74	 output = 18
sensor = 67	 output = 16
sensor = 61	 output = 15
sensor = 79	 output = 19
sensor = 152	 output = 37
sensor = 334	 output = 83
sensor = 467	 output = 116
sensor = 564	 output = 140
sensor = 638	 output = 159
sensor = 637	 output = 158
sensor = 638	 output = 159
sensor = 638	 output = 159
sensor = 637	 output = 158
sensor = 638	 output = 159
sensor = 637	 output = 158
sensor = 637	 output = 158
sensor = 638	 output = 159
sensor = 637	 output = 158
sensor = 638	 output = 159
sensor = 638	 output = 159
sensor = 638	 output = 159
sensor = 638	 output = 159
sensor = 638	 output = 159
sensor = 630	 output = 157
sensor = 540	 output = 134
sensor = 467	 output = 116
sensor = 420	 output = 104
sensor = 404	 output = 100
sensor = 383	 output = 95
sensor = 355	 output = 88
sensor = 315	 output = 78
sensor = 268	 output = 66
sensor = 211	 output = 52
sensor = 158	 output = 39
sensor = 127	 output = 31
sensor = 131	 output = 32
sensor = 169	 output = 42
sensor = 214	 output = 53
sensor = 281	 output = 70
sensor = 306	 output = 76
sensor = 304	 output = 75
sensor = 230	 output = 57
sensor = 180	 output = 44
sensor = 161	 output = 40
sensor = 194	 output = 48
sensor = 247	 output = 61
sensor = 329	 output = 82
sensor = 396	 output = 98
sensor = 444	 output = 110
sensor = 485	 output = 120
sensor = 485	 output = 120
sensor = 357	 output = 88
sensor = 251	 output = 62
sensor = 185	 output = 46
sensor = 142	 output = 35
sensor = 114	 output = 28
sensor = 105	 output = 26
sensor = 90	 output = 22
sensor = 125	 output = 31
sensor = 263	 output = 65
sensor = 474	 output = 118
sensor = 638	 output = 159
sensor = 637	 output = 158
sensor = 638	 output = 159
sensor = 638	 output = 159
sensor = 638	 output = 159
sensor = 639	 output = 159
sensor = 637	 output = 158
sensor = 637	 output = 158
sensor = 637	 output = 158
sensor = 637	 output = 158
sensor = 638	 output = 159
sensor = 638	 output = 159
sensor = 638	 output = 159
sensor = 638	 output = 159
sensor = 637	 output = 158
sensor = 638	 output = 159
sensor = 638	 output = 159
sensor = 638	 output = 159
sensor = 637	 output = 158
sensor = 638	 output = 159
sensor = 638	 output = 159
sensor = 637	 output = 158
sensor = 637	 output = 158
sensor = 637	 output = 158
sensor = 638	 output = 159
sensor = 638	 output = 159
sensor = 637	 output = 158
sensor = 638	 output = 159
sensor = 637	 output = 158
sensor = 625	 output = 155
sensor = 602	 output = 150
sensor = 574	 output = 143
sensor = 544	 output = 135
sensor = 513	 output = 127
sensor = 484	 output = 120
sensor = 455	 output = 113
sensor = 428	 output = 106
sensor = 402	 output = 100
sensor = 378	 output = 94
sensor = 355	 output = 88
sensor = 333	 output = 83
sensor = 312	 output = 77
sensor = 292	 output = 72
sensor = 272	 output = 67
sensor = 255	 output = 63
sensor = 239	 output = 59
sensor = 223	 output = 55
sensor = 208	 output = 51
sensor = 195	 output = 48
sensor = 182	 output = 45
sensor = 172	 output = 42
sensor = 160	 output = 39
sensor = 150	 output = 37
sensor = 141	 output = 35
sensor = 132	 output = 32
sensor = 125	 output = 31
sensor = 118	 output = 29
sensor = 110	 output = 27
sensor = 105	 output = 26
sensor = 99	 output = 24
sensor = 93	 output = 23
sensor = 88	 output = 21
sensor = 84	 output = 20
sensor = 80	 output = 19
sensor = 75	 output = 18
sensor = 73	 output = 18
sensor = 70	 output = 17
sensor = 67	 output = 16
sensor = 63	 output = 15
sensor = 61	 output = 15
sensor = 58	 output = 14
sensor = 56	 output = 13
sensor = 54	 output = 13
sensor = 52	 output = 12
sensor = 49	 output = 12
sensor = 48	 output = 11
sensor = 46	 output = 11
sensor = 44	 output = 10
sensor = 43	 output = 10
sensor = 41	 output = 10
sensor = 42	 output = 10
sensor = 44	 output = 10
sensor = 45	 output = 11
sensor = 42	 output = 10
sensor = 42	 output = 10
sensor = 40	 output = 9
sensor = 42	 output = 10
sensor = 46	 output = 11
sensor = 50	 output = 12
sensor = 52	 output = 12
sensor = 53	 output = 13
sensor = 55	 output = 13
sensor = 55	 output = 13
sensor = 56	 output = 13
sensor = 58	 output = 14
sensor = 57	 output = 14
sensor = 57	 output = 14
sensor = 57	 output = 14
sensor = 56	 output = 13
sensor = 57	 output = 14
sensor = 58	 output = 14
sensor = 56	 output = 13
sensor = 56	 output = 13
sensor = 58	 output = 14
sensor = 57	 output = 14
sensor = 56	 output = 13
sensor = 58	 output = 14
sensor = 57	 output = 14
sensor = 57	 output = 14
sensor = 57	 output = 14
sensor = 57	 output = 14
sensor = 55	 output = 13
sensor = 58	 output = 14
sensor = 58	 output = 14
sensor = 58	 output = 14
sensor = 57	 output = 14
sensor = 57	 output = 14
sensor = 59	 output = 14
sensor = 58	 output = 14
sensor = 57	 output = 14
sensor = 57	 output = 14
sensor = 58	 output = 14
sensor = 57	 output = 14
sensor = 57	 output = 14
sensor = 57	 output = 14
sensor = 56	 output = 13
sensor = 57	 output = 14
sensor = 57	 output = 14
sensor = 57	 output = 14
sensor = 57	 output = 14
sensor = 57	 output = 14
sensor = 57	 output = 14
sensor = 58	 output = 14
sensor = 57	 output = 14
sensor = 57	 output = 14
sensor = 58	 output = 14
sensor = 57	 output = 14
sensor = 59	 output = 14
sensor = 57	 output = 14
sensor = 58	 output = 14
sensor = 57	 output = 14
sensor = 58	 output = 14
sensor = 56	 output = 13
sensor = 57	 output = 14
sensor = 57	 output = 14
sensor = 57	 output = 14
sensor = 58	 output = 14
sensor = 58	 output = 14
sensor = 57	 output = 14
sensor = 57	 output = 14
sensor = 57	 output = 14
sensor = 57	 output = 14
sensor = 57	 output = 14
sensor = 57	 output = 14
sensor = 57	 output = 14
sensor = 57	 output = 14
sensor = 57	 output = 14
sensor = 57	 output = 14
sensor = 57	 output = 14
sensor = 56	 output = 13
sensor = 57	 output = 14
sensor = 57	 output = 14
sensor = 58	 output = 14
sensor = 57	 output = 14
sensor = 57	 output = 14
sensor = 58	 output = 14
sensor = 57	 output = 14
sensor = 57	 output = 14
sensor = 57	 output = 14
sensor = 58	 output = 14
sensor = 57	 output = 14
sensor = 57	 output = 14
sensor = 57	 output = 14
sensor = 58	 output = 14
sensor = 58	 output = 14
sensor = 58	 output = 14
sensor = 58	 output = 14
sensor = 57	 output = 14
sensor = 57	 output = 14
sensor = 56	 output = 13
sensor = 57	 output = 14
sensor = 58	 output = 14
sensor = 57	 output = 14
sensor = 57	 output = 14
sensor = 57	 output = 14
sensor = 59	 output = 14
sensor = 58	 output = 14
sensor = 57	 output = 14
sensor = 58	 output = 14
sensor = 57	 output = 14
sensor = 57	 output = 14
sensor = 58	 output = 14
sensor = 57	 output = 14
sensor = 57	 output = 14
sensor = 57	 output = 14
sensor = 57	 output = 14
sensor = 57	 output = 14
sensor = 57	 output = 14
sensor = 57	 output = 14
sensor = 58	 output = 14
sensor = 57	 output = 14
sensor = 57	 output = 14
sensor = 57	 output = 14
sensor = 58	 output = 14
sensor = 57	 output = 14
sensor = 57	 output = 14
sensor = 57	 output = 14
sensor = 56	 output = 13
sensor = 57	 output = 14
sensor = 57	 output = 14
sensor = 57	 output = 14
sensor = 57	 output = 14
sensor = 59	 output = 14
sensor = 58	 output = 14
sensor = 73	 output = 18
sensor = 66	 output = 16
sensor = 73	 output = 18
sensor = 80	 output = 19
sensor = 86	 output = 21
sensor = 102	 output = 25
sensor = 107	 output = 26
sensor = 106	 output = 26
sensor = 116	 output = 28
sensor = 115	 output = 28
sensor = 111	 output = 27
sensor = 116	 output = 28
sensor = 121	 output = 30
sensor = 118	 output = 29
sensor = 124	 output = 30
sensor = 129	 output = 32
sensor = 123	 output = 30
sensor = 124	 output = 30
sensor = 131	 output = 32
sensor = 126	 output = 31
sensor = 127	 output = 31
sensor = 134	 output = 33
sensor = 130	 output = 32
sensor = 130	 output = 32
sensor = 140	 output = 34
sensor = 137	 output = 34
sensor = 134	 output = 33
sensor = 145	 output = 36
sensor = 146	 output = 36
sensor = 141	 output = 35
sensor = 151	 output = 37
sensor = 156	 output = 38
sensor = 152	 output = 37
sensor = 156	 output = 38
sensor = 159	 output = 39
sensor = 153	 output = 38
sensor = 157	 output = 39
sensor = 161	 output = 40
sensor = 159	 output = 39
sensor = 160	 output = 39
sensor = 167	 output = 41
sensor = 165	 output = 41
sensor = 161	 output = 40
sensor = 169	 output = 42
sensor = 168	 output = 41
sensor = 163	 output = 40
sensor = 170	 output = 42
sensor = 172	 output = 42
sensor = 170	 output = 42
sensor = 175	 output = 43
sensor = 178	 output = 44
sensor = 171	 output = 42
sensor = 173	 output = 43
sensor = 177	 output = 44
sensor = 173	 output = 43
sensor = 175	 output = 43
sensor = 181	 output = 45
sensor = 178	 output = 44
sensor = 178	 output = 44
sensor = 185	 output = 46
sensor = 181	 output = 45
sensor = 178	 output = 44
sensor = 184	 output = 45
sensor = 183	 output = 45
sensor = 180	 output = 44
sensor = 186	 output = 46
sensor = 189	 output = 47
sensor = 183	 output = 45
sensor = 186	 output = 46
sensor = 188	 output = 46
sensor = 183	 output = 45
sensor = 185	 output = 46
sensor = 190	 output = 47
sensor = 186	 output = 46
sensor = 185	 output = 46
sensor = 192	 output = 47
sensor = 190	 output = 47
sensor = 188	 output = 46
sensor = 194	 output = 48
sensor = 193	 output = 48
sensor = 191	 output = 47
sensor = 198	 output = 49
sensor = 200	 output = 49
sensor = 196	 output = 48
sensor = 200	 output = 49
sensor = 205	 output = 51
sensor = 199	 output = 49
sensor = 201	 output = 50
sensor = 207	 output = 51
sensor = 202	 output = 50
sensor = 205	 output = 51
sensor = 211	 output = 52
sensor = 208	 output = 51
sensor = 206	 output = 51
sensor = 212	 output = 52
sensor = 211	 output = 52
sensor = 209	 output = 52
sensor = 215	 output = 53
sensor = 217	 output = 54
sensor = 212	 output = 52
sensor = 220	 output = 54
sensor = 223	 output = 55
sensor = 218	 output = 54
sensor = 223	 output = 55
sensor = 227	 output = 56
sensor = 222	 output = 55
sensor = 224	 output = 55
sensor = 231	 output = 57
sensor = 227	 output = 56
sensor = 226	 output = 56
sensor = 232	 output = 57
sensor = 229	 output = 57
sensor = 226	 output = 56
sensor = 233	 output = 58
sensor = 232	 output = 57
sensor = 226	 output = 56
sensor = 231	 output = 57
sensor = 232	 output = 57
sensor = 224	 output = 55
sensor = 226	 output = 56
sensor = 226	 output = 56
sensor = 218	 output = 54
sensor = 217	 output = 54
sensor = 220	 output = 54
sensor = 213	 output = 53
sensor = 210	 output = 52
sensor = 195	 output = 48
sensor = 149	 output = 37
sensor = 146	 output = 36
sensor = 149	 output = 37
sensor = 117	 output = 29
sensor = 117	 output = 29
sensor = 127	 output = 31
sensor = 133	 output = 33
sensor = 133	 output = 33
sensor = 141	 output = 35
sensor = 147	 output = 36
sensor = 144	 output = 35
sensor = 150	 output = 37
sensor = 157	 output = 39
sensor = 152	 output = 37
sensor = 152	 output = 37
sensor = 158	 output = 39
sensor = 153	 output = 38
sensor = 152	 output = 37
sensor = 160	 output = 39
sensor = 159	 output = 39
sensor = 157	 output = 39
sensor = 165	 output = 41
sensor = 168	 output = 41
sensor = 165	 output = 41
sensor = 172	 output = 42
sensor = 177	 output = 44
sensor = 173	 output = 43
sensor = 181	 output = 45
sensor = 186	 output = 46
sensor = 181	 output = 45
sensor = 185	 output = 46
sensor = 190	 output = 47
sensor = 186	 output = 46
sensor = 187	 output = 46
sensor = 194	 output = 48
sensor = 192	 output = 47
sensor = 189	 output = 47
sensor = 197	 output = 49
sensor = 197	 output = 49
sensor = 194	 output = 48
sensor = 202	 output = 50
sensor = 203	 output = 50
sensor = 199	 output = 49
sensor = 204	 output = 50
sensor = 208	 output = 51
sensor = 204	 output = 50
sensor = 207	 output = 51
sensor = 212	 output = 52
sensor = 208	 output = 51
sensor = 209	 output = 52
sensor = 216	 output = 53
sensor = 214	 output = 53
sensor = 212	 output = 52
sensor = 220	 output = 54
sensor = 218	 output = 54
sensor = 215	 output = 53
sensor = 221	 output = 55
sensor = 224	 output = 55
sensor = 219	 output = 54
sensor = 222	 output = 55
sensor = 228	 output = 56
sensor = 225	 output = 56
sensor = 229	 output = 57
sensor = 235	 output = 58
sensor = 233	 output = 58
sensor = 237	 output = 59
sensor = 249	 output = 62
sensor = 245	 output = 61
sensor = 244	 output = 60
sensor = 251	 output = 62
sensor = 249	 output = 62
sensor = 250	 output = 62
sensor = 260	 output = 64
sensor = 261	 output = 65
sensor = 259	 output = 64
sensor = 267	 output = 66
sensor = 269	 output = 67
sensor = 264	 output = 65
sensor = 267	 output = 66
sensor = 271	 output = 67
sensor = 266	 output = 66
sensor = 269	 output = 67
sensor = 276	 output = 68
sensor = 272	 output = 67
sensor = 273	 output = 68
sensor = 282	 output = 70
sensor = 280	 output = 69
sensor = 278	 output = 69
sensor = 286	 output = 71
sensor = 286	 output = 71
sensor = 282	 output = 70
sensor = 288	 output = 71
sensor = 289	 output = 72
sensor = 283	 output = 70
sensor = 288	 output = 71
sensor = 290	 output = 72
sensor = 284	 output = 70
sensor = 288	 output = 71
sensor = 292	 output = 72
sensor = 287	 output = 71
sensor = 287	 output = 71
sensor = 291	 output = 72
sensor = 287	 output = 71
sensor = 286	 output = 71
sensor = 291	 output = 72
sensor = 290	 output = 72
sensor = 286	 output = 71
sensor = 291	 output = 72
sensor = 291	 output = 72
sensor = 287	 output = 71
sensor = 292	 output = 72
sensor = 294	 output = 73
sensor = 289	 output = 72
sensor = 292	 output = 72
sensor = 295	 output = 73
sensor = 290	 output = 72
sensor = 291	 output = 72
sensor = 295	 output = 73
sensor = 292	 output = 72
sensor = 289	 output = 72
sensor = 295	 output = 73
sensor = 292	 output = 72
sensor = 290	 output = 72
sensor = 296	 output = 73
sensor = 295	 output = 73
sensor = 294	 output = 73
sensor = 299	 output = 74
sensor = 298	 output = 74
sensor = 293	 output = 73
sensor = 291	 output = 72
sensor = 289	 output = 72
sensor = 282	 output = 70
sensor = 282	 output = 70
sensor = 285	 output = 71
sensor = 278	 output = 69
sensor = 277	 output = 69
sensor = 281	 output = 70
sensor = 271	 output = 67
sensor = 222	 output = 55
sensor = 230	 output = 57
sensor = 231	 output = 57
sensor = 229	 output = 57
sensor = 227	 output = 56
sensor = 231	 output = 57
sensor = 231	 output = 57
sensor = 239	 output = 59
sensor = 249	 output = 62
sensor = 248	 output = 61
sensor = 254	 output = 63
sensor = 259	 output = 64
sensor = 252	 output = 62
sensor = 251	 output = 62
sensor = 242	 output = 60
sensor = 214	 output = 53
sensor = 216	 output = 53
sensor = 224	 output = 55
sensor = 223	 output = 55
sensor = 213	 output = 53
sensor = 218	 output = 54
sensor = 226	 output = 56
sensor = 224	 output = 55
sensor = 231	 output = 57
sensor = 235	 output = 58
sensor = 232	 output = 57
sensor = 231	 output = 57
sensor = 236	 output = 58
sensor = 238	 output = 59
sensor = 243	 output = 60
sensor = 249	 output = 62
sensor = 246	 output = 61
sensor = 246	 output = 61
sensor = 253	 output = 63
sensor = 253	 output = 63
sensor = 251	 output = 62
sensor = 259	 output = 64
sensor = 258	 output = 64
sensor = 256	 output = 63
sensor = 262	 output = 65
sensor = 263	 output = 65
sensor = 259	 output = 64
sensor = 263	 output = 65
sensor = 266	 output = 66
sensor = 261	 output = 65
sensor = 263	 output = 65
sensor = 267	 output = 66
sensor = 260	 output = 64
sensor = 261	 output = 65
sensor = 266	 output = 66
sensor = 262	 output = 65
sensor = 260	 output = 64
sensor = 268	 output = 66
sensor = 266	 output = 66
sensor = 262	 output = 65
sensor = 268	 output = 66
sensor = 269	 output = 67
sensor = 264	 output = 65
sensor = 270	 output = 67
sensor = 274	 output = 68
sensor = 271	 output = 67
sensor = 275	 output = 68
sensor = 279	 output = 69
sensor = 275	 output = 68
sensor = 278	 output = 69
sensor = 284	 output = 70
sensor = 281	 output = 70
sensor = 281	 output = 70
sensor = 288	 output = 71
sensor = 285	 output = 71
sensor = 281	 output = 70
sensor = 288	 output = 71
sensor = 287	 output = 71
sensor = 283	 output = 70
sensor = 287	 output = 71
sensor = 290	 output = 72
sensor = 284	 output = 70
sensor = 287	 output = 71
sensor = 289	 output = 72
sensor = 283	 output = 70
sensor = 285	 output = 71
sensor = 289	 output = 72
sensor = 284	 output = 70
sensor = 283	 output = 70
sensor = 289	 output = 72
sensor = 285	 output = 71
sensor = 283	 output = 70
sensor = 289	 output = 72
sensor = 287	 output = 71
sensor = 283	 output = 70
sensor = 290	 output = 72
sensor = 292	 output = 72
sensor = 288	 output = 71
sensor = 294	 output = 73
sensor = 296	 output = 73
sensor = 290	 output = 72
sensor = 293	 output = 73
sensor = 296	 output = 73
sensor = 290	 output = 72
sensor = 290	 output = 72
sensor = 297	 output = 74
sensor = 293	 output = 73
sensor = 293	 output = 73
sensor = 299	 output = 74
sensor = 295	 output = 73
sensor = 290	 output = 72
sensor = 295	 output = 73
sensor = 294	 output = 73
sensor = 287	 output = 71
sensor = 292	 output = 72
sensor = 293	 output = 73
sensor = 286	 output = 71
sensor = 289	 output = 72
sensor = 292	 output = 72
sensor = 288	 output = 71
sensor = 291	 output = 72
sensor = 298	 output = 74
sensor = 293	 output = 73
sensor = 292	 output = 72
sensor = 297	 output = 74
sensor = 294	 output = 73
sensor = 292	 output = 72
sensor = 298	 output = 74
sensor = 297	 output = 74
sensor = 293	 output = 73
sensor = 299	 output = 74
sensor = 299	 output = 74
sensor = 293	 output = 73
sensor = 298	 output = 74
sensor = 302	 output = 75
sensor = 296	 output = 73
sensor = 300	 output = 74
sensor = 304	 output = 75
sensor = 299	 output = 74
sensor = 298	 output = 74
sensor = 302	 output = 75
sensor = 299	 output = 74
sensor = 296	 output = 73
sensor = 303	 output = 75
sensor = 301	 output = 75
sensor = 297	 output = 74
sensor = 302	 output = 75
sensor = 298	 output = 74
sensor = 265	 output = 66
sensor = 267	 output = 66
sensor = 270	 output = 67
sensor = 262	 output = 65
sensor = 256	 output = 63
sensor = 259	 output = 64
sensor = 257	 output = 64
sensor = 260	 output = 64
sensor = 265	 output = 66
sensor = 263	 output = 65
sensor = 263	 output = 65
sensor = 268	 output = 66
sensor = 265	 output = 66
sensor = 259	 output = 64
sensor = 262	 output = 65
sensor = 259	 output = 64
sensor = 256	 output = 63
sensor = 262	 output = 65
sensor = 264	 output = 65
sensor = 260	 output = 64
sensor = 264	 output = 65
sensor = 269	 output = 67
sensor = 265	 output = 66
sensor = 267	 output = 66
sensor = 272	 output = 67
sensor = 269	 output = 67
sensor = 269	 output = 67
sensor = 266	 output = 66
sensor = 261	 output = 65
sensor = 259	 output = 64
sensor = 263	 output = 65
sensor = 263	 output = 65
sensor = 262	 output = 65
sensor = 266	 output = 66
sensor = 267	 output = 66
sensor = 265	 output = 66
sensor = 269	 output = 67
sensor = 270	 output = 67
sensor = 267	 output = 66
sensor = 269	 output = 67
sensor = 273	 output = 68
sensor = 269	 output = 67
sensor = 269	 output = 67
sensor = 272	 output = 67
sensor = 268	 output = 66
sensor = 265	 output = 66
sensor = 270	 output = 67
sensor = 268	 output = 66
sensor = 267	 output = 66
sensor = 272	 output = 67
sensor = 272	 output = 67
sensor = 269	 output = 67
sensor = 272	 output = 67
sensor = 272	 output = 67
sensor = 267	 output = 66
sensor = 269	 output = 67
sensor = 270	 output = 67
sensor = 266	 output = 66
sensor = 267	 output = 66
sensor = 270	 output = 67
sensor = 267	 output = 66
sensor = 268	 output = 66
sensor = 274	 output = 68
sensor = 273	 output = 68
sensor = 270	 output = 67
sensor = 275	 output = 68
sensor = 276	 output = 68
sensor = 273	 output = 68
sensor = 278	 output = 69
sensor = 278	 output = 69
sensor = 276	 output = 68
sensor = 281	 output = 70
sensor = 285	 output = 71
sensor = 282	 output = 70
sensor = 286	 output = 71
sensor = 291	 output = 72
sensor = 288	 output = 71
sensor = 288	 output = 71
sensor = 291	 output = 72
sensor = 288	 output = 71
sensor = 287	 output = 71
sensor = 290	 output 